#
# There is insufficient memory for the Java Runtime Environment to continue.
# Native memory allocation (malloc) failed to allocate 443776 bytes for Chunk::new
# Possible reasons:
#   The system is out of physical RAM or swap space
#   The process is running with CompressedOops enabled, and the Java Heap may be blocking the growth of the native heap
# Possible solutions:
#   Reduce memory load on the system
#   Increase physical memory or swap space
#   Check if swap backing store is full
#   Decrease Java heap size (-Xmx/-Xms)
#   Decrease number of Java threads
#   Decrease Java thread stack sizes (-Xss)
#   Set larger code cache with -XX:ReservedCodeCacheSize=
#   JVM is running with Unscaled Compressed Oops mode in which the Java heap is
#     placed in the first 4GB address space. The Java Heap base address is the
#     maximum limit for the native heap growth. Please use -XX:HeapBaseMinAddress
#     to set the Java Heap base and to place the Java Heap above 4GB virtual address.
# This output file may be truncated or incomplete.
#
#  Out of Memory Error (arena.cpp:184), pid=12832, tid=6052
#
# JRE version: Java(TM) SE Runtime Environment (20.0.2+9) (build 20.0.2+9-78)
# Java VM: Java HotSpot(TM) 64-Bit Server VM (20.0.2+9-78, mixed mode, sharing, tiered, compressed oops, compressed class ptrs, g1 gc, windows-amd64)
# No core dump will be written. Minidumps are not enabled by default on client versions of Windows
#

---------------  S U M M A R Y ------------

Command Line: -Dfile.encoding=UTF-8 -Dstdout.encoding=UTF-8 -Dstderr.encoding=UTF-8 -XX:+ShowCodeDetailsInExceptionMessages com.rekildo.voice.VoiceAssistant

Host: 11th Gen Intel(R) Core(TM) i5-11400H @ 2.70GHz, 12 cores, 7G,  Windows 11 , 64 bit Build 22621 (10.0.22621.2506)
Time: Thu Dec  7 11:55:56 2023 India Standard Time elapsed time: 3.158164 seconds (0d 0h 0m 3s)

---------------  T H R E A D  ---------------

Current thread (0x0000011c757db970):  JavaThread "C2 CompilerThread1" daemon [_thread_in_native, id=6052, stack(0x0000000252200000,0x0000000252300000)]


Current CompileTask:
C2:   3158 1126 %     4       edu.cmu.sphinx.linguist.acoustic.HMMPool::<init> @ 336 (424 bytes)

Stack: [0x0000000252200000,0x0000000252300000]
Native frames: (J=compiled Java code, j=interpreted, Vv=VM code, C=native code)
V  [jvm.dll+0x6bc25a]
V  [jvm.dll+0x84971a]
V  [jvm.dll+0x84b315]
V  [jvm.dll+0x84ba13]
V  [jvm.dll+0x280e4f]
V  [jvm.dll+0xc2ab1]
V  [jvm.dll+0xc2dd5]
V  [jvm.dll+0x2f611f]
V  [jvm.dll+0x5e3b0b]
V  [jvm.dll+0x254684]
V  [jvm.dll+0x24cb12]
V  [jvm.dll+0x24a819]
V  [jvm.dll+0x1ce761]
V  [jvm.dll+0x25a0eb]
V  [jvm.dll+0x2587c0]
V  [jvm.dll+0x3f2dd5]
V  [jvm.dll+0x7f5c76]
V  [jvm.dll+0x6baecb]
C  [ucrtbase.dll+0x29363]
C  [KERNEL32.DLL+0x1257d]
C  [ntdll.dll+0x5aa58]


---------------  P R O C E S S  ---------------

Threads class SMR info:
_java_thread_list=0x0000011c74d3dd60, length=14, elements={
0x0000011c5161bf70, 0x0000011c6fc73730, 0x0000011c6fc74620, 0x0000011c6fc7a9a0,
0x0000011c6fc7e7e0, 0x0000011c6fc7c900, 0x0000011c6fc7d780, 0x0000011c748032b0,
0x0000011c7480fe00, 0x0000011c74947030, 0x0000011c7494d260, 0x0000011c758f2cc0,
0x0000011c757db970, 0x0000011c757dbf00
}

Java Threads: ( => current thread )
  0x0000011c5161bf70 JavaThread "main" [_thread_in_Java, id=14800, stack(0x0000000250200000,0x0000000250300000)]
  0x0000011c6fc73730 JavaThread "Reference Handler" daemon [_thread_blocked, id=9624, stack(0x0000000250900000,0x0000000250a00000)]
  0x0000011c6fc74620 JavaThread "Finalizer" daemon [_thread_blocked, id=7832, stack(0x0000000250a00000,0x0000000250b00000)]
  0x0000011c6fc7a9a0 JavaThread "Signal Dispatcher" daemon [_thread_blocked, id=6860, stack(0x0000000250b00000,0x0000000250c00000)]
  0x0000011c6fc7e7e0 JavaThread "Attach Listener" daemon [_thread_blocked, id=1992, stack(0x0000000250c00000,0x0000000250d00000)]
  0x0000011c6fc7c900 JavaThread "Service Thread" daemon [_thread_blocked, id=3880, stack(0x0000000250d00000,0x0000000250e00000)]
  0x0000011c6fc7d780 JavaThread "Monitor Deflation Thread" daemon [_thread_blocked, id=8840, stack(0x0000000250e00000,0x0000000250f00000)]
  0x0000011c748032b0 JavaThread "C2 CompilerThread0" daemon [_thread_in_native, id=2708, stack(0x0000000250f00000,0x0000000251000000)]
  0x0000011c7480fe00 JavaThread "C1 CompilerThread0" daemon [_thread_blocked, id=4460, stack(0x0000000251000000,0x0000000251100000)]
  0x0000011c74947030 JavaThread "Notification Thread" daemon [_thread_blocked, id=2660, stack(0x0000000251100000,0x0000000251200000)]
  0x0000011c7494d260 JavaThread "Common-Cleaner" daemon [_thread_blocked, id=12108, stack(0x0000000251300000,0x0000000251400000)]
  0x0000011c758f2cc0 JavaThread "Java Sound Event Dispatcher" daemon [_thread_blocked, id=8948, stack(0x0000000251c00000,0x0000000251d00000)]
=>0x0000011c757db970 JavaThread "C2 CompilerThread1" daemon [_thread_in_native, id=6052, stack(0x0000000252200000,0x0000000252300000)]
  0x0000011c757dbf00 JavaThread "C2 CompilerThread2" daemon [_thread_in_native, id=3644, stack(0x0000000252300000,0x0000000252400000)]

Other Threads:
  0x0000011c6fc55b30 VMThread "VM Thread" [stack: 0x0000000250800000,0x0000000250900000] [id=8548]
  0x0000011c7494c380 WatcherThread "VM Periodic Task Thread" [stack: 0x0000000251200000,0x0000000251300000] [id=11392]
  0x0000011c538c5ef0 WorkerThread "GC Thread#0" [stack: 0x0000000250300000,0x0000000250400000] [id=12664]
  0x0000011c74d812f0 WorkerThread "GC Thread#1" [stack: 0x0000000251500000,0x0000000251600000] [id=5284]
  0x0000011c74f2af60 WorkerThread "GC Thread#2" [stack: 0x0000000251600000,0x0000000251700000] [id=12424]
  0x0000011c74f2a150 WorkerThread "GC Thread#3" [stack: 0x0000000251700000,0x0000000251800000] [id=12564]
  0x0000011c74f2b230 WorkerThread "GC Thread#4" [stack: 0x0000000251800000,0x0000000251900000] [id=1672]
  0x0000011c74f29bb0 WorkerThread "GC Thread#5" [stack: 0x0000000251900000,0x0000000251a00000] [id=6800]
  0x0000011c74f29e80 WorkerThread "GC Thread#6" [stack: 0x0000000251a00000,0x0000000251b00000] [id=8612]
  0x0000011c539147b0 ConcurrentGCThread "G1 Main Marker" [stack: 0x0000000250400000,0x0000000250500000] [id=12516]
  0x0000011c539151e0 WorkerThread "G1 Conc#0" [stack: 0x0000000250500000,0x0000000250600000] [id=5272]
  0x0000011c6fb140c0 ConcurrentGCThread "G1 Refine#0" [stack: 0x0000000250600000,0x0000000250700000] [id=2380]
  0x0000011c6fb14b60 ConcurrentGCThread "G1 Service" [stack: 0x0000000250700000,0x0000000250800000] [id=5724]

Threads with active compile tasks:
C2 CompilerThread0     3183 1135       4       edu.cmu.sphinx.linguist.acoustic.tiedstate.TiedStateAcousticModel::getHMMInSilenceContext (163 bytes)
C2 CompilerThread1     3183 1126 %     4       edu.cmu.sphinx.linguist.acoustic.HMMPool::<init> @ 336 (424 bytes)
C2 CompilerThread2     3183 1132       4       edu.cmu.sphinx.linguist.acoustic.tiedstate.TiedStateAcousticModel::lookupNearestHMM (249 bytes)

VM state: not at safepoint (normal execution)

VM Mutex/Monitor currently owned by a thread: None

Heap address: 0x0000000083a00000, size: 1990 MB, Compressed Oops mode: 32-bit

CDS archive(s) mapped at: [0x0000011c00000000-0x0000011c00c60000-0x0000011c00c60000), size 12976128, SharedBaseAddress: 0x0000011c00000000, ArchiveRelocationMode: 1.
Compressed class space mapped at: 0x0000011c01000000-0x0000011c41000000, reserved size: 1073741824
Narrow klass base: 0x0000011c00000000, Narrow klass shift: 0, Narrow klass range: 0x100000000

GC Precious Log:
 CardTable entry size: 512
 Card Set container configuration: InlinePtr #cards 5 size 8 Array Of Cards #cards 12 size 40 Howl #buckets 4 coarsen threshold 1843 Howl Bitmap #cards 512 size 80 coarsen threshold 460 Card regions per heap region 1 cards per card region 2048
 CPUs: 12 total, 12 available
 Memory: 7955M
 Large Page Support: Disabled
 NUMA Support: Disabled
 Compressed Oops: Enabled (32-bit)
 Heap Region Size: 1M
 Heap Min Capacity: 8M
 Heap Initial Capacity: 126M
 Heap Max Capacity: 1990M
 Pre-touch: Disabled
 Parallel Workers: 10
 Concurrent Workers: 3
 Concurrent Refinement Workers: 10
 Periodic GC: Disabled

Heap:
 garbage-first heap   total 336896K, used 144640K [0x0000000083a00000, 0x0000000100000000)
  region size 1024K, 93 young (95232K), 10 survivors (10240K)
 Metaspace       used 4330K, committed 4544K, reserved 1114112K
  class space    used 410K, committed 512K, reserved 1048576K

Heap Regions: E=young(eden), S=young(survivor), O=old, HS=humongous(starts), HC=humongous(continues), CS=collection set, F=free, OA=open archive, CA=closed archive, TAMS=top-at-mark-start, PB=parsable bottom
|   0|0x0000000083a00000, 0x0000000083b00000, 0x0000000083b00000|100%| O|  |TAMS 0x0000000083a00000| PB 0x0000000083a00000| Untracked 
|   1|0x0000000083b00000, 0x0000000083c00000, 0x0000000083c00000|100%| O|  |TAMS 0x0000000083b00000| PB 0x0000000083b00000| Untracked 
|   2|0x0000000083c00000, 0x0000000083d00000, 0x0000000083d00000|100%| O|  |TAMS 0x0000000083c00000| PB 0x0000000083c00000| Untracked 
|   3|0x0000000083d00000, 0x0000000083e00000, 0x0000000083e00000|100%| O|  |TAMS 0x0000000083d00000| PB 0x0000000083d00000| Untracked 
|   4|0x0000000083e00000, 0x0000000083f00000, 0x0000000083f00000|100%| O|  |TAMS 0x0000000083e00000| PB 0x0000000083e00000| Untracked 
|   5|0x0000000083f00000, 0x0000000084000000, 0x0000000084000000|100%| O|  |TAMS 0x0000000083f00000| PB 0x0000000083f00000| Untracked 
|   6|0x0000000084000000, 0x0000000084100000, 0x0000000084100000|100%| O|  |TAMS 0x0000000084000000| PB 0x0000000084000000| Untracked 
|   7|0x0000000084100000, 0x0000000084200000, 0x0000000084200000|100%| O|  |TAMS 0x0000000084100000| PB 0x0000000084100000| Untracked 
|   8|0x0000000084200000, 0x0000000084300000, 0x0000000084300000|100%| O|  |TAMS 0x0000000084200000| PB 0x0000000084200000| Untracked 
|   9|0x0000000084300000, 0x0000000084400000, 0x0000000084400000|100%| O|  |TAMS 0x0000000084300000| PB 0x0000000084300000| Untracked 
|  10|0x0000000084400000, 0x0000000084500000, 0x0000000084500000|100%| O|  |TAMS 0x0000000084400000| PB 0x0000000084400000| Untracked 
|  11|0x0000000084500000, 0x0000000084600000, 0x0000000084600000|100%| O|  |TAMS 0x0000000084500000| PB 0x0000000084500000| Untracked 
|  12|0x0000000084600000, 0x0000000084700000, 0x0000000084700000|100%| O|  |TAMS 0x0000000084600000| PB 0x0000000084600000| Untracked 
|  13|0x0000000084700000, 0x0000000084800000, 0x0000000084800000|100%| O|  |TAMS 0x0000000084700000| PB 0x0000000084700000| Untracked 
|  14|0x0000000084800000, 0x0000000084900000, 0x0000000084900000|100%| O|  |TAMS 0x0000000084800000| PB 0x0000000084800000| Untracked 
|  15|0x0000000084900000, 0x0000000084a00000, 0x0000000084a00000|100%| O|  |TAMS 0x0000000084900000| PB 0x0000000084900000| Untracked 
|  16|0x0000000084a00000, 0x0000000084b00000, 0x0000000084b00000|100%| O|  |TAMS 0x0000000084a00000| PB 0x0000000084a00000| Untracked 
|  17|0x0000000084b00000, 0x0000000084c00000, 0x0000000084c00000|100%| O|  |TAMS 0x0000000084b00000| PB 0x0000000084b00000| Untracked 
|  18|0x0000000084c00000, 0x0000000084d00000, 0x0000000084d00000|100%| O|  |TAMS 0x0000000084c00000| PB 0x0000000084c00000| Untracked 
|  19|0x0000000084d00000, 0x0000000084e00000, 0x0000000084e00000|100%| O|  |TAMS 0x0000000084d00000| PB 0x0000000084d00000| Untracked 
|  20|0x0000000084e00000, 0x0000000084f00000, 0x0000000084f00000|100%| O|  |TAMS 0x0000000084e00000| PB 0x0000000084e00000| Untracked 
|  21|0x0000000084f00000, 0x0000000085000000, 0x0000000085000000|100%| O|  |TAMS 0x0000000084f00000| PB 0x0000000084f00000| Untracked 
|  22|0x0000000085000000, 0x0000000085100000, 0x0000000085100000|100%| O|  |TAMS 0x0000000085000000| PB 0x0000000085000000| Untracked 
|  23|0x0000000085100000, 0x0000000085200000, 0x0000000085200000|100%| O|  |TAMS 0x0000000085100000| PB 0x0000000085100000| Untracked 
|  24|0x0000000085200000, 0x0000000085300000, 0x0000000085300000|100%| O|  |TAMS 0x0000000085200000| PB 0x0000000085200000| Untracked 
|  25|0x0000000085300000, 0x0000000085400000, 0x0000000085400000|100%| O|  |TAMS 0x0000000085300000| PB 0x0000000085300000| Untracked 
|  26|0x0000000085400000, 0x0000000085500000, 0x0000000085500000|100%| O|  |TAMS 0x0000000085400000| PB 0x0000000085400000| Untracked 
|  27|0x0000000085500000, 0x0000000085600000, 0x0000000085600000|100%| O|  |TAMS 0x0000000085500000| PB 0x0000000085500000| Untracked 
|  28|0x0000000085600000, 0x0000000085700000, 0x0000000085700000|100%| O|  |TAMS 0x0000000085600000| PB 0x0000000085600000| Untracked 
|  29|0x0000000085700000, 0x0000000085800000, 0x0000000085800000|100%| O|  |TAMS 0x0000000085700000| PB 0x0000000085700000| Untracked 
|  30|0x0000000085800000, 0x0000000085900000, 0x0000000085900000|100%| O|  |TAMS 0x0000000085800000| PB 0x0000000085800000| Untracked 
|  31|0x0000000085900000, 0x0000000085a00000, 0x0000000085a00000|100%| O|  |TAMS 0x0000000085900000| PB 0x0000000085900000| Untracked 
|  32|0x0000000085a00000, 0x0000000085b00000, 0x0000000085b00000|100%| O|  |TAMS 0x0000000085a00000| PB 0x0000000085a00000| Untracked 
|  33|0x0000000085b00000, 0x0000000085c00000, 0x0000000085c00000|100%| O|  |TAMS 0x0000000085b00000| PB 0x0000000085b00000| Untracked 
|  34|0x0000000085c00000, 0x0000000085d00000, 0x0000000085d00000|100%| O|  |TAMS 0x0000000085c00000| PB 0x0000000085c00000| Untracked 
|  35|0x0000000085d00000, 0x0000000085e00000, 0x0000000085e00000|100%| O|  |TAMS 0x0000000085d00000| PB 0x0000000085d00000| Untracked 
|  36|0x0000000085e00000, 0x0000000085f00000, 0x0000000085f00000|100%| O|  |TAMS 0x0000000085e00000| PB 0x0000000085e00000| Untracked 
|  37|0x0000000085f00000, 0x0000000086000000, 0x0000000086000000|100%| O|  |TAMS 0x0000000085f00000| PB 0x0000000085f00000| Untracked 
|  38|0x0000000086000000, 0x0000000086100000, 0x0000000086100000|100%| O|  |TAMS 0x0000000086000000| PB 0x0000000086000000| Untracked 
|  39|0x0000000086100000, 0x0000000086200000, 0x0000000086200000|100%|HS|  |TAMS 0x0000000086100000| PB 0x0000000086100000| Complete 
|  40|0x0000000086200000, 0x0000000086300000, 0x0000000086300000|100%| O|  |TAMS 0x0000000086200000| PB 0x0000000086200000| Untracked 
|  41|0x0000000086300000, 0x0000000086400000, 0x0000000086400000|100%| O|  |TAMS 0x0000000086300000| PB 0x0000000086300000| Untracked 
|  42|0x0000000086400000, 0x0000000086500000, 0x0000000086500000|100%| O|  |TAMS 0x0000000086400000| PB 0x0000000086400000| Untracked 
|  43|0x0000000086500000, 0x0000000086600000, 0x0000000086600000|100%| O|  |TAMS 0x0000000086500000| PB 0x0000000086500000| Untracked 
|  44|0x0000000086600000, 0x0000000086700000, 0x0000000086700000|100%| O|  |TAMS 0x0000000086600000| PB 0x0000000086600000| Untracked 
|  45|0x0000000086700000, 0x0000000086800000, 0x0000000086800000|100%| O|  |TAMS 0x0000000086700000| PB 0x0000000086700000| Untracked 
|  46|0x0000000086800000, 0x0000000086900000, 0x0000000086900000|100%| O|  |TAMS 0x0000000086800000| PB 0x0000000086800000| Untracked 
|  47|0x0000000086900000, 0x0000000086a00000, 0x0000000086a00000|100%| O|  |TAMS 0x0000000086900000| PB 0x0000000086900000| Untracked 
|  48|0x0000000086a00000, 0x0000000086b00000, 0x0000000086b00000|100%| O|  |TAMS 0x0000000086a00000| PB 0x0000000086a00000| Untracked 
|  49|0x0000000086b00000, 0x0000000086bc0200, 0x0000000086c00000| 75%| O|  |TAMS 0x0000000086b00000| PB 0x0000000086b00000| Untracked 
|  50|0x0000000086c00000, 0x0000000086c00000, 0x0000000086d00000|  0%| F|  |TAMS 0x0000000086c00000| PB 0x0000000086c00000| Untracked 
|  51|0x0000000086d00000, 0x0000000086d00000, 0x0000000086e00000|  0%| F|  |TAMS 0x0000000086d00000| PB 0x0000000086d00000| Untracked 
|  52|0x0000000086e00000, 0x0000000086e00000, 0x0000000086f00000|  0%| F|  |TAMS 0x0000000086e00000| PB 0x0000000086e00000| Untracked 
|  53|0x0000000086f00000, 0x0000000086f00000, 0x0000000087000000|  0%| F|  |TAMS 0x0000000086f00000| PB 0x0000000086f00000| Untracked 
|  54|0x0000000087000000, 0x0000000087080000, 0x0000000087100000| 50%| S|CS|TAMS 0x0000000087000000| PB 0x0000000087000000| Complete 
|  55|0x0000000087100000, 0x0000000087100000, 0x0000000087200000|  0%| F|  |TAMS 0x0000000087100000| PB 0x0000000087100000| Untracked 
|  56|0x0000000087200000, 0x0000000087200000, 0x0000000087300000|  0%| F|  |TAMS 0x0000000087200000| PB 0x0000000087200000| Untracked 
|  57|0x0000000087300000, 0x0000000087300000, 0x0000000087400000|  0%| F|  |TAMS 0x0000000087300000| PB 0x0000000087300000| Untracked 
|  58|0x0000000087400000, 0x0000000087400000, 0x0000000087500000|  0%| F|  |TAMS 0x0000000087400000| PB 0x0000000087400000| Untracked 
|  59|0x0000000087500000, 0x0000000087500000, 0x0000000087600000|  0%| F|  |TAMS 0x0000000087500000| PB 0x0000000087500000| Untracked 
|  60|0x0000000087600000, 0x0000000087600000, 0x0000000087700000|  0%| F|  |TAMS 0x0000000087600000| PB 0x0000000087600000| Untracked 
|  61|0x0000000087700000, 0x0000000087700000, 0x0000000087800000|  0%| F|  |TAMS 0x0000000087700000| PB 0x0000000087700000| Untracked 
|  62|0x0000000087800000, 0x0000000087800000, 0x0000000087900000|  0%| F|  |TAMS 0x0000000087800000| PB 0x0000000087800000| Untracked 
|  63|0x0000000087900000, 0x0000000087900000, 0x0000000087a00000|  0%| F|  |TAMS 0x0000000087900000| PB 0x0000000087900000| Untracked 
|  64|0x0000000087a00000, 0x0000000087a00000, 0x0000000087b00000|  0%| F|  |TAMS 0x0000000087a00000| PB 0x0000000087a00000| Untracked 
|  65|0x0000000087b00000, 0x0000000087b00000, 0x0000000087c00000|  0%| F|  |TAMS 0x0000000087b00000| PB 0x0000000087b00000| Untracked 
|  66|0x0000000087c00000, 0x0000000087d00000, 0x0000000087d00000|100%| S|CS|TAMS 0x0000000087c00000| PB 0x0000000087c00000| Complete 
|  67|0x0000000087d00000, 0x0000000087e00000, 0x0000000087e00000|100%| S|CS|TAMS 0x0000000087d00000| PB 0x0000000087d00000| Complete 
|  68|0x0000000087e00000, 0x0000000087f00000, 0x0000000087f00000|100%| S|CS|TAMS 0x0000000087e00000| PB 0x0000000087e00000| Complete 
|  69|0x0000000087f00000, 0x0000000088000000, 0x0000000088000000|100%| S|CS|TAMS 0x0000000087f00000| PB 0x0000000087f00000| Complete 
|  70|0x0000000088000000, 0x0000000088100000, 0x0000000088100000|100%| S|CS|TAMS 0x0000000088000000| PB 0x0000000088000000| Complete 
|  71|0x0000000088100000, 0x0000000088200000, 0x0000000088200000|100%| S|CS|TAMS 0x0000000088100000| PB 0x0000000088100000| Complete 
|  72|0x0000000088200000, 0x0000000088300000, 0x0000000088300000|100%| S|CS|TAMS 0x0000000088200000| PB 0x0000000088200000| Complete 
|  73|0x0000000088300000, 0x0000000088400000, 0x0000000088400000|100%| S|CS|TAMS 0x0000000088300000| PB 0x0000000088300000| Complete 
|  74|0x0000000088400000, 0x0000000088500000, 0x0000000088500000|100%| S|CS|TAMS 0x0000000088400000| PB 0x0000000088400000| Complete 
|  75|0x0000000088500000, 0x0000000088500000, 0x0000000088600000|  0%| F|  |TAMS 0x0000000088500000| PB 0x0000000088500000| Untracked 
|  76|0x0000000088600000, 0x0000000088600000, 0x0000000088700000|  0%| F|  |TAMS 0x0000000088600000| PB 0x0000000088600000| Untracked 
|  77|0x0000000088700000, 0x0000000088700000, 0x0000000088800000|  0%| F|  |TAMS 0x0000000088700000| PB 0x0000000088700000| Untracked 
|  78|0x0000000088800000, 0x0000000088800000, 0x0000000088900000|  0%| F|  |TAMS 0x0000000088800000| PB 0x0000000088800000| Untracked 
|  79|0x0000000088900000, 0x0000000088900000, 0x0000000088a00000|  0%| F|  |TAMS 0x0000000088900000| PB 0x0000000088900000| Untracked 
|  80|0x0000000088a00000, 0x0000000088a00000, 0x0000000088b00000|  0%| F|  |TAMS 0x0000000088a00000| PB 0x0000000088a00000| Untracked 
|  81|0x0000000088b00000, 0x0000000088b00000, 0x0000000088c00000|  0%| F|  |TAMS 0x0000000088b00000| PB 0x0000000088b00000| Untracked 
|  82|0x0000000088c00000, 0x0000000088c00000, 0x0000000088d00000|  0%| F|  |TAMS 0x0000000088c00000| PB 0x0000000088c00000| Untracked 
|  83|0x0000000088d00000, 0x0000000088d00000, 0x0000000088e00000|  0%| F|  |TAMS 0x0000000088d00000| PB 0x0000000088d00000| Untracked 
|  84|0x0000000088e00000, 0x0000000088e00000, 0x0000000088f00000|  0%| F|  |TAMS 0x0000000088e00000| PB 0x0000000088e00000| Untracked 
|  85|0x0000000088f00000, 0x0000000088f00000, 0x0000000089000000|  0%| F|  |TAMS 0x0000000088f00000| PB 0x0000000088f00000| Untracked 
|  86|0x0000000089000000, 0x0000000089000000, 0x0000000089100000|  0%| F|  |TAMS 0x0000000089000000| PB 0x0000000089000000| Untracked 
|  87|0x0000000089100000, 0x0000000089100000, 0x0000000089200000|  0%| F|  |TAMS 0x0000000089100000| PB 0x0000000089100000| Untracked 
|  88|0x0000000089200000, 0x0000000089200000, 0x0000000089300000|  0%| F|  |TAMS 0x0000000089200000| PB 0x0000000089200000| Untracked 
|  89|0x0000000089300000, 0x0000000089300000, 0x0000000089400000|  0%| F|  |TAMS 0x0000000089300000| PB 0x0000000089300000| Untracked 
|  90|0x0000000089400000, 0x0000000089400000, 0x0000000089500000|  0%| F|  |TAMS 0x0000000089400000| PB 0x0000000089400000| Untracked 
|  91|0x0000000089500000, 0x0000000089500000, 0x0000000089600000|  0%| F|  |TAMS 0x0000000089500000| PB 0x0000000089500000| Untracked 
|  92|0x0000000089600000, 0x0000000089600000, 0x0000000089700000|  0%| F|  |TAMS 0x0000000089600000| PB 0x0000000089600000| Untracked 
|  93|0x0000000089700000, 0x0000000089700000, 0x0000000089800000|  0%| F|  |TAMS 0x0000000089700000| PB 0x0000000089700000| Untracked 
|  94|0x0000000089800000, 0x0000000089800000, 0x0000000089900000|  0%| F|  |TAMS 0x0000000089800000| PB 0x0000000089800000| Untracked 
|  95|0x0000000089900000, 0x0000000089900000, 0x0000000089a00000|  0%| F|  |TAMS 0x0000000089900000| PB 0x0000000089900000| Untracked 
|  96|0x0000000089a00000, 0x0000000089a00000, 0x0000000089b00000|  0%| F|  |TAMS 0x0000000089a00000| PB 0x0000000089a00000| Untracked 
|  97|0x0000000089b00000, 0x0000000089b00000, 0x0000000089c00000|  0%| F|  |TAMS 0x0000000089b00000| PB 0x0000000089b00000| Untracked 
|  98|0x0000000089c00000, 0x0000000089c00000, 0x0000000089d00000|  0%| F|  |TAMS 0x0000000089c00000| PB 0x0000000089c00000| Untracked 
|  99|0x0000000089d00000, 0x0000000089d00000, 0x0000000089e00000|  0%| F|  |TAMS 0x0000000089d00000| PB 0x0000000089d00000| Untracked 
| 100|0x0000000089e00000, 0x0000000089e00000, 0x0000000089f00000|  0%| F|  |TAMS 0x0000000089e00000| PB 0x0000000089e00000| Untracked 
| 101|0x0000000089f00000, 0x0000000089f00000, 0x000000008a000000|  0%| F|  |TAMS 0x0000000089f00000| PB 0x0000000089f00000| Untracked 
| 102|0x000000008a000000, 0x000000008a000000, 0x000000008a100000|  0%| F|  |TAMS 0x000000008a000000| PB 0x000000008a000000| Untracked 
| 103|0x000000008a100000, 0x000000008a100000, 0x000000008a200000|  0%| F|  |TAMS 0x000000008a100000| PB 0x000000008a100000| Untracked 
| 104|0x000000008a200000, 0x000000008a200000, 0x000000008a300000|  0%| F|  |TAMS 0x000000008a200000| PB 0x000000008a200000| Untracked 
| 105|0x000000008a300000, 0x000000008a300000, 0x000000008a400000|  0%| F|  |TAMS 0x000000008a300000| PB 0x000000008a300000| Untracked 
| 106|0x000000008a400000, 0x000000008a400000, 0x000000008a500000|  0%| F|  |TAMS 0x000000008a400000| PB 0x000000008a400000| Untracked 
| 107|0x000000008a500000, 0x000000008a500000, 0x000000008a600000|  0%| F|  |TAMS 0x000000008a500000| PB 0x000000008a500000| Untracked 
| 108|0x000000008a600000, 0x000000008a600000, 0x000000008a700000|  0%| F|  |TAMS 0x000000008a600000| PB 0x000000008a600000| Untracked 
| 109|0x000000008a700000, 0x000000008a700000, 0x000000008a800000|  0%| F|  |TAMS 0x000000008a700000| PB 0x000000008a700000| Untracked 
| 110|0x000000008a800000, 0x000000008a800000, 0x000000008a900000|  0%| F|  |TAMS 0x000000008a800000| PB 0x000000008a800000| Untracked 
| 111|0x000000008a900000, 0x000000008a900000, 0x000000008aa00000|  0%| F|  |TAMS 0x000000008a900000| PB 0x000000008a900000| Untracked 
| 112|0x000000008aa00000, 0x000000008aa00000, 0x000000008ab00000|  0%| F|  |TAMS 0x000000008aa00000| PB 0x000000008aa00000| Untracked 
| 113|0x000000008ab00000, 0x000000008ab00000, 0x000000008ac00000|  0%| F|  |TAMS 0x000000008ab00000| PB 0x000000008ab00000| Untracked 
| 114|0x000000008ac00000, 0x000000008ac00000, 0x000000008ad00000|  0%| F|  |TAMS 0x000000008ac00000| PB 0x000000008ac00000| Untracked 
| 115|0x000000008ad00000, 0x000000008ad00000, 0x000000008ae00000|  0%| F|  |TAMS 0x000000008ad00000| PB 0x000000008ad00000| Untracked 
| 116|0x000000008ae00000, 0x000000008ae00000, 0x000000008af00000|  0%| F|  |TAMS 0x000000008ae00000| PB 0x000000008ae00000| Untracked 
| 117|0x000000008af00000, 0x000000008af00000, 0x000000008b000000|  0%| F|  |TAMS 0x000000008af00000| PB 0x000000008af00000| Untracked 
| 118|0x000000008b000000, 0x000000008b000000, 0x000000008b100000|  0%| F|  |TAMS 0x000000008b000000| PB 0x000000008b000000| Untracked 
| 119|0x000000008b100000, 0x000000008b100000, 0x000000008b200000|  0%| F|  |TAMS 0x000000008b100000| PB 0x000000008b100000| Untracked 
| 120|0x000000008b200000, 0x000000008b200000, 0x000000008b300000|  0%| F|  |TAMS 0x000000008b200000| PB 0x000000008b200000| Untracked 
| 121|0x000000008b300000, 0x000000008b300000, 0x000000008b400000|  0%| F|  |TAMS 0x000000008b300000| PB 0x000000008b300000| Untracked 
| 122|0x000000008b400000, 0x000000008b400000, 0x000000008b500000|  0%| F|  |TAMS 0x000000008b400000| PB 0x000000008b400000| Untracked 
| 123|0x000000008b500000, 0x000000008b500000, 0x000000008b600000|  0%| F|  |TAMS 0x000000008b500000| PB 0x000000008b500000| Untracked 
| 124|0x000000008b600000, 0x000000008b600000, 0x000000008b700000|  0%| F|  |TAMS 0x000000008b600000| PB 0x000000008b600000| Untracked 
| 125|0x000000008b700000, 0x000000008b700000, 0x000000008b800000|  0%| F|  |TAMS 0x000000008b700000| PB 0x000000008b700000| Untracked 
| 126|0x000000008b800000, 0x000000008b800000, 0x000000008b900000|  0%| F|  |TAMS 0x000000008b800000| PB 0x000000008b800000| Untracked 
| 127|0x000000008b900000, 0x000000008b900000, 0x000000008ba00000|  0%| F|  |TAMS 0x000000008b900000| PB 0x000000008b900000| Untracked 
| 128|0x000000008ba00000, 0x000000008ba00000, 0x000000008bb00000|  0%| F|  |TAMS 0x000000008ba00000| PB 0x000000008ba00000| Untracked 
| 129|0x000000008bb00000, 0x000000008bb00000, 0x000000008bc00000|  0%| F|  |TAMS 0x000000008bb00000| PB 0x000000008bb00000| Untracked 
| 130|0x000000008bc00000, 0x000000008bc00000, 0x000000008bd00000|  0%| F|  |TAMS 0x000000008bc00000| PB 0x000000008bc00000| Untracked 
| 131|0x000000008bd00000, 0x000000008bd00000, 0x000000008be00000|  0%| F|  |TAMS 0x000000008bd00000| PB 0x000000008bd00000| Untracked 
| 132|0x000000008be00000, 0x000000008be00000, 0x000000008bf00000|  0%| F|  |TAMS 0x000000008be00000| PB 0x000000008be00000| Untracked 
| 133|0x000000008bf00000, 0x000000008bf00000, 0x000000008c000000|  0%| F|  |TAMS 0x000000008bf00000| PB 0x000000008bf00000| Untracked 
| 134|0x000000008c000000, 0x000000008c000000, 0x000000008c100000|  0%| F|  |TAMS 0x000000008c000000| PB 0x000000008c000000| Untracked 
| 135|0x000000008c100000, 0x000000008c100000, 0x000000008c200000|  0%| F|  |TAMS 0x000000008c100000| PB 0x000000008c100000| Untracked 
| 136|0x000000008c200000, 0x000000008c200000, 0x000000008c300000|  0%| F|  |TAMS 0x000000008c200000| PB 0x000000008c200000| Untracked 
| 137|0x000000008c300000, 0x000000008c300000, 0x000000008c400000|  0%| F|  |TAMS 0x000000008c300000| PB 0x000000008c300000| Untracked 
| 138|0x000000008c400000, 0x000000008c400000, 0x000000008c500000|  0%| F|  |TAMS 0x000000008c400000| PB 0x000000008c400000| Untracked 
| 139|0x000000008c500000, 0x000000008c500000, 0x000000008c600000|  0%| F|  |TAMS 0x000000008c500000| PB 0x000000008c500000| Untracked 
| 140|0x000000008c600000, 0x000000008c600000, 0x000000008c700000|  0%| F|  |TAMS 0x000000008c600000| PB 0x000000008c600000| Untracked 
| 141|0x000000008c700000, 0x000000008c700000, 0x000000008c800000|  0%| F|  |TAMS 0x000000008c700000| PB 0x000000008c700000| Untracked 
| 142|0x000000008c800000, 0x000000008c800000, 0x000000008c900000|  0%| F|  |TAMS 0x000000008c800000| PB 0x000000008c800000| Untracked 
| 143|0x000000008c900000, 0x000000008c900000, 0x000000008ca00000|  0%| F|  |TAMS 0x000000008c900000| PB 0x000000008c900000| Untracked 
| 144|0x000000008ca00000, 0x000000008ca00000, 0x000000008cb00000|  0%| F|  |TAMS 0x000000008ca00000| PB 0x000000008ca00000| Untracked 
| 145|0x000000008cb00000, 0x000000008cb00000, 0x000000008cc00000|  0%| F|  |TAMS 0x000000008cb00000| PB 0x000000008cb00000| Untracked 
| 146|0x000000008cc00000, 0x000000008cc00000, 0x000000008cd00000|  0%| F|  |TAMS 0x000000008cc00000| PB 0x000000008cc00000| Untracked 
| 147|0x000000008cd00000, 0x000000008cd00000, 0x000000008ce00000|  0%| F|  |TAMS 0x000000008cd00000| PB 0x000000008cd00000| Untracked 
| 148|0x000000008ce00000, 0x000000008ce00000, 0x000000008cf00000|  0%| F|  |TAMS 0x000000008ce00000| PB 0x000000008ce00000| Untracked 
| 149|0x000000008cf00000, 0x000000008cf00000, 0x000000008d000000|  0%| F|  |TAMS 0x000000008cf00000| PB 0x000000008cf00000| Untracked 
| 150|0x000000008d000000, 0x000000008d000000, 0x000000008d100000|  0%| F|  |TAMS 0x000000008d000000| PB 0x000000008d000000| Untracked 
| 151|0x000000008d100000, 0x000000008d100000, 0x000000008d200000|  0%| F|  |TAMS 0x000000008d100000| PB 0x000000008d100000| Untracked 
| 152|0x000000008d200000, 0x000000008d200000, 0x000000008d300000|  0%| F|  |TAMS 0x000000008d200000| PB 0x000000008d200000| Untracked 
| 153|0x000000008d300000, 0x000000008d300000, 0x000000008d400000|  0%| F|  |TAMS 0x000000008d300000| PB 0x000000008d300000| Untracked 
| 154|0x000000008d400000, 0x000000008d400000, 0x000000008d500000|  0%| F|  |TAMS 0x000000008d400000| PB 0x000000008d400000| Untracked 
| 155|0x000000008d500000, 0x000000008d500000, 0x000000008d600000|  0%| F|  |TAMS 0x000000008d500000| PB 0x000000008d500000| Untracked 
| 156|0x000000008d600000, 0x000000008d600000, 0x000000008d700000|  0%| F|  |TAMS 0x000000008d600000| PB 0x000000008d600000| Untracked 
| 157|0x000000008d700000, 0x000000008d700000, 0x000000008d800000|  0%| F|  |TAMS 0x000000008d700000| PB 0x000000008d700000| Untracked 
| 158|0x000000008d800000, 0x000000008d800000, 0x000000008d900000|  0%| F|  |TAMS 0x000000008d800000| PB 0x000000008d800000| Untracked 
| 159|0x000000008d900000, 0x000000008d900000, 0x000000008da00000|  0%| F|  |TAMS 0x000000008d900000| PB 0x000000008d900000| Untracked 
| 160|0x000000008da00000, 0x000000008da00000, 0x000000008db00000|  0%| F|  |TAMS 0x000000008da00000| PB 0x000000008da00000| Untracked 
| 161|0x000000008db00000, 0x000000008db00000, 0x000000008dc00000|  0%| F|  |TAMS 0x000000008db00000| PB 0x000000008db00000| Untracked 
| 162|0x000000008dc00000, 0x000000008dc00000, 0x000000008dd00000|  0%| F|  |TAMS 0x000000008dc00000| PB 0x000000008dc00000| Untracked 
| 163|0x000000008dd00000, 0x000000008dd00000, 0x000000008de00000|  0%| F|  |TAMS 0x000000008dd00000| PB 0x000000008dd00000| Untracked 
| 164|0x000000008de00000, 0x000000008de00000, 0x000000008df00000|  0%| F|  |TAMS 0x000000008de00000| PB 0x000000008de00000| Untracked 
| 165|0x000000008df00000, 0x000000008df00000, 0x000000008e000000|  0%| F|  |TAMS 0x000000008df00000| PB 0x000000008df00000| Untracked 
| 166|0x000000008e000000, 0x000000008e000000, 0x000000008e100000|  0%| F|  |TAMS 0x000000008e000000| PB 0x000000008e000000| Untracked 
| 167|0x000000008e100000, 0x000000008e100000, 0x000000008e200000|  0%| F|  |TAMS 0x000000008e100000| PB 0x000000008e100000| Untracked 
| 168|0x000000008e200000, 0x000000008e200000, 0x000000008e300000|  0%| F|  |TAMS 0x000000008e200000| PB 0x000000008e200000| Untracked 
| 169|0x000000008e300000, 0x000000008e300000, 0x000000008e400000|  0%| F|  |TAMS 0x000000008e300000| PB 0x000000008e300000| Untracked 
| 170|0x000000008e400000, 0x000000008e400000, 0x000000008e500000|  0%| F|  |TAMS 0x000000008e400000| PB 0x000000008e400000| Untracked 
| 171|0x000000008e500000, 0x000000008e500000, 0x000000008e600000|  0%| F|  |TAMS 0x000000008e500000| PB 0x000000008e500000| Untracked 
| 172|0x000000008e600000, 0x000000008e600000, 0x000000008e700000|  0%| F|  |TAMS 0x000000008e600000| PB 0x000000008e600000| Untracked 
| 173|0x000000008e700000, 0x000000008e700000, 0x000000008e800000|  0%| F|  |TAMS 0x000000008e700000| PB 0x000000008e700000| Untracked 
| 174|0x000000008e800000, 0x000000008e800000, 0x000000008e900000|  0%| F|  |TAMS 0x000000008e800000| PB 0x000000008e800000| Untracked 
| 175|0x000000008e900000, 0x000000008e900000, 0x000000008ea00000|  0%| F|  |TAMS 0x000000008e900000| PB 0x000000008e900000| Untracked 
| 176|0x000000008ea00000, 0x000000008ea00000, 0x000000008eb00000|  0%| F|  |TAMS 0x000000008ea00000| PB 0x000000008ea00000| Untracked 
| 177|0x000000008eb00000, 0x000000008eb00000, 0x000000008ec00000|  0%| F|  |TAMS 0x000000008eb00000| PB 0x000000008eb00000| Untracked 
| 178|0x000000008ec00000, 0x000000008ec00000, 0x000000008ed00000|  0%| F|  |TAMS 0x000000008ec00000| PB 0x000000008ec00000| Untracked 
| 179|0x000000008ed00000, 0x000000008ed00000, 0x000000008ee00000|  0%| F|  |TAMS 0x000000008ed00000| PB 0x000000008ed00000| Untracked 
| 180|0x000000008ee00000, 0x000000008ee00000, 0x000000008ef00000|  0%| F|  |TAMS 0x000000008ee00000| PB 0x000000008ee00000| Untracked 
| 181|0x000000008ef00000, 0x000000008ef00000, 0x000000008f000000|  0%| F|  |TAMS 0x000000008ef00000| PB 0x000000008ef00000| Untracked 
| 182|0x000000008f000000, 0x000000008f000000, 0x000000008f100000|  0%| F|  |TAMS 0x000000008f000000| PB 0x000000008f000000| Untracked 
| 183|0x000000008f100000, 0x000000008f100000, 0x000000008f200000|  0%| F|  |TAMS 0x000000008f100000| PB 0x000000008f100000| Untracked 
| 184|0x000000008f200000, 0x000000008f200000, 0x000000008f300000|  0%| F|  |TAMS 0x000000008f200000| PB 0x000000008f200000| Untracked 
| 185|0x000000008f300000, 0x000000008f300000, 0x000000008f400000|  0%| F|  |TAMS 0x000000008f300000| PB 0x000000008f300000| Untracked 
| 186|0x000000008f400000, 0x000000008f400000, 0x000000008f500000|  0%| F|  |TAMS 0x000000008f400000| PB 0x000000008f400000| Untracked 
| 187|0x000000008f500000, 0x000000008f500000, 0x000000008f600000|  0%| F|  |TAMS 0x000000008f500000| PB 0x000000008f500000| Untracked 
| 188|0x000000008f600000, 0x000000008f600000, 0x000000008f700000|  0%| F|  |TAMS 0x000000008f600000| PB 0x000000008f600000| Untracked 
| 189|0x000000008f700000, 0x000000008f700000, 0x000000008f800000|  0%| F|  |TAMS 0x000000008f700000| PB 0x000000008f700000| Untracked 
| 190|0x000000008f800000, 0x000000008f800000, 0x000000008f900000|  0%| F|  |TAMS 0x000000008f800000| PB 0x000000008f800000| Untracked 
| 191|0x000000008f900000, 0x000000008f900000, 0x000000008fa00000|  0%| F|  |TAMS 0x000000008f900000| PB 0x000000008f900000| Untracked 
| 192|0x000000008fa00000, 0x000000008fa00000, 0x000000008fb00000|  0%| F|  |TAMS 0x000000008fa00000| PB 0x000000008fa00000| Untracked 
| 193|0x000000008fb00000, 0x000000008fb00000, 0x000000008fc00000|  0%| F|  |TAMS 0x000000008fb00000| PB 0x000000008fb00000| Untracked 
| 194|0x000000008fc00000, 0x000000008fc00000, 0x000000008fd00000|  0%| F|  |TAMS 0x000000008fc00000| PB 0x000000008fc00000| Untracked 
| 195|0x000000008fd00000, 0x000000008fd00000, 0x000000008fe00000|  0%| F|  |TAMS 0x000000008fd00000| PB 0x000000008fd00000| Untracked 
| 196|0x000000008fe00000, 0x000000008fe00000, 0x000000008ff00000|  0%| F|  |TAMS 0x000000008fe00000| PB 0x000000008fe00000| Untracked 
| 197|0x000000008ff00000, 0x000000008ff00000, 0x0000000090000000|  0%| F|  |TAMS 0x000000008ff00000| PB 0x000000008ff00000| Untracked 
| 198|0x0000000090000000, 0x0000000090000000, 0x0000000090100000|  0%| F|  |TAMS 0x0000000090000000| PB 0x0000000090000000| Untracked 
| 199|0x0000000090100000, 0x0000000090100000, 0x0000000090200000|  0%| F|  |TAMS 0x0000000090100000| PB 0x0000000090100000| Untracked 
| 200|0x0000000090200000, 0x0000000090200000, 0x0000000090300000|  0%| F|  |TAMS 0x0000000090200000| PB 0x0000000090200000| Untracked 
| 201|0x0000000090300000, 0x0000000090300000, 0x0000000090400000|  0%| F|  |TAMS 0x0000000090300000| PB 0x0000000090300000| Untracked 
| 202|0x0000000090400000, 0x0000000090400000, 0x0000000090500000|  0%| F|  |TAMS 0x0000000090400000| PB 0x0000000090400000| Untracked 
| 203|0x0000000090500000, 0x0000000090500000, 0x0000000090600000|  0%| F|  |TAMS 0x0000000090500000| PB 0x0000000090500000| Untracked 
| 204|0x0000000090600000, 0x0000000090600000, 0x0000000090700000|  0%| F|  |TAMS 0x0000000090600000| PB 0x0000000090600000| Untracked 
| 205|0x0000000090700000, 0x0000000090700000, 0x0000000090800000|  0%| F|  |TAMS 0x0000000090700000| PB 0x0000000090700000| Untracked 
| 206|0x0000000090800000, 0x0000000090800000, 0x0000000090900000|  0%| F|  |TAMS 0x0000000090800000| PB 0x0000000090800000| Untracked 
| 207|0x0000000090900000, 0x0000000090900000, 0x0000000090a00000|  0%| F|  |TAMS 0x0000000090900000| PB 0x0000000090900000| Untracked 
| 208|0x0000000090a00000, 0x0000000090a00000, 0x0000000090b00000|  0%| F|  |TAMS 0x0000000090a00000| PB 0x0000000090a00000| Untracked 
| 209|0x0000000090b00000, 0x0000000090b00000, 0x0000000090c00000|  0%| F|  |TAMS 0x0000000090b00000| PB 0x0000000090b00000| Untracked 
| 210|0x0000000090c00000, 0x0000000090c00000, 0x0000000090d00000|  0%| F|  |TAMS 0x0000000090c00000| PB 0x0000000090c00000| Untracked 
| 211|0x0000000090d00000, 0x0000000090d00000, 0x0000000090e00000|  0%| F|  |TAMS 0x0000000090d00000| PB 0x0000000090d00000| Untracked 
| 212|0x0000000090e00000, 0x0000000090e00000, 0x0000000090f00000|  0%| F|  |TAMS 0x0000000090e00000| PB 0x0000000090e00000| Untracked 
| 213|0x0000000090f00000, 0x0000000090f00000, 0x0000000091000000|  0%| F|  |TAMS 0x0000000090f00000| PB 0x0000000090f00000| Untracked 
| 214|0x0000000091000000, 0x0000000091000000, 0x0000000091100000|  0%| F|  |TAMS 0x0000000091000000| PB 0x0000000091000000| Untracked 
| 215|0x0000000091100000, 0x0000000091100000, 0x0000000091200000|  0%| F|  |TAMS 0x0000000091100000| PB 0x0000000091100000| Untracked 
| 216|0x0000000091200000, 0x0000000091200000, 0x0000000091300000|  0%| F|  |TAMS 0x0000000091200000| PB 0x0000000091200000| Untracked 
| 217|0x0000000091300000, 0x0000000091300000, 0x0000000091400000|  0%| F|  |TAMS 0x0000000091300000| PB 0x0000000091300000| Untracked 
| 218|0x0000000091400000, 0x0000000091400000, 0x0000000091500000|  0%| F|  |TAMS 0x0000000091400000| PB 0x0000000091400000| Untracked 
| 219|0x0000000091500000, 0x0000000091500000, 0x0000000091600000|  0%| F|  |TAMS 0x0000000091500000| PB 0x0000000091500000| Untracked 
| 220|0x0000000091600000, 0x0000000091600000, 0x0000000091700000|  0%| F|  |TAMS 0x0000000091600000| PB 0x0000000091600000| Untracked 
| 221|0x0000000091700000, 0x0000000091700000, 0x0000000091800000|  0%| F|  |TAMS 0x0000000091700000| PB 0x0000000091700000| Untracked 
| 222|0x0000000091800000, 0x0000000091800000, 0x0000000091900000|  0%| F|  |TAMS 0x0000000091800000| PB 0x0000000091800000| Untracked 
| 223|0x0000000091900000, 0x0000000091900000, 0x0000000091a00000|  0%| F|  |TAMS 0x0000000091900000| PB 0x0000000091900000| Untracked 
| 224|0x0000000091a00000, 0x0000000091a00000, 0x0000000091b00000|  0%| F|  |TAMS 0x0000000091a00000| PB 0x0000000091a00000| Untracked 
| 225|0x0000000091b00000, 0x0000000091b00000, 0x0000000091c00000|  0%| F|  |TAMS 0x0000000091b00000| PB 0x0000000091b00000| Untracked 
| 226|0x0000000091c00000, 0x0000000091c00000, 0x0000000091d00000|  0%| F|  |TAMS 0x0000000091c00000| PB 0x0000000091c00000| Untracked 
| 227|0x0000000091d00000, 0x0000000091d00000, 0x0000000091e00000|  0%| F|  |TAMS 0x0000000091d00000| PB 0x0000000091d00000| Untracked 
| 228|0x0000000091e00000, 0x0000000091e00000, 0x0000000091f00000|  0%| F|  |TAMS 0x0000000091e00000| PB 0x0000000091e00000| Untracked 
| 229|0x0000000091f00000, 0x0000000091f00000, 0x0000000092000000|  0%| F|  |TAMS 0x0000000091f00000| PB 0x0000000091f00000| Untracked 
| 230|0x0000000092000000, 0x0000000092000000, 0x0000000092100000|  0%| F|  |TAMS 0x0000000092000000| PB 0x0000000092000000| Untracked 
| 231|0x0000000092100000, 0x0000000092100000, 0x0000000092200000|  0%| F|  |TAMS 0x0000000092100000| PB 0x0000000092100000| Untracked 
| 232|0x0000000092200000, 0x0000000092200000, 0x0000000092300000|  0%| F|  |TAMS 0x0000000092200000| PB 0x0000000092200000| Untracked 
| 233|0x0000000092300000, 0x0000000092300000, 0x0000000092400000|  0%| F|  |TAMS 0x0000000092300000| PB 0x0000000092300000| Untracked 
| 234|0x0000000092400000, 0x0000000092400000, 0x0000000092500000|  0%| F|  |TAMS 0x0000000092400000| PB 0x0000000092400000| Untracked 
| 235|0x0000000092500000, 0x0000000092500000, 0x0000000092600000|  0%| F|  |TAMS 0x0000000092500000| PB 0x0000000092500000| Untracked 
| 236|0x0000000092600000, 0x0000000092600000, 0x0000000092700000|  0%| F|  |TAMS 0x0000000092600000| PB 0x0000000092600000| Untracked 
| 237|0x0000000092700000, 0x0000000092700000, 0x0000000092800000|  0%| F|  |TAMS 0x0000000092700000| PB 0x0000000092700000| Untracked 
| 238|0x0000000092800000, 0x0000000092800000, 0x0000000092900000|  0%| F|  |TAMS 0x0000000092800000| PB 0x0000000092800000| Untracked 
| 239|0x0000000092900000, 0x0000000092900000, 0x0000000092a00000|  0%| F|  |TAMS 0x0000000092900000| PB 0x0000000092900000| Untracked 
| 240|0x0000000092a00000, 0x0000000092a00000, 0x0000000092b00000|  0%| F|  |TAMS 0x0000000092a00000| PB 0x0000000092a00000| Untracked 
| 241|0x0000000092b00000, 0x0000000092b00000, 0x0000000092c00000|  0%| F|  |TAMS 0x0000000092b00000| PB 0x0000000092b00000| Untracked 
| 242|0x0000000092c00000, 0x0000000092c00000, 0x0000000092d00000|  0%| F|  |TAMS 0x0000000092c00000| PB 0x0000000092c00000| Untracked 
| 243|0x0000000092d00000, 0x0000000092d00000, 0x0000000092e00000|  0%| F|  |TAMS 0x0000000092d00000| PB 0x0000000092d00000| Untracked 
| 244|0x0000000092e00000, 0x0000000092e80800, 0x0000000092f00000| 50%| E|  |TAMS 0x0000000092e00000| PB 0x0000000092e00000| Complete 
| 245|0x0000000092f00000, 0x0000000093000000, 0x0000000093000000|100%| E|CS|TAMS 0x0000000092f00000| PB 0x0000000092f00000| Complete 
| 246|0x0000000093000000, 0x0000000093100000, 0x0000000093100000|100%| E|CS|TAMS 0x0000000093000000| PB 0x0000000093000000| Complete 
| 247|0x0000000093100000, 0x0000000093200000, 0x0000000093200000|100%| E|CS|TAMS 0x0000000093100000| PB 0x0000000093100000| Complete 
| 248|0x0000000093200000, 0x0000000093300000, 0x0000000093300000|100%| E|CS|TAMS 0x0000000093200000| PB 0x0000000093200000| Complete 
| 249|0x0000000093300000, 0x0000000093400000, 0x0000000093400000|100%| E|CS|TAMS 0x0000000093300000| PB 0x0000000093300000| Complete 
| 250|0x0000000093400000, 0x0000000093500000, 0x0000000093500000|100%| E|CS|TAMS 0x0000000093400000| PB 0x0000000093400000| Complete 
| 251|0x0000000093500000, 0x0000000093600000, 0x0000000093600000|100%| E|CS|TAMS 0x0000000093500000| PB 0x0000000093500000| Complete 
| 252|0x0000000093600000, 0x0000000093700000, 0x0000000093700000|100%| E|CS|TAMS 0x0000000093600000| PB 0x0000000093600000| Complete 
| 253|0x0000000093700000, 0x0000000093800000, 0x0000000093800000|100%| E|CS|TAMS 0x0000000093700000| PB 0x0000000093700000| Complete 
| 254|0x0000000093800000, 0x0000000093900000, 0x0000000093900000|100%| E|CS|TAMS 0x0000000093800000| PB 0x0000000093800000| Complete 
| 255|0x0000000093900000, 0x0000000093a00000, 0x0000000093a00000|100%| E|CS|TAMS 0x0000000093900000| PB 0x0000000093900000| Complete 
| 256|0x0000000093a00000, 0x0000000093b00000, 0x0000000093b00000|100%| E|CS|TAMS 0x0000000093a00000| PB 0x0000000093a00000| Complete 
| 257|0x0000000093b00000, 0x0000000093c00000, 0x0000000093c00000|100%| E|CS|TAMS 0x0000000093b00000| PB 0x0000000093b00000| Complete 
| 258|0x0000000093c00000, 0x0000000093d00000, 0x0000000093d00000|100%| E|CS|TAMS 0x0000000093c00000| PB 0x0000000093c00000| Complete 
| 259|0x0000000093d00000, 0x0000000093e00000, 0x0000000093e00000|100%| E|CS|TAMS 0x0000000093d00000| PB 0x0000000093d00000| Complete 
| 260|0x0000000093e00000, 0x0000000093f00000, 0x0000000093f00000|100%| E|CS|TAMS 0x0000000093e00000| PB 0x0000000093e00000| Complete 
| 261|0x0000000093f00000, 0x0000000094000000, 0x0000000094000000|100%| E|CS|TAMS 0x0000000093f00000| PB 0x0000000093f00000| Complete 
| 262|0x0000000094000000, 0x0000000094100000, 0x0000000094100000|100%| E|CS|TAMS 0x0000000094000000| PB 0x0000000094000000| Complete 
| 263|0x0000000094100000, 0x0000000094200000, 0x0000000094200000|100%| E|CS|TAMS 0x0000000094100000| PB 0x0000000094100000| Complete 
| 264|0x0000000094200000, 0x0000000094300000, 0x0000000094300000|100%| E|CS|TAMS 0x0000000094200000| PB 0x0000000094200000| Complete 
| 265|0x0000000094300000, 0x0000000094400000, 0x0000000094400000|100%| E|CS|TAMS 0x0000000094300000| PB 0x0000000094300000| Complete 
| 266|0x0000000094400000, 0x0000000094500000, 0x0000000094500000|100%| E|CS|TAMS 0x0000000094400000| PB 0x0000000094400000| Complete 
| 267|0x0000000094500000, 0x0000000094600000, 0x0000000094600000|100%| E|CS|TAMS 0x0000000094500000| PB 0x0000000094500000| Complete 
| 268|0x0000000094600000, 0x0000000094700000, 0x0000000094700000|100%| E|CS|TAMS 0x0000000094600000| PB 0x0000000094600000| Complete 
| 269|0x0000000094700000, 0x0000000094800000, 0x0000000094800000|100%| E|CS|TAMS 0x0000000094700000| PB 0x0000000094700000| Complete 
| 270|0x0000000094800000, 0x0000000094900000, 0x0000000094900000|100%| E|CS|TAMS 0x0000000094800000| PB 0x0000000094800000| Complete 
| 271|0x0000000094900000, 0x0000000094a00000, 0x0000000094a00000|100%| E|CS|TAMS 0x0000000094900000| PB 0x0000000094900000| Complete 
| 272|0x0000000094a00000, 0x0000000094b00000, 0x0000000094b00000|100%| E|CS|TAMS 0x0000000094a00000| PB 0x0000000094a00000| Complete 
| 273|0x0000000094b00000, 0x0000000094c00000, 0x0000000094c00000|100%| E|CS|TAMS 0x0000000094b00000| PB 0x0000000094b00000| Complete 
| 274|0x0000000094c00000, 0x0000000094d00000, 0x0000000094d00000|100%| E|CS|TAMS 0x0000000094c00000| PB 0x0000000094c00000| Complete 
| 275|0x0000000094d00000, 0x0000000094e00000, 0x0000000094e00000|100%| E|CS|TAMS 0x0000000094d00000| PB 0x0000000094d00000| Complete 
| 276|0x0000000094e00000, 0x0000000094f00000, 0x0000000094f00000|100%| E|CS|TAMS 0x0000000094e00000| PB 0x0000000094e00000| Complete 
| 277|0x0000000094f00000, 0x0000000095000000, 0x0000000095000000|100%| E|CS|TAMS 0x0000000094f00000| PB 0x0000000094f00000| Complete 
| 278|0x0000000095000000, 0x0000000095100000, 0x0000000095100000|100%| E|CS|TAMS 0x0000000095000000| PB 0x0000000095000000| Complete 
| 279|0x0000000095100000, 0x0000000095200000, 0x0000000095200000|100%| E|CS|TAMS 0x0000000095100000| PB 0x0000000095100000| Complete 
| 280|0x0000000095200000, 0x0000000095300000, 0x0000000095300000|100%| E|CS|TAMS 0x0000000095200000| PB 0x0000000095200000| Complete 
| 281|0x0000000095300000, 0x0000000095400000, 0x0000000095400000|100%| E|CS|TAMS 0x0000000095300000| PB 0x0000000095300000| Complete 
| 282|0x0000000095400000, 0x0000000095500000, 0x0000000095500000|100%| E|CS|TAMS 0x0000000095400000| PB 0x0000000095400000| Complete 
| 283|0x0000000095500000, 0x0000000095600000, 0x0000000095600000|100%| E|CS|TAMS 0x0000000095500000| PB 0x0000000095500000| Complete 
| 284|0x0000000095600000, 0x0000000095700000, 0x0000000095700000|100%| E|CS|TAMS 0x0000000095600000| PB 0x0000000095600000| Complete 
| 285|0x0000000095700000, 0x0000000095800000, 0x0000000095800000|100%| E|CS|TAMS 0x0000000095700000| PB 0x0000000095700000| Complete 
| 286|0x0000000095800000, 0x0000000095900000, 0x0000000095900000|100%| E|CS|TAMS 0x0000000095800000| PB 0x0000000095800000| Complete 
| 287|0x0000000095900000, 0x0000000095a00000, 0x0000000095a00000|100%| E|CS|TAMS 0x0000000095900000| PB 0x0000000095900000| Complete 
| 288|0x0000000095a00000, 0x0000000095b00000, 0x0000000095b00000|100%| E|CS|TAMS 0x0000000095a00000| PB 0x0000000095a00000| Complete 
| 289|0x0000000095b00000, 0x0000000095c00000, 0x0000000095c00000|100%| E|CS|TAMS 0x0000000095b00000| PB 0x0000000095b00000| Complete 
| 290|0x0000000095c00000, 0x0000000095d00000, 0x0000000095d00000|100%| E|CS|TAMS 0x0000000095c00000| PB 0x0000000095c00000| Complete 
| 291|0x0000000095d00000, 0x0000000095e00000, 0x0000000095e00000|100%| E|CS|TAMS 0x0000000095d00000| PB 0x0000000095d00000| Complete 
| 292|0x0000000095e00000, 0x0000000095f00000, 0x0000000095f00000|100%| E|CS|TAMS 0x0000000095e00000| PB 0x0000000095e00000| Complete 
| 293|0x0000000095f00000, 0x0000000096000000, 0x0000000096000000|100%| E|CS|TAMS 0x0000000095f00000| PB 0x0000000095f00000| Complete 
| 294|0x0000000096000000, 0x0000000096100000, 0x0000000096100000|100%| E|CS|TAMS 0x0000000096000000| PB 0x0000000096000000| Complete 
| 295|0x0000000096100000, 0x0000000096200000, 0x0000000096200000|100%| E|CS|TAMS 0x0000000096100000| PB 0x0000000096100000| Complete 
| 296|0x0000000096200000, 0x0000000096300000, 0x0000000096300000|100%| E|CS|TAMS 0x0000000096200000| PB 0x0000000096200000| Complete 
| 297|0x0000000096300000, 0x0000000096400000, 0x0000000096400000|100%| E|CS|TAMS 0x0000000096300000| PB 0x0000000096300000| Complete 
| 298|0x0000000096400000, 0x0000000096500000, 0x0000000096500000|100%| E|CS|TAMS 0x0000000096400000| PB 0x0000000096400000| Complete 
| 299|0x0000000096500000, 0x0000000096600000, 0x0000000096600000|100%| E|CS|TAMS 0x0000000096500000| PB 0x0000000096500000| Complete 
| 300|0x0000000096600000, 0x0000000096700000, 0x0000000096700000|100%| E|CS|TAMS 0x0000000096600000| PB 0x0000000096600000| Complete 
| 301|0x0000000096700000, 0x0000000096800000, 0x0000000096800000|100%| E|CS|TAMS 0x0000000096700000| PB 0x0000000096700000| Complete 
| 302|0x0000000096800000, 0x0000000096900000, 0x0000000096900000|100%| E|CS|TAMS 0x0000000096800000| PB 0x0000000096800000| Complete 
| 303|0x0000000096900000, 0x0000000096a00000, 0x0000000096a00000|100%| E|CS|TAMS 0x0000000096900000| PB 0x0000000096900000| Complete 
| 304|0x0000000096a00000, 0x0000000096b00000, 0x0000000096b00000|100%| E|CS|TAMS 0x0000000096a00000| PB 0x0000000096a00000| Complete 
| 305|0x0000000096b00000, 0x0000000096c00000, 0x0000000096c00000|100%| E|CS|TAMS 0x0000000096b00000| PB 0x0000000096b00000| Complete 
| 306|0x0000000096c00000, 0x0000000096d00000, 0x0000000096d00000|100%| E|CS|TAMS 0x0000000096c00000| PB 0x0000000096c00000| Complete 
| 307|0x0000000096d00000, 0x0000000096e00000, 0x0000000096e00000|100%| E|CS|TAMS 0x0000000096d00000| PB 0x0000000096d00000| Complete 
| 308|0x0000000096e00000, 0x0000000096f00000, 0x0000000096f00000|100%| E|CS|TAMS 0x0000000096e00000| PB 0x0000000096e00000| Complete 
| 309|0x0000000096f00000, 0x0000000097000000, 0x0000000097000000|100%| E|CS|TAMS 0x0000000096f00000| PB 0x0000000096f00000| Complete 
| 310|0x0000000097000000, 0x0000000097100000, 0x0000000097100000|100%| E|CS|TAMS 0x0000000097000000| PB 0x0000000097000000| Complete 
| 311|0x0000000097100000, 0x0000000097200000, 0x0000000097200000|100%| E|CS|TAMS 0x0000000097100000| PB 0x0000000097100000| Complete 
| 312|0x0000000097200000, 0x0000000097300000, 0x0000000097300000|100%| E|CS|TAMS 0x0000000097200000| PB 0x0000000097200000| Complete 
| 313|0x0000000097300000, 0x0000000097400000, 0x0000000097400000|100%| E|CS|TAMS 0x0000000097300000| PB 0x0000000097300000| Complete 
| 314|0x0000000097400000, 0x0000000097500000, 0x0000000097500000|100%| E|CS|TAMS 0x0000000097400000| PB 0x0000000097400000| Complete 
| 315|0x0000000097500000, 0x0000000097600000, 0x0000000097600000|100%| E|CS|TAMS 0x0000000097500000| PB 0x0000000097500000| Complete 
| 316|0x0000000097600000, 0x0000000097700000, 0x0000000097700000|100%| E|CS|TAMS 0x0000000097600000| PB 0x0000000097600000| Complete 
| 317|0x0000000097700000, 0x0000000097800000, 0x0000000097800000|100%| E|CS|TAMS 0x0000000097700000| PB 0x0000000097700000| Complete 
| 318|0x0000000097800000, 0x0000000097900000, 0x0000000097900000|100%| E|CS|TAMS 0x0000000097800000| PB 0x0000000097800000| Complete 
| 319|0x0000000097900000, 0x0000000097a00000, 0x0000000097a00000|100%| E|CS|TAMS 0x0000000097900000| PB 0x0000000097900000| Complete 
| 320|0x0000000097a00000, 0x0000000097b00000, 0x0000000097b00000|100%| E|CS|TAMS 0x0000000097a00000| PB 0x0000000097a00000| Complete 
| 321|0x0000000097b00000, 0x0000000097c00000, 0x0000000097c00000|100%| E|CS|TAMS 0x0000000097b00000| PB 0x0000000097b00000| Complete 
| 322|0x0000000097c00000, 0x0000000097d00000, 0x0000000097d00000|100%| E|CS|TAMS 0x0000000097c00000| PB 0x0000000097c00000| Complete 
| 323|0x0000000097d00000, 0x0000000097e00000, 0x0000000097e00000|100%| E|CS|TAMS 0x0000000097d00000| PB 0x0000000097d00000| Complete 
| 324|0x0000000097e00000, 0x0000000097f00000, 0x0000000097f00000|100%| E|CS|TAMS 0x0000000097e00000| PB 0x0000000097e00000| Complete 
| 325|0x0000000097f00000, 0x0000000098000000, 0x0000000098000000|100%| E|CS|TAMS 0x0000000097f00000| PB 0x0000000097f00000| Complete 
| 326|0x0000000098000000, 0x0000000098100000, 0x0000000098100000|100%| E|CS|TAMS 0x0000000098000000| PB 0x0000000098000000| Complete 
| 327|0x0000000098100000, 0x0000000098200000, 0x0000000098200000|100%| E|CS|TAMS 0x0000000098100000| PB 0x0000000098100000| Complete 
| 328|0x0000000098200000, 0x0000000098300000, 0x0000000098300000|100%| E|CS|TAMS 0x0000000098200000| PB 0x0000000098200000| Complete 

Card table byte_map: [0x0000011c6b270000,0x0000011c6b660000] _byte_map_base: 0x0000011c6ae53000

Marking Bits: (CMBitMap*) 0x0000011c538c6520
 Bits: [0x0000011c6ba50000, 0x0000011c6d968000)

Polling page: 0x0000011c51800000

Metaspace:

Usage:
  Non-class:      3.83 MB used.
      Class:    410.44 KB used.
       Both:      4.23 MB used.

Virtual space:
  Non-class space:       64.00 MB reserved,       3.94 MB (  6%) committed,  1 nodes.
      Class space:        1.00 GB reserved,     512.00 KB ( <1%) committed,  1 nodes.
             Both:        1.06 GB reserved,       4.44 MB ( <1%) committed. 

Chunk freelists:
   Non-Class:  2.98 MB
       Class:  3.55 MB
        Both:  6.53 MB

MaxMetaspaceSize: unlimited
CompressedClassSpaceSize: 1.00 GB
Initial GC threshold: 21.00 MB
Current GC threshold: 21.00 MB
CDS: on
MetaspaceReclaimPolicy: balanced
 - commit_granule_bytes: 65536.
 - commit_granule_words: 8192.
 - virtual_space_node_default_size: 8388608.
 - enlarge_chunks_in_place: 1.
 - new_chunks_are_fully_committed: 0.
 - uncommit_free_chunks: 1.
 - use_allocation_guard: 0.


Internal statistics:

num_allocs_failed_limit: 0.
num_arena_births: 58.
num_arena_deaths: 0.
num_vsnodes_births: 2.
num_vsnodes_deaths: 0.
num_space_committed: 71.
num_space_uncommitted: 0.
num_chunks_returned_to_freelist: 0.
num_chunks_taken_from_freelist: 128.
num_chunk_merges: 0.
num_chunk_splits: 78.
num_chunks_enlarged: 41.
num_inconsistent_stats: 0.

CodeHeap 'non-profiled nmethods': size=120000Kb used=724Kb max_used=724Kb free=119275Kb
 bounds [0x0000011c63400000, 0x0000011c63670000, 0x0000011c6a930000]
CodeHeap 'profiled nmethods': size=120000Kb used=1840Kb max_used=1840Kb free=118159Kb
 bounds [0x0000011c5b930000, 0x0000011c5bba0000, 0x0000011c62e60000]
CodeHeap 'non-nmethods': size=5760Kb used=1553Kb max_used=1570Kb free=4206Kb
 bounds [0x0000011c62e60000, 0x0000011c630d0000, 0x0000011c63400000]
 total_blobs=1609 nmethods=1129 adapters=391
 compilation: enabled
              stopped_count=0, restarted_count=0
 full_count=0

Compilation events (20 events):
Event: 3.127 Thread 0x0000011c7480fe00 1128       2       java.util.HashMap::get (19 bytes)
Event: 3.127 Thread 0x0000011c7480fe00 nmethod 1128 0x0000011c5bafbe90 code [0x0000011c5bafc020, 0x0000011c5bafc178]
Event: 3.133 Thread 0x0000011c748032b0 nmethod 1120 0x0000011c634ae710 code [0x0000011c634ae900, 0x0000011c634af338]
Event: 3.133 Thread 0x0000011c748032b0 1130       4       java.util.HashMap::getNode (150 bytes)
Event: 3.133 Thread 0x0000011c757db970 1129       4       java.util.HashMap::get (19 bytes)
Event: 3.133 Thread 0x0000011c757dbf00 1122       4       edu.cmu.sphinx.linguist.acoustic.tiedstate.TiedStateAcousticModel::getHMMAtAnyPosition (62 bytes)
Event: 3.138 Thread 0x0000011c757db970 nmethod 1129 0x0000011c634af990 code [0x0000011c634afb40, 0x0000011c634afe50]
Event: 3.138 Thread 0x0000011c757db970 1126 %     4       edu.cmu.sphinx.linguist.acoustic.HMMPool::<init> @ 336 (424 bytes)
Event: 3.139 Thread 0x0000011c748032b0 nmethod 1130 0x0000011c634b0110 code [0x0000011c634b02c0, 0x0000011c634b05c0]
Event: 3.139 Thread 0x0000011c748032b0 1123       4       edu.cmu.sphinx.linguist.acoustic.tiedstate.TiedStateAcousticModel::hasNonSilenceFiller (55 bytes)
Event: 3.143 Thread 0x0000011c748032b0 nmethod 1123 0x0000011c634b0890 code [0x0000011c634b0a20, 0x0000011c634b0ce0]
Event: 3.143 Thread 0x0000011c748032b0 1134       4       edu.cmu.sphinx.linguist.acoustic.UnitManager::getUnit (128 bytes)
Event: 3.147 Thread 0x0000011c757dbf00 nmethod 1122 0x0000011c634b0f10 code [0x0000011c634b1120, 0x0000011c634b19d8]
Event: 3.147 Thread 0x0000011c757dbf00 1131       4       java.util.HashMap::hash (20 bytes)
Event: 3.148 Thread 0x0000011c757dbf00 nmethod 1131 0x0000011c634b2290 code [0x0000011c634b2400, 0x0000011c634b24f0]
Event: 3.148 Thread 0x0000011c757dbf00 1132       4       edu.cmu.sphinx.linguist.acoustic.tiedstate.TiedStateAcousticModel::lookupNearestHMM (249 bytes)
Event: 3.153 Thread 0x0000011c748032b0 nmethod 1134 0x0000011c634b2610 code [0x0000011c634b27e0, 0x0000011c634b2f50]
Event: 3.153 Thread 0x0000011c748032b0 1133       4       edu.cmu.sphinx.linguist.acoustic.tiedstate.TiedStateAcousticModel::isComposite (46 bytes)
Event: 3.154 Thread 0x0000011c748032b0 nmethod 1133 0x0000011c634b3490 code [0x0000011c634b3600, 0x0000011c634b36f0]
Event: 3.154 Thread 0x0000011c748032b0 1127       4       edu.cmu.sphinx.linguist.acoustic.HMMPool::synthesizeUnit (226 bytes)

GC Heap History (20 events):
Event: 0.891 GC heap before
{Heap before GC invocations=1 (full 0):
 garbage-first heap   total 129024K, used 35056K [0x0000000083a00000, 0x0000000100000000)
  region size 1024K, 24 young (24576K), 3 survivors (3072K)
 Metaspace       used 3520K, committed 3648K, reserved 1114112K
  class space    used 321K, committed 384K, reserved 1048576K
}
Event: 0.896 GC heap after
{Heap after GC invocations=2 (full 0):
 garbage-first heap   total 129024K, used 13629K [0x0000000083a00000, 0x0000000100000000)
  region size 1024K, 1 young (1024K), 1 survivors (1024K)
 Metaspace       used 3520K, committed 3648K, reserved 1114112K
  class space    used 321K, committed 384K, reserved 1048576K
}
Event: 1.016 GC heap before
{Heap before GC invocations=2 (full 0):
 garbage-first heap   total 129024K, used 59709K [0x0000000083a00000, 0x0000000100000000)
  region size 1024K, 46 young (47104K), 1 survivors (1024K)
 Metaspace       used 3521K, committed 3648K, reserved 1114112K
  class space    used 321K, committed 384K, reserved 1048576K
}
Event: 1.017 GC heap after
{Heap after GC invocations=3 (full 0):
 garbage-first heap   total 129024K, used 13548K [0x0000000083a00000, 0x0000000100000000)
  region size 1024K, 1 young (1024K), 1 survivors (1024K)
 Metaspace       used 3521K, committed 3648K, reserved 1114112K
  class space    used 321K, committed 384K, reserved 1048576K
}
Event: 1.129 GC heap before
{Heap before GC invocations=3 (full 0):
 garbage-first heap   total 129024K, used 89324K [0x0000000083a00000, 0x0000000100000000)
  region size 1024K, 75 young (76800K), 1 survivors (1024K)
 Metaspace       used 3523K, committed 3648K, reserved 1114112K
  class space    used 321K, committed 384K, reserved 1048576K
}
Event: 1.130 GC heap after
{Heap after GC invocations=4 (full 0):
 garbage-first heap   total 129024K, used 13519K [0x0000000083a00000, 0x0000000100000000)
  region size 1024K, 1 young (1024K), 1 survivors (1024K)
 Metaspace       used 3523K, committed 3648K, reserved 1114112K
  class space    used 321K, committed 384K, reserved 1048576K
}
Event: 1.212 GC heap before
{Heap before GC invocations=4 (full 0):
 garbage-first heap   total 129024K, used 89295K [0x0000000083a00000, 0x0000000100000000)
  region size 1024K, 75 young (76800K), 1 survivors (1024K)
 Metaspace       used 3524K, committed 3648K, reserved 1114112K
  class space    used 321K, committed 384K, reserved 1048576K
}
Event: 1.213 GC heap after
{Heap after GC invocations=5 (full 0):
 garbage-first heap   total 129024K, used 13507K [0x0000000083a00000, 0x0000000100000000)
  region size 1024K, 1 young (1024K), 1 survivors (1024K)
 Metaspace       used 3524K, committed 3648K, reserved 1114112K
  class space    used 321K, committed 384K, reserved 1048576K
}
Event: 1.285 GC heap before
{Heap before GC invocations=5 (full 0):
 garbage-first heap   total 129024K, used 89283K [0x0000000083a00000, 0x0000000100000000)
  region size 1024K, 75 young (76800K), 1 survivors (1024K)
 Metaspace       used 3524K, committed 3648K, reserved 1114112K
  class space    used 321K, committed 384K, reserved 1048576K
}
Event: 1.286 GC heap after
{Heap after GC invocations=6 (full 0):
 garbage-first heap   total 129024K, used 13506K [0x0000000083a00000, 0x0000000100000000)
  region size 1024K, 1 young (1024K), 1 survivors (1024K)
 Metaspace       used 3524K, committed 3648K, reserved 1114112K
  class space    used 321K, committed 384K, reserved 1048576K
}
Event: 1.515 GC heap before
{Heap before GC invocations=6 (full 0):
 garbage-first heap   total 129024K, used 89282K [0x0000000083a00000, 0x0000000100000000)
  region size 1024K, 75 young (76800K), 1 survivors (1024K)
 Metaspace       used 3635K, committed 3840K, reserved 1114112K
  class space    used 332K, committed 448K, reserved 1048576K
}
Event: 1.524 GC heap after
{Heap after GC invocations=7 (full 0):
 garbage-first heap   total 155648K, used 19455K [0x0000000083a00000, 0x0000000100000000)
  region size 1024K, 6 young (6144K), 6 survivors (6144K)
 Metaspace       used 3635K, committed 3840K, reserved 1114112K
  class space    used 332K, committed 448K, reserved 1048576K
}
Event: 1.706 GC heap before
{Heap before GC invocations=7 (full 0):
 garbage-first heap   total 155648K, used 106495K [0x0000000083a00000, 0x0000000100000000)
  region size 1024K, 91 young (93184K), 6 survivors (6144K)
 Metaspace       used 3643K, committed 3840K, reserved 1114112K
  class space    used 332K, committed 448K, reserved 1048576K
}
Event: 1.732 GC heap after
{Heap after GC invocations=8 (full 0):
 garbage-first heap   total 155648K, used 29696K [0x0000000083a00000, 0x0000000100000000)
  region size 1024K, 12 young (12288K), 12 survivors (12288K)
 Metaspace       used 3643K, committed 3840K, reserved 1114112K
  class space    used 332K, committed 448K, reserved 1048576K
}
Event: 1.830 GC heap before
{Heap before GC invocations=8 (full 0):
 garbage-first heap   total 155648K, used 110592K [0x0000000083a00000, 0x0000000100000000)
  region size 1024K, 91 young (93184K), 12 survivors (12288K)
 Metaspace       used 3643K, committed 3840K, reserved 1114112K
  class space    used 332K, committed 448K, reserved 1048576K
}
Event: 1.858 GC heap after
{Heap after GC invocations=9 (full 0):
 garbage-first heap   total 155648K, used 40960K [0x0000000083a00000, 0x0000000100000000)
  region size 1024K, 11 young (11264K), 11 survivors (11264K)
 Metaspace       used 3643K, committed 3840K, reserved 1114112K
  class space    used 332K, committed 448K, reserved 1048576K
}
Event: 1.965 GC heap before
{Heap before GC invocations=9 (full 0):
 garbage-first heap   total 155648K, used 122880K [0x0000000083a00000, 0x0000000100000000)
  region size 1024K, 91 young (93184K), 11 survivors (11264K)
 Metaspace       used 3643K, committed 3840K, reserved 1114112K
  class space    used 332K, committed 448K, reserved 1048576K
}
Event: 1.995 GC heap after
{Heap after GC invocations=10 (full 0):
 garbage-first heap   total 155648K, used 50688K [0x0000000083a00000, 0x0000000100000000)
  region size 1024K, 11 young (11264K), 11 survivors (11264K)
 Metaspace       used 3643K, committed 3840K, reserved 1114112K
  class space    used 332K, committed 448K, reserved 1048576K
}
Event: 2.166 GC heap before
{Heap before GC invocations=10 (full 0):
 garbage-first heap   total 155648K, used 130560K [0x0000000083a00000, 0x0000000100000000)
  region size 1024K, 88 young (90112K), 11 survivors (11264K)
 Metaspace       used 3643K, committed 3840K, reserved 1114112K
  class space    used 332K, committed 448K, reserved 1048576K
}
Event: 2.196 GC heap after
{Heap after GC invocations=11 (full 0):
 garbage-first heap   total 336896K, used 60672K [0x0000000083a00000, 0x0000000100000000)
  region size 1024K, 10 young (10240K), 10 survivors (10240K)
 Metaspace       used 3643K, committed 3840K, reserved 1114112K
  class space    used 332K, committed 448K, reserved 1048576K
}

Dll operation events (7 events):
Event: 0.012 Loaded shared library C:\Program Files\Java\jdk-20\bin\java.dll
Event: 0.036 Loaded shared library C:\Program Files\Java\jdk-20\bin\jsvml.dll
Event: 0.081 Loaded shared library C:\Program Files\Java\jdk-20\bin\net.dll
Event: 0.084 Loaded shared library C:\Program Files\Java\jdk-20\bin\nio.dll
Event: 0.089 Loaded shared library C:\Program Files\Java\jdk-20\bin\zip.dll
Event: 0.114 Loaded shared library C:\Program Files\Java\jdk-20\bin\jimage.dll
Event: 2.374 Loaded shared library C:\Program Files\Java\jdk-20\bin\jsound.dll

Deoptimization events (20 events):
Event: 3.126 Thread 0x0000011c5161bf70 Uncommon trap: trap_request=0xffffffde fr.pc=0x0000011c634375b0 relative=0x0000000000000270
Event: 3.126 Thread 0x0000011c5161bf70 Uncommon trap: reason=class_check action=maybe_recompile pc=0x0000011c634375b0 method=java.util.HashMap.getNode(Ljava/lang/Object;)Ljava/util/HashMap$Node; @ 128 c2
Event: 3.126 Thread 0x0000011c5161bf70 DEOPT PACKING pc=0x0000011c634375b0 sp=0x00000002502fee30
Event: 3.126 Thread 0x0000011c5161bf70 DEOPT UNPACKING pc=0x0000011c62e7d2a2 sp=0x00000002502fed28 mode 2
Event: 3.126 Thread 0x0000011c5161bf70 Uncommon trap: trap_request=0xffffffde fr.pc=0x0000011c634375b0 relative=0x0000000000000270
Event: 3.126 Thread 0x0000011c5161bf70 Uncommon trap: reason=class_check action=maybe_recompile pc=0x0000011c634375b0 method=java.util.HashMap.getNode(Ljava/lang/Object;)Ljava/util/HashMap$Node; @ 128 c2
Event: 3.126 Thread 0x0000011c5161bf70 DEOPT PACKING pc=0x0000011c634375b0 sp=0x00000002502fee30
Event: 3.126 Thread 0x0000011c5161bf70 DEOPT UNPACKING pc=0x0000011c62e7d2a2 sp=0x00000002502fed28 mode 2
Event: 3.126 Thread 0x0000011c5161bf70 Uncommon trap: trap_request=0xffffffde fr.pc=0x0000011c634375b0 relative=0x0000000000000270
Event: 3.126 Thread 0x0000011c5161bf70 Uncommon trap: reason=class_check action=maybe_recompile pc=0x0000011c634375b0 method=java.util.HashMap.getNode(Ljava/lang/Object;)Ljava/util/HashMap$Node; @ 128 c2
Event: 3.126 Thread 0x0000011c5161bf70 DEOPT PACKING pc=0x0000011c634375b0 sp=0x00000002502fee30
Event: 3.126 Thread 0x0000011c5161bf70 DEOPT UNPACKING pc=0x0000011c62e7d2a2 sp=0x00000002502fed28 mode 2
Event: 3.126 Thread 0x0000011c5161bf70 Uncommon trap: trap_request=0xffffffde fr.pc=0x0000011c634375b0 relative=0x0000000000000270
Event: 3.126 Thread 0x0000011c5161bf70 Uncommon trap: reason=class_check action=maybe_recompile pc=0x0000011c634375b0 method=java.util.HashMap.getNode(Ljava/lang/Object;)Ljava/util/HashMap$Node; @ 128 c2
Event: 3.126 Thread 0x0000011c5161bf70 DEOPT PACKING pc=0x0000011c634375b0 sp=0x00000002502fee30
Event: 3.126 Thread 0x0000011c5161bf70 DEOPT UNPACKING pc=0x0000011c62e7d2a2 sp=0x00000002502fed28 mode 2
Event: 3.128 Thread 0x0000011c5161bf70 Uncommon trap: trap_request=0xffffffde fr.pc=0x0000011c634330b8 relative=0x0000000000000278
Event: 3.128 Thread 0x0000011c5161bf70 Uncommon trap: reason=class_check action=maybe_recompile pc=0x0000011c634330b8 method=java.util.HashMap.getNode(Ljava/lang/Object;)Ljava/util/HashMap$Node; @ 128 c2
Event: 3.128 Thread 0x0000011c5161bf70 DEOPT PACKING pc=0x0000011c634330b8 sp=0x00000002502fedf0
Event: 3.128 Thread 0x0000011c5161bf70 DEOPT UNPACKING pc=0x0000011c62e7d2a2 sp=0x00000002502fed58 mode 2

Classes loaded (20 events):
Event: 2.440 Loading class javax/sound/sampled/LineEvent
Event: 2.440 Loading class java/util/EventObject
Event: 2.440 Loading class java/util/EventObject done
Event: 2.440 Loading class javax/sound/sampled/LineEvent done
Event: 2.440 Loading class javax/sound/sampled/LineEvent$Type
Event: 2.440 Loading class javax/sound/sampled/LineEvent$Type done
Event: 2.440 Loading class com/sun/media/sound/EventDispatcher
Event: 2.440 Loading class com/sun/media/sound/EventDispatcher done
Event: 3.069 Loading class javax/sound/sampled/AudioInputStream$TargetDataLineInputStream
Event: 3.069 Loading class javax/sound/sampled/AudioInputStream$TargetDataLineInputStream done
Event: 3.073 Loading class java/util/EnumMap$Values
Event: 3.074 Loading class java/util/EnumMap$Values done
Event: 3.074 Loading class java/util/EnumMap$ValueIterator
Event: 3.074 Loading class java/util/EnumMap$EnumMapIterator
Event: 3.074 Loading class java/util/EnumMap$EnumMapIterator done
Event: 3.074 Loading class java/util/EnumMap$ValueIterator done
Event: 3.076 Loading class java/util/StringTokenizer
Event: 3.076 Loading class java/util/StringTokenizer done
Event: 3.077 Loading class java/util/LinkedList$Node
Event: 3.077 Loading class java/util/LinkedList$Node done

Classes unloaded (0 events):
No events

Classes redefined (0 events):
No events

Internal exceptions (1 events):
Event: 0.281 Thread 0x0000011c5161bf70 Exception <a 'java/lang/NoSuchMethodError'{0x000000008b3fea18}: 'java.lang.Object java.lang.invoke.DirectMethodHandle$Holder.newInvokeSpecial(java.lang.Object, java.lang.Object, java.lang.Object, java.lang.Object, java.lang.Object)'> (0x000000008b3fea18) 
thrown [s\open\src\hotspot\share\interpreter\linkResolver.cpp, line 773]

VM Operations (20 events):
Event: 1.016 Executing VM operation: G1CollectForAllocation
Event: 1.017 Executing VM operation: G1CollectForAllocation done
Event: 1.129 Executing VM operation: G1CollectForAllocation
Event: 1.130 Executing VM operation: G1CollectForAllocation done
Event: 1.211 Executing VM operation: G1CollectForAllocation
Event: 1.213 Executing VM operation: G1CollectForAllocation done
Event: 1.285 Executing VM operation: G1CollectForAllocation
Event: 1.286 Executing VM operation: G1CollectForAllocation done
Event: 1.377 Executing VM operation: HandshakeAllThreads
Event: 1.377 Executing VM operation: HandshakeAllThreads done
Event: 1.515 Executing VM operation: G1CollectForAllocation
Event: 1.525 Executing VM operation: G1CollectForAllocation done
Event: 1.706 Executing VM operation: G1CollectForAllocation
Event: 1.733 Executing VM operation: G1CollectForAllocation done
Event: 1.829 Executing VM operation: G1CollectForAllocation
Event: 1.858 Executing VM operation: G1CollectForAllocation done
Event: 1.964 Executing VM operation: G1CollectForAllocation
Event: 1.995 Executing VM operation: G1CollectForAllocation done
Event: 2.166 Executing VM operation: G1CollectForAllocation
Event: 2.196 Executing VM operation: G1CollectForAllocation done

Events (20 events):
Event: 0.051 Thread 0x0000011c6fc74620 Thread added: 0x0000011c6fc74620
Event: 0.051 Thread 0x0000011c6fc7a9a0 Thread added: 0x0000011c6fc7a9a0
Event: 0.051 Thread 0x0000011c6fc7e7e0 Thread added: 0x0000011c6fc7e7e0
Event: 0.051 Thread 0x0000011c6fc7c900 Thread added: 0x0000011c6fc7c900
Event: 0.051 Thread 0x0000011c6fc7d780 Thread added: 0x0000011c6fc7d780
Event: 0.051 Thread 0x0000011c748032b0 Thread added: 0x0000011c748032b0
Event: 0.051 Thread 0x0000011c7480fe00 Thread added: 0x0000011c7480fe00
Event: 0.070 Thread 0x0000011c74947030 Thread added: 0x0000011c74947030
Event: 0.075 Thread 0x0000011c7494d260 Thread added: 0x0000011c7494d260
Event: 0.220 Thread 0x0000011c74c18ab0 Thread added: 0x0000011c74c18ab0
Event: 0.720 Thread 0x0000011c74cd3460 Thread added: 0x0000011c74cd3460
Event: 1.207 Thread 0x0000011c74cd3460 Thread exited: 0x0000011c74cd3460
Event: 1.208 Thread 0x0000011c74c18ab0 Thread exited: 0x0000011c74c18ab0
Event: 1.342 Thread 0x0000011c74cd3460 Thread added: 0x0000011c74cd3460
Event: 1.342 Thread 0x0000011c753fe880 Thread added: 0x0000011c753fe880
Event: 2.336 Thread 0x0000011c753fe880 Thread exited: 0x0000011c753fe880
Event: 2.336 Thread 0x0000011c74cd3460 Thread exited: 0x0000011c74cd3460
Event: 2.441 Thread 0x0000011c758f2cc0 Thread added: 0x0000011c758f2cc0
Event: 3.133 Thread 0x0000011c757db970 Thread added: 0x0000011c757db970
Event: 3.133 Thread 0x0000011c757dbf00 Thread added: 0x0000011c757dbf00


Dynamic libraries:
0x00007ff61d1f0000 - 0x00007ff61d200000 	C:\Program Files\Java\jdk-20\bin\javaw.exe
0x00007fff84550000 - 0x00007fff84767000 	C:\WINDOWS\SYSTEM32\ntdll.dll
0x00007fff83350000 - 0x00007fff83414000 	C:\WINDOWS\System32\KERNEL32.DLL
0x00007fff81e30000 - 0x00007fff821d5000 	C:\WINDOWS\System32\KERNELBASE.dll
0x00007fff81930000 - 0x00007fff81a41000 	C:\WINDOWS\System32\ucrtbase.dll
0x00007fff2fc40000 - 0x00007fff2fc59000 	C:\Program Files\Java\jdk-20\bin\jli.dll
0x00007fff822a0000 - 0x00007fff82351000 	C:\WINDOWS\System32\ADVAPI32.dll
0x00007fff17f10000 - 0x00007fff17f2b000 	C:\Program Files\Java\jdk-20\bin\VCRUNTIME140.dll
0x00007fff84250000 - 0x00007fff842f7000 	C:\WINDOWS\System32\msvcrt.dll
0x00007fff82a80000 - 0x00007fff82b26000 	C:\WINDOWS\System32\sechost.dll
0x00007fff83cf0000 - 0x00007fff83e07000 	C:\WINDOWS\System32\RPCRT4.dll
0x00007fff840a0000 - 0x00007fff8424e000 	C:\WINDOWS\System32\USER32.dll
0x00007fff81e00000 - 0x00007fff81e26000 	C:\WINDOWS\System32\win32u.dll
0x00007fff6b570000 - 0x00007fff6b803000 	C:\WINDOWS\WinSxS\amd64_microsoft.windows.common-controls_6595b64144ccf1df_6.0.22621.2506_none_270c5ae97388e100\COMCTL32.dll
0x00007fff823e0000 - 0x00007fff82409000 	C:\WINDOWS\System32\GDI32.dll
0x00007fff81bc0000 - 0x00007fff81cd9000 	C:\WINDOWS\System32\gdi32full.dll
0x00007fff81d60000 - 0x00007fff81dfa000 	C:\WINDOWS\System32\msvcp_win.dll
0x00007fff79e10000 - 0x00007fff79e1a000 	C:\WINDOWS\SYSTEM32\VERSION.dll
0x00007fff82a30000 - 0x00007fff82a61000 	C:\WINDOWS\System32\IMM32.DLL
0x00007fff17ee0000 - 0x00007fff17eec000 	C:\Program Files\Java\jdk-20\bin\vcruntime140_1.dll
0x00007ffefd040000 - 0x00007ffefd0ce000 	C:\Program Files\Java\jdk-20\bin\msvcp140.dll
0x00007ffefc3a0000 - 0x00007ffefd038000 	C:\Program Files\Java\jdk-20\bin\server\jvm.dll
0x00007fff799a0000 - 0x00007fff799a9000 	C:\WINDOWS\SYSTEM32\WSOCK32.dll
0x00007fff797c0000 - 0x00007fff797f4000 	C:\WINDOWS\SYSTEM32\WINMM.dll
0x00007fff843b0000 - 0x00007fff84421000 	C:\WINDOWS\System32\WS2_32.dll
0x00007fff80910000 - 0x00007fff80928000 	C:\WINDOWS\SYSTEM32\kernel.appcore.dll
0x00007fff10220000 - 0x00007fff1022a000 	C:\Program Files\Java\jdk-20\bin\jimage.dll
0x00007fff7f1d0000 - 0x00007fff7f403000 	C:\WINDOWS\SYSTEM32\DBGHELP.DLL
0x00007fff82b30000 - 0x00007fff82eb9000 	C:\WINDOWS\System32\combase.dll
0x00007fff84430000 - 0x00007fff84507000 	C:\WINDOWS\System32\OLEAUT32.dll
0x00007fff62620000 - 0x00007fff62652000 	C:\WINDOWS\SYSTEM32\dbgcore.DLL
0x00007fff81ce0000 - 0x00007fff81d5a000 	C:\WINDOWS\System32\bcryptPrimitives.dll
0x00007fff0a910000 - 0x00007fff0a936000 	C:\Program Files\Java\jdk-20\bin\java.dll
0x00007ffefc2c0000 - 0x00007ffefc397000 	C:\Program Files\Java\jdk-20\bin\jsvml.dll
0x00007fff83490000 - 0x00007fff83ce9000 	C:\WINDOWS\System32\SHELL32.dll
0x00007fff7f790000 - 0x00007fff80084000 	C:\WINDOWS\SYSTEM32\windows.storage.dll
0x00007fff7f650000 - 0x00007fff7f78e000 	C:\WINDOWS\SYSTEM32\wintypes.dll
0x00007fff82ec0000 - 0x00007fff82fb3000 	C:\WINDOWS\System32\SHCORE.dll
0x00007fff83030000 - 0x00007fff8308e000 	C:\WINDOWS\System32\shlwapi.dll
0x00007fff817f0000 - 0x00007fff81816000 	C:\WINDOWS\SYSTEM32\profapi.dll
0x00007fff07d90000 - 0x00007fff07da3000 	C:\Program Files\Java\jdk-20\bin\net.dll
0x00007fff79ca0000 - 0x00007fff79dd7000 	C:\WINDOWS\SYSTEM32\WINHTTP.dll
0x00007fff80e30000 - 0x00007fff80e99000 	C:\WINDOWS\system32\mswsock.dll
0x00007fff07030000 - 0x00007fff07046000 	C:\Program Files\Java\jdk-20\bin\nio.dll
0x00007fff08980000 - 0x00007fff08998000 	C:\Program Files\Java\jdk-20\bin\zip.dll
0x00007fff52b40000 - 0x00007fff52b52000 	C:\Program Files\Java\jdk-20\bin\jsound.dll
0x00007fff831b0000 - 0x00007fff83350000 	C:\WINDOWS\System32\ole32.dll
0x00007fff0ad60000 - 0x00007fff0ae02000 	C:\WINDOWS\SYSTEM32\DSOUND.dll
0x00007fff08250000 - 0x00007fff08301000 	C:\WINDOWS\SYSTEM32\ResampleDmo.DLL
0x00007fff806f0000 - 0x00007fff8073d000 	C:\WINDOWS\SYSTEM32\powrprof.dll
0x00007fff60450000 - 0x00007fff60479000 	C:\WINDOWS\SYSTEM32\winmmbase.dll
0x00007fff73410000 - 0x00007fff7341b000 	C:\WINDOWS\SYSTEM32\msdmo.dll
0x00007fff806d0000 - 0x00007fff806e3000 	C:\WINDOWS\SYSTEM32\UMPDC.dll
0x00007fff7e7d0000 - 0x00007fff7e87b000 	C:\WINDOWS\system32\uxtheme.dll
0x00007fff84300000 - 0x00007fff843b0000 	C:\WINDOWS\System32\clbcatq.dll
0x00007fff6fb40000 - 0x00007fff6fbdd000 	C:\WINDOWS\System32\MMDevApi.dll
0x00007fff81580000 - 0x00007fff815ac000 	C:\WINDOWS\System32\DEVOBJ.dll
0x00007fff815b0000 - 0x00007fff815fe000 	C:\WINDOWS\SYSTEM32\cfgmgr32.dll
0x00007fff52af0000 - 0x00007fff52b36000 	C:\WINDOWS\SYSTEM32\wdmaud.drv
0x00007fff7c1e0000 - 0x00007fff7c1eb000 	C:\WINDOWS\SYSTEM32\AVRT.dll
0x00007fff5e7f0000 - 0x00007fff5e7f9000 	C:\WINDOWS\SYSTEM32\ksuser.dll
0x00007fff6b9d0000 - 0x00007fff6bbbc000 	C:\WINDOWS\SYSTEM32\AUDIOSES.DLL
0x00007fff581f0000 - 0x00007fff581fe000 	C:\WINDOWS\SYSTEM32\msacm32.drv
0x00007fff52ad0000 - 0x00007fff52aee000 	C:\WINDOWS\SYSTEM32\MSACM32.dll
0x00007fff57fa0000 - 0x00007fff57fab000 	C:\WINDOWS\SYSTEM32\midimap.dll
0x00007fff7edb0000 - 0x00007fff7edc5000 	C:\WINDOWS\SYSTEM32\resourcepolicyclient.dll

dbghelp: loaded successfully - version: 4.0.5 - missing functions: none
symbol engine: initialized successfully - sym options: 0x614 - pdb path: .;C:\Program Files\Java\jdk-20\bin;C:\WINDOWS\SYSTEM32;C:\WINDOWS\WinSxS\amd64_microsoft.windows.common-controls_6595b64144ccf1df_6.0.22621.2506_none_270c5ae97388e100;C:\Program Files\Java\jdk-20\bin\server

VM Arguments:
jvm_args: -Dfile.encoding=UTF-8 -Dstdout.encoding=UTF-8 -Dstderr.encoding=UTF-8 -XX:+ShowCodeDetailsInExceptionMessages 
java_command: com.rekildo.voice.VoiceAssistant
java_class_path (initial): C:\Users\saura\OneDrive\Desktop\Jarvis\jarvis\target\classes;C:\Users\saura\.m2\repository\de\sciss\sphinx4-data\1.0.0\sphinx4-data-1.0.0.jar;C:\Users\saura\.m2\repository\net\sf\phat\sphinx4-core\5prealpha\sphinx4-core-5prealpha.jar
Launcher Type: SUN_STANDARD

[Global flags]
     intx CICompilerCount                          = 4                                         {product} {ergonomic}
     uint ConcGCThreads                            = 3                                         {product} {ergonomic}
     uint G1ConcRefinementThreads                  = 10                                        {product} {ergonomic}
   size_t G1HeapRegionSize                         = 1048576                                   {product} {ergonomic}
    uintx GCDrainStackTargetSize                   = 64                                        {product} {ergonomic}
   size_t InitialHeapSize                          = 132120576                                 {product} {ergonomic}
   size_t MarkStackSize                            = 4194304                                   {product} {ergonomic}
   size_t MaxHeapSize                              = 2086666240                                {product} {ergonomic}
   size_t MaxNewSize                               = 1251999744                                {product} {ergonomic}
   size_t MinHeapDeltaBytes                        = 1048576                                   {product} {ergonomic}
   size_t MinHeapSize                              = 8388608                                   {product} {ergonomic}
    uintx NonNMethodCodeHeapSize                   = 5839372                                {pd product} {ergonomic}
    uintx NonProfiledCodeHeapSize                  = 122909434                              {pd product} {ergonomic}
    uintx ProfiledCodeHeapSize                     = 122909434                              {pd product} {ergonomic}
    uintx ReservedCodeCacheSize                    = 251658240                              {pd product} {ergonomic}
     bool SegmentedCodeCache                       = true                                      {product} {ergonomic}
     bool ShowCodeDetailsInExceptionMessages       = true                                   {manageable} {command line}
   size_t SoftMaxHeapSize                          = 2086666240                             {manageable} {ergonomic}
     bool UseCompressedClassPointers               = true                           {product lp64_product} {ergonomic}
     bool UseCompressedOops                        = true                           {product lp64_product} {ergonomic}
     bool UseG1GC                                  = true                                      {product} {ergonomic}
     bool UseLargePagesIndividualAllocation        = false                                  {pd product} {ergonomic}

Logging:
Log output configuration:
 #0: stdout all=warning uptime,level,tags foldmultilines=false
 #1: stderr all=off uptime,level,tags foldmultilines=false

Environment Variables:
PATH=C:\Program Files\Common Files\Oracle\Java\javapath;C:\Python311\Scripts\;C:\Python311\;C:\Windows\system32;C:\Windows;C:\Windows\System32\Wbem;C:\Windows\System32\WindowsPowerShell\v1.0\;C:\Windows\System32\OpenSSH\;C:\Program Files (x86)\NVIDIA Corporation\PhysX\Common;C:\Program Files\NVIDIA Corporation\NVIDIA NvDLISR;C:\WINDOWS\system32;C:\WINDOWS;C:\WINDOWS\System32\Wbem;C:\WINDOWS\System32\WindowsPowerShell\v1.0\;C:\WINDOWS\System32\OpenSSH\;C:\Program Files\MySQL\MySQL Server 8.0\bin;C:\php-8.2.3;C:\Program Files\Git\cmd;C:\ProgramData\chocolatey\bin;C:\Program Files\nodejs\;C:\Program Files\Java\jdk-20\bin;C:\Users\saura\AppData\Local\Microsoft\WindowsApps;C:\MinGW\bin;G:\extra\Microsoft VS Code\bin;G:\Brackets\;E:\extra\Microsoft VS Code\bin;C:\Users\saura\AppData\Roaming\npm;C:\Program Files\Java\jdk-20\bin;
USERNAME=saura
OS=Windows_NT
PROCESSOR_IDENTIFIER=Intel64 Family 6 Model 141 Stepping 1, GenuineIntel
TMP=C:\Users\saura\AppData\Local\Temp
TEMP=C:\Users\saura\AppData\Local\Temp




---------------  S Y S T E M  ---------------

OS:
 Windows 11 , 64 bit Build 22621 (10.0.22621.2506)
OS uptime: 0 days 0:29 hours
Hyper-V role detected

CPU: total 12 (initial active 12) (6 cores per cpu, 2 threads per core) family 6 model 141 stepping 1 microcode 0x3c, cx8, cmov, fxsr, ht, mmx, 3dnowpref, sse, sse2, sse3, ssse3, sse4.1, sse4.2, popcnt, lzcnt, tsc, tscinvbit, avx, avx2, aes, erms, clmul, bmi1, bmi2, adx, avx512f, avx512dq, avx512cd, avx512bw, avx512vl, sha, fma, vzeroupper, avx512_vpopcntdq, avx512_vpclmulqdq, avx512_vaes, avx512_vnni, clflush, clflushopt, clwb, avx512_vbmi2, avx512_vbmi, hv, rdtscp, rdpid, fsrm, gfni, avx512_bitalg, f16c, cet_ibt, cet_ss, avx512_ifma

Memory: 4k page, system-wide physical 7955M (1176M free)
TotalPageFile size 10003M (AvailPageFile size 7M)
current process WorkingSet (physical memory assigned to process): 304M, peak: 304M
current process commit charge ("private bytes"): 443M, peak: 443M

vm_info: Java HotSpot(TM) 64-Bit Server VM (20.0.2+9-78) for windows-amd64 JRE (20.0.2+9-78), built on 2023-06-14T10:08:48Z by "mach5one" with MS VC++ 17.1 (VS2022)

END.
