#
# There is insufficient memory for the Java Runtime Environment to continue.
# Native memory allocation (malloc) failed to allocate 1320192 bytes for Chunk::new
# Possible reasons:
#   The system is out of physical RAM or swap space
#   The process is running with CompressedOops enabled, and the Java Heap may be blocking the growth of the native heap
# Possible solutions:
#   Reduce memory load on the system
#   Increase physical memory or swap space
#   Check if swap backing store is full
#   Decrease Java heap size (-Xmx/-Xms)
#   Decrease number of Java threads
#   Decrease Java thread stack sizes (-Xss)
#   Set larger code cache with -XX:ReservedCodeCacheSize=
#   JVM is running with Unscaled Compressed Oops mode in which the Java heap is
#     placed in the first 4GB address space. The Java Heap base address is the
#     maximum limit for the native heap growth. Please use -XX:HeapBaseMinAddress
#     to set the Java Heap base and to place the Java Heap above 4GB virtual address.
# This output file may be truncated or incomplete.
#
#  Out of Memory Error (arena.cpp:184), pid=15776, tid=1264
#
# JRE version: Java(TM) SE Runtime Environment (20.0.2+9) (build 20.0.2+9-78)
# Java VM: Java HotSpot(TM) 64-Bit Server VM (20.0.2+9-78, mixed mode, sharing, tiered, compressed oops, compressed class ptrs, g1 gc, windows-amd64)
# No core dump will be written. Minidumps are not enabled by default on client versions of Windows
#

---------------  S U M M A R Y ------------

Command Line: -Dfile.encoding=UTF-8 -Dstdout.encoding=UTF-8 -Dstderr.encoding=UTF-8 -XX:+ShowCodeDetailsInExceptionMessages com.rekildo.voice.VoiceAssistant

Host: 11th Gen Intel(R) Core(TM) i5-11400H @ 2.70GHz, 12 cores, 7G,  Windows 11 , 64 bit Build 22621 (10.0.22621.2506)
Time: Thu Dec  7 11:25:14 2023 India Standard Time elapsed time: 14.096269 seconds (0d 0h 0m 14s)

---------------  T H R E A D  ---------------

Current thread (0x000002c5e6a43b70):  JavaThread "C2 CompilerThread2" daemon [_thread_in_native, id=1264, stack(0x000000e4a9600000,0x000000e4a9700000)]


Current CompileTask:
C2:  14096 1566       4       edu.cmu.sphinx.decoder.search.Token::calculateScore (40 bytes)

Stack: [0x000000e4a9600000,0x000000e4a9700000]
Native frames: (J=compiled Java code, j=interpreted, Vv=VM code, C=native code)
V  [jvm.dll+0x6bc25a]
V  [jvm.dll+0x84971a]
V  [jvm.dll+0x84b315]
V  [jvm.dll+0x84ba13]
V  [jvm.dll+0x280e4f]
V  [jvm.dll+0xc2ab1]
V  [jvm.dll+0xc2dd5]
V  [jvm.dll+0x3bb64c]
V  [jvm.dll+0x385b75]
V  [jvm.dll+0x384fea]
V  [jvm.dll+0x24b529]
V  [jvm.dll+0x24a921]
V  [jvm.dll+0x1ce761]
V  [jvm.dll+0x25a0eb]
V  [jvm.dll+0x2587c0]
V  [jvm.dll+0x3f2dd5]
V  [jvm.dll+0x7f5c76]
V  [jvm.dll+0x6baecb]
C  [ucrtbase.dll+0x29363]
C  [KERNEL32.DLL+0x1257d]
C  [ntdll.dll+0x5aa58]


---------------  P R O C E S S  ---------------

Threads class SMR info:
_java_thread_list=0x000002c5e5fb8410, length=14, elements={
0x000002c5c4995720, 0x000002c5e1718ef0, 0x000002c5e1719de0, 0x000002c5e171eca0,
0x000002c5e1720810, 0x000002c5e1721240, 0x000002c5e1721da0, 0x000002c5e1723700,
0x000002c5e17383c0, 0x000002c5e59ff6a0, 0x000002c5e5a091e0, 0x000002c5e6426ca0,
0x000002c5e6a43300, 0x000002c5e6a43b70
}

Java Threads: ( => current thread )
  0x000002c5c4995720 JavaThread "main" [_thread_blocked, id=8184, stack(0x000000e4a7400000,0x000000e4a7500000)]
  0x000002c5e1718ef0 JavaThread "Reference Handler" daemon [_thread_blocked, id=14144, stack(0x000000e4a7b00000,0x000000e4a7c00000)]
  0x000002c5e1719de0 JavaThread "Finalizer" daemon [_thread_blocked, id=14108, stack(0x000000e4a7c00000,0x000000e4a7d00000)]
  0x000002c5e171eca0 JavaThread "Signal Dispatcher" daemon [_thread_blocked, id=1292, stack(0x000000e4a7d00000,0x000000e4a7e00000)]
  0x000002c5e1720810 JavaThread "Attach Listener" daemon [_thread_blocked, id=15100, stack(0x000000e4a7e00000,0x000000e4a7f00000)]
  0x000002c5e1721240 JavaThread "Service Thread" daemon [_thread_blocked, id=15160, stack(0x000000e4a7f00000,0x000000e4a8000000)]
  0x000002c5e1721da0 JavaThread "Monitor Deflation Thread" daemon [_thread_blocked, id=8748, stack(0x000000e4a8000000,0x000000e4a8100000)]
  0x000002c5e1723700 JavaThread "C2 CompilerThread0" daemon [_thread_blocked, id=15132, stack(0x000000e4a8100000,0x000000e4a8200000)]
  0x000002c5e17383c0 JavaThread "C1 CompilerThread0" daemon [_thread_blocked, id=7140, stack(0x000000e4a8200000,0x000000e4a8300000)]
  0x000002c5e59ff6a0 JavaThread "Notification Thread" daemon [_thread_blocked, id=6008, stack(0x000000e4a8300000,0x000000e4a8400000)]
  0x000002c5e5a091e0 JavaThread "Common-Cleaner" daemon [_thread_blocked, id=9076, stack(0x000000e4a8500000,0x000000e4a8600000)]
  0x000002c5e6426ca0 JavaThread "Java Sound Event Dispatcher" daemon [_thread_blocked, id=15184, stack(0x000000e4a8e00000,0x000000e4a8f00000)]
  0x000002c5e6a43300 JavaThread "C2 CompilerThread1" daemon [_thread_blocked, id=12096, stack(0x000000e4a9500000,0x000000e4a9600000)]
=>0x000002c5e6a43b70 JavaThread "C2 CompilerThread2" daemon [_thread_in_native, id=1264, stack(0x000000e4a9600000,0x000000e4a9700000)]

Other Threads:
  0x000002c5e16fa810 VMThread "VM Thread" [stack: 0x000000e4a7a00000,0x000000e4a7b00000] [id=13400]
  0x000002c5e5a06a40 WatcherThread "VM Periodic Task Thread" [stack: 0x000000e4a8400000,0x000000e4a8500000] [id=15156]
  0x000002c5c49f6180 WorkerThread "GC Thread#0" [stack: 0x000000e4a7500000,0x000000e4a7600000] [id=15208]
  0x000002c5e5d27750 WorkerThread "GC Thread#1" [stack: 0x000000e4a8800000,0x000000e4a8900000] [id=5576]
  0x000002c5e5dd15b0 WorkerThread "GC Thread#2" [stack: 0x000000e4a8900000,0x000000e4a8a00000] [id=7052]
  0x000002c5e5dd1010 WorkerThread "GC Thread#3" [stack: 0x000000e4a8a00000,0x000000e4a8b00000] [id=14424]
  0x000002c5e5dd0d40 WorkerThread "GC Thread#4" [stack: 0x000000e4a8b00000,0x000000e4a8c00000] [id=15168]
  0x000002c5e5dd20f0 WorkerThread "GC Thread#5" [stack: 0x000000e4a8c00000,0x000000e4a8d00000] [id=2200]
  0x000002c5e5dd0a70 WorkerThread "GC Thread#6" [stack: 0x000000e4a8d00000,0x000000e4a8e00000] [id=9788]
  0x000002c5c4a069d0 ConcurrentGCThread "G1 Main Marker" [stack: 0x000000e4a7600000,0x000000e4a7700000] [id=3684]
  0x000002c5c4a07400 WorkerThread "G1 Conc#0" [stack: 0x000000e4a7700000,0x000000e4a7800000] [id=5152]
  0x000002c5c4a5d2f0 ConcurrentGCThread "G1 Refine#0" [stack: 0x000000e4a7800000,0x000000e4a7900000] [id=1164]
  0x000002c5c4a5dd90 ConcurrentGCThread "G1 Service" [stack: 0x000000e4a7900000,0x000000e4a7a00000] [id=6812]

Threads with active compile tasks:
C2 CompilerThread2    14112 1566       4       edu.cmu.sphinx.decoder.search.Token::calculateScore (40 bytes)

VM state: not at safepoint (normal execution)

VM Mutex/Monitor currently owned by a thread: None

Heap address: 0x0000000083a00000, size: 1990 MB, Compressed Oops mode: 32-bit

CDS archive(s) mapped at: [0x000002c580000000-0x000002c580c60000-0x000002c580c60000), size 12976128, SharedBaseAddress: 0x000002c580000000, ArchiveRelocationMode: 1.
Compressed class space mapped at: 0x000002c581000000-0x000002c5c1000000, reserved size: 1073741824
Narrow klass base: 0x000002c580000000, Narrow klass shift: 0, Narrow klass range: 0x100000000

GC Precious Log:
 CardTable entry size: 512
 Card Set container configuration: InlinePtr #cards 5 size 8 Array Of Cards #cards 12 size 40 Howl #buckets 4 coarsen threshold 1843 Howl Bitmap #cards 512 size 80 coarsen threshold 460 Card regions per heap region 1 cards per card region 2048
 CPUs: 12 total, 12 available
 Memory: 7955M
 Large Page Support: Disabled
 NUMA Support: Disabled
 Compressed Oops: Enabled (32-bit)
 Heap Region Size: 1M
 Heap Min Capacity: 8M
 Heap Initial Capacity: 126M
 Heap Max Capacity: 1990M
 Pre-touch: Disabled
 Parallel Workers: 10
 Concurrent Workers: 3
 Concurrent Refinement Workers: 10
 Periodic GC: Disabled

Heap:
 garbage-first heap   total 287744K, used 169876K [0x0000000083a00000, 0x0000000100000000)
  region size 1024K, 119 young (121856K), 21 survivors (21504K)
 Metaspace       used 5099K, committed 5184K, reserved 1114112K
  class space    used 479K, committed 512K, reserved 1048576K

Heap Regions: E=young(eden), S=young(survivor), O=old, HS=humongous(starts), HC=humongous(continues), CS=collection set, F=free, OA=open archive, CA=closed archive, TAMS=top-at-mark-start, PB=parsable bottom
|   0|0x0000000083a00000, 0x0000000083b00000, 0x0000000083b00000|100%| O|  |TAMS 0x0000000083a00000| PB 0x0000000083a00000| Untracked 
|   1|0x0000000083b00000, 0x0000000083c00000, 0x0000000083c00000|100%| O|  |TAMS 0x0000000083b00000| PB 0x0000000083b00000| Untracked 
|   2|0x0000000083c00000, 0x0000000083d00000, 0x0000000083d00000|100%| O|  |TAMS 0x0000000083c00000| PB 0x0000000083c00000| Untracked 
|   3|0x0000000083d00000, 0x0000000083e00000, 0x0000000083e00000|100%| O|  |TAMS 0x0000000083d00000| PB 0x0000000083d00000| Untracked 
|   4|0x0000000083e00000, 0x0000000083f00000, 0x0000000083f00000|100%| O|  |TAMS 0x0000000083e00000| PB 0x0000000083e00000| Untracked 
|   5|0x0000000083f00000, 0x0000000084000000, 0x0000000084000000|100%| O|  |TAMS 0x0000000083f00000| PB 0x0000000083f00000| Untracked 
|   6|0x0000000084000000, 0x0000000084100000, 0x0000000084100000|100%| O|  |TAMS 0x0000000084000000| PB 0x0000000084000000| Untracked 
|   7|0x0000000084100000, 0x0000000084200000, 0x0000000084200000|100%| O|  |TAMS 0x0000000084100000| PB 0x0000000084100000| Untracked 
|   8|0x0000000084200000, 0x0000000084300000, 0x0000000084300000|100%| O|  |TAMS 0x0000000084200000| PB 0x0000000084200000| Untracked 
|   9|0x0000000084300000, 0x0000000084400000, 0x0000000084400000|100%| O|  |TAMS 0x0000000084300000| PB 0x0000000084300000| Untracked 
|  10|0x0000000084400000, 0x0000000084500000, 0x0000000084500000|100%| O|  |TAMS 0x0000000084400000| PB 0x0000000084400000| Untracked 
|  11|0x0000000084500000, 0x0000000084600000, 0x0000000084600000|100%| O|  |TAMS 0x0000000084500000| PB 0x0000000084500000| Untracked 
|  12|0x0000000084600000, 0x0000000084700000, 0x0000000084700000|100%| O|  |TAMS 0x0000000084600000| PB 0x0000000084600000| Untracked 
|  13|0x0000000084700000, 0x0000000084800000, 0x0000000084800000|100%| O|  |TAMS 0x0000000084700000| PB 0x0000000084700000| Untracked 
|  14|0x0000000084800000, 0x0000000084900000, 0x0000000084900000|100%| O|  |TAMS 0x0000000084800000| PB 0x0000000084800000| Untracked 
|  15|0x0000000084900000, 0x0000000084a00000, 0x0000000084a00000|100%| O|  |TAMS 0x0000000084900000| PB 0x0000000084900000| Untracked 
|  16|0x0000000084a00000, 0x0000000084b00000, 0x0000000084b00000|100%| O|  |TAMS 0x0000000084a00000| PB 0x0000000084a00000| Untracked 
|  17|0x0000000084b00000, 0x0000000084c00000, 0x0000000084c00000|100%| O|  |TAMS 0x0000000084b00000| PB 0x0000000084b00000| Untracked 
|  18|0x0000000084c00000, 0x0000000084d00000, 0x0000000084d00000|100%| O|  |TAMS 0x0000000084c00000| PB 0x0000000084c00000| Untracked 
|  19|0x0000000084d00000, 0x0000000084e00000, 0x0000000084e00000|100%| O|  |TAMS 0x0000000084d00000| PB 0x0000000084d00000| Untracked 
|  20|0x0000000084e00000, 0x0000000084f00000, 0x0000000084f00000|100%| O|  |TAMS 0x0000000084e00000| PB 0x0000000084e00000| Untracked 
|  21|0x0000000084f00000, 0x0000000085000000, 0x0000000085000000|100%| O|  |TAMS 0x0000000084f00000| PB 0x0000000084f00000| Untracked 
|  22|0x0000000085000000, 0x0000000085100000, 0x0000000085100000|100%| O|  |TAMS 0x0000000085000000| PB 0x0000000085000000| Untracked 
|  23|0x0000000085100000, 0x0000000085200000, 0x0000000085200000|100%| O|  |TAMS 0x0000000085100000| PB 0x0000000085100000| Untracked 
|  24|0x0000000085200000, 0x0000000085300000, 0x0000000085300000|100%| O|  |TAMS 0x0000000085200000| PB 0x0000000085200000| Untracked 
|  25|0x0000000085300000, 0x0000000085400000, 0x0000000085400000|100%| O|  |TAMS 0x0000000085300000| PB 0x0000000085300000| Untracked 
|  26|0x0000000085400000, 0x0000000085500000, 0x0000000085500000|100%| O|  |TAMS 0x0000000085400000| PB 0x0000000085400000| Untracked 
|  27|0x0000000085500000, 0x0000000085600000, 0x0000000085600000|100%| O|  |TAMS 0x0000000085500000| PB 0x0000000085500000| Untracked 
|  28|0x0000000085600000, 0x0000000085700000, 0x0000000085700000|100%| O|  |TAMS 0x0000000085600000| PB 0x0000000085600000| Untracked 
|  29|0x0000000085700000, 0x0000000085800000, 0x0000000085800000|100%| O|  |TAMS 0x0000000085700000| PB 0x0000000085700000| Untracked 
|  30|0x0000000085800000, 0x0000000085900000, 0x0000000085900000|100%| O|  |TAMS 0x0000000085800000| PB 0x0000000085800000| Untracked 
|  31|0x0000000085900000, 0x0000000085a00000, 0x0000000085a00000|100%| O|  |TAMS 0x0000000085900000| PB 0x0000000085900000| Untracked 
|  32|0x0000000085a00000, 0x0000000085b00000, 0x0000000085b00000|100%| O|  |TAMS 0x0000000085a00000| PB 0x0000000085a00000| Untracked 
|  33|0x0000000085b00000, 0x0000000085c00000, 0x0000000085c00000|100%| O|  |TAMS 0x0000000085b00000| PB 0x0000000085b00000| Untracked 
|  34|0x0000000085c00000, 0x0000000085d00000, 0x0000000085d00000|100%| O|  |TAMS 0x0000000085c00000| PB 0x0000000085c00000| Untracked 
|  35|0x0000000085d00000, 0x0000000085e00000, 0x0000000085e00000|100%| O|  |TAMS 0x0000000085d00000| PB 0x0000000085d00000| Untracked 
|  36|0x0000000085e00000, 0x0000000085f00000, 0x0000000085f00000|100%| O|  |TAMS 0x0000000085e00000| PB 0x0000000085e00000| Untracked 
|  37|0x0000000085f00000, 0x0000000086000000, 0x0000000086000000|100%| O|  |TAMS 0x0000000085f00000| PB 0x0000000085f00000| Untracked 
|  38|0x0000000086000000, 0x0000000086100000, 0x0000000086100000|100%| O|  |TAMS 0x0000000086000000| PB 0x0000000086000000| Untracked 
|  39|0x0000000086100000, 0x0000000086200000, 0x0000000086200000|100%| O|  |TAMS 0x0000000086100000| PB 0x0000000086100000| Untracked 
|  40|0x0000000086200000, 0x0000000086300000, 0x0000000086300000|100%| O|  |TAMS 0x0000000086200000| PB 0x0000000086200000| Untracked 
|  41|0x0000000086300000, 0x0000000086400000, 0x0000000086400000|100%|HS|  |TAMS 0x0000000086300000| PB 0x0000000086300000| Complete 
|  42|0x0000000086400000, 0x0000000086500000, 0x0000000086500000|100%| O|  |TAMS 0x0000000086400000| PB 0x0000000086400000| Untracked 
|  43|0x0000000086500000, 0x0000000086600000, 0x0000000086600000|100%| O|  |TAMS 0x0000000086500000| PB 0x0000000086500000| Untracked 
|  44|0x0000000086600000, 0x0000000086700000, 0x0000000086700000|100%| O|  |TAMS 0x0000000086600000| PB 0x0000000086600000| Untracked 
|  45|0x0000000086700000, 0x0000000086800000, 0x0000000086800000|100%| O|  |TAMS 0x0000000086700000| PB 0x0000000086700000| Untracked 
|  46|0x0000000086800000, 0x0000000086900000, 0x0000000086900000|100%| O|  |TAMS 0x0000000086800000| PB 0x0000000086800000| Untracked 
|  47|0x0000000086900000, 0x00000000869e5200, 0x0000000086a00000| 89%| O|  |TAMS 0x0000000086900000| PB 0x0000000086900000| Untracked 
|  48|0x0000000086a00000, 0x0000000086a00000, 0x0000000086b00000|  0%| F|  |TAMS 0x0000000086a00000| PB 0x0000000086a00000| Untracked 
|  49|0x0000000086b00000, 0x0000000086b00000, 0x0000000086c00000|  0%| F|  |TAMS 0x0000000086b00000| PB 0x0000000086b00000| Untracked 
|  50|0x0000000086c00000, 0x0000000086c00000, 0x0000000086d00000|  0%| F|  |TAMS 0x0000000086c00000| PB 0x0000000086c00000| Untracked 
|  51|0x0000000086d00000, 0x0000000086d00000, 0x0000000086e00000|  0%| F|  |TAMS 0x0000000086d00000| PB 0x0000000086d00000| Untracked 
|  52|0x0000000086e00000, 0x0000000086e00000, 0x0000000086f00000|  0%| F|  |TAMS 0x0000000086e00000| PB 0x0000000086e00000| Untracked 
|  53|0x0000000086f00000, 0x0000000086f00000, 0x0000000087000000|  0%| F|  |TAMS 0x0000000086f00000| PB 0x0000000086f00000| Untracked 
|  54|0x0000000087000000, 0x0000000087000000, 0x0000000087100000|  0%| F|  |TAMS 0x0000000087000000| PB 0x0000000087000000| Untracked 
|  55|0x0000000087100000, 0x0000000087100000, 0x0000000087200000|  0%| F|  |TAMS 0x0000000087100000| PB 0x0000000087100000| Untracked 
|  56|0x0000000087200000, 0x0000000087200000, 0x0000000087300000|  0%| F|  |TAMS 0x0000000087200000| PB 0x0000000087200000| Untracked 
|  57|0x0000000087300000, 0x0000000087300000, 0x0000000087400000|  0%| F|  |TAMS 0x0000000087300000| PB 0x0000000087300000| Untracked 
|  58|0x0000000087400000, 0x0000000087400000, 0x0000000087500000|  0%| F|  |TAMS 0x0000000087400000| PB 0x0000000087400000| Untracked 
|  59|0x0000000087500000, 0x0000000087500000, 0x0000000087600000|  0%| F|  |TAMS 0x0000000087500000| PB 0x0000000087500000| Untracked 
|  60|0x0000000087600000, 0x0000000087600000, 0x0000000087700000|  0%| F|  |TAMS 0x0000000087600000| PB 0x0000000087600000| Untracked 
|  61|0x0000000087700000, 0x0000000087700000, 0x0000000087800000|  0%| F|  |TAMS 0x0000000087700000| PB 0x0000000087700000| Untracked 
|  62|0x0000000087800000, 0x0000000087800000, 0x0000000087900000|  0%| F|  |TAMS 0x0000000087800000| PB 0x0000000087800000| Untracked 
|  63|0x0000000087900000, 0x0000000087900000, 0x0000000087a00000|  0%| F|  |TAMS 0x0000000087900000| PB 0x0000000087900000| Untracked 
|  64|0x0000000087a00000, 0x0000000087a00000, 0x0000000087b00000|  0%| F|  |TAMS 0x0000000087a00000| PB 0x0000000087a00000| Untracked 
|  65|0x0000000087b00000, 0x0000000087b00000, 0x0000000087c00000|  0%| F|  |TAMS 0x0000000087b00000| PB 0x0000000087b00000| Untracked 
|  66|0x0000000087c00000, 0x0000000087c00000, 0x0000000087d00000|  0%| F|  |TAMS 0x0000000087c00000| PB 0x0000000087c00000| Untracked 
|  67|0x0000000087d00000, 0x0000000087d00000, 0x0000000087e00000|  0%| F|  |TAMS 0x0000000087d00000| PB 0x0000000087d00000| Untracked 
|  68|0x0000000087e00000, 0x0000000087e00000, 0x0000000087f00000|  0%| F|  |TAMS 0x0000000087e00000| PB 0x0000000087e00000| Untracked 
|  69|0x0000000087f00000, 0x0000000087f00000, 0x0000000088000000|  0%| F|  |TAMS 0x0000000087f00000| PB 0x0000000087f00000| Untracked 
|  70|0x0000000088000000, 0x0000000088000000, 0x0000000088100000|  0%| F|  |TAMS 0x0000000088000000| PB 0x0000000088000000| Untracked 
|  71|0x0000000088100000, 0x0000000088100000, 0x0000000088200000|  0%| F|  |TAMS 0x0000000088100000| PB 0x0000000088100000| Untracked 
|  72|0x0000000088200000, 0x0000000088200000, 0x0000000088300000|  0%| F|  |TAMS 0x0000000088200000| PB 0x0000000088200000| Untracked 
|  73|0x0000000088300000, 0x0000000088300000, 0x0000000088400000|  0%| F|  |TAMS 0x0000000088300000| PB 0x0000000088300000| Untracked 
|  74|0x0000000088400000, 0x0000000088400000, 0x0000000088500000|  0%| F|  |TAMS 0x0000000088400000| PB 0x0000000088400000| Untracked 
|  75|0x0000000088500000, 0x0000000088500000, 0x0000000088600000|  0%| F|  |TAMS 0x0000000088500000| PB 0x0000000088500000| Untracked 
|  76|0x0000000088600000, 0x0000000088600000, 0x0000000088700000|  0%| F|  |TAMS 0x0000000088600000| PB 0x0000000088600000| Untracked 
|  77|0x0000000088700000, 0x0000000088700000, 0x0000000088800000|  0%| F|  |TAMS 0x0000000088700000| PB 0x0000000088700000| Untracked 
|  78|0x0000000088800000, 0x0000000088800000, 0x0000000088900000|  0%| F|  |TAMS 0x0000000088800000| PB 0x0000000088800000| Untracked 
|  79|0x0000000088900000, 0x0000000088900000, 0x0000000088a00000|  0%| F|  |TAMS 0x0000000088900000| PB 0x0000000088900000| Untracked 
|  80|0x0000000088a00000, 0x0000000088a00000, 0x0000000088b00000|  0%| F|  |TAMS 0x0000000088a00000| PB 0x0000000088a00000| Untracked 
|  81|0x0000000088b00000, 0x0000000088b00000, 0x0000000088c00000|  0%| F|  |TAMS 0x0000000088b00000| PB 0x0000000088b00000| Untracked 
|  82|0x0000000088c00000, 0x0000000088c00000, 0x0000000088d00000|  0%| F|  |TAMS 0x0000000088c00000| PB 0x0000000088c00000| Untracked 
|  83|0x0000000088d00000, 0x0000000088d00000, 0x0000000088e00000|  0%| F|  |TAMS 0x0000000088d00000| PB 0x0000000088d00000| Untracked 
|  84|0x0000000088e00000, 0x0000000088e00000, 0x0000000088f00000|  0%| F|  |TAMS 0x0000000088e00000| PB 0x0000000088e00000| Untracked 
|  85|0x0000000088f00000, 0x0000000088f00000, 0x0000000089000000|  0%| F|  |TAMS 0x0000000088f00000| PB 0x0000000088f00000| Untracked 
|  86|0x0000000089000000, 0x0000000089000000, 0x0000000089100000|  0%| F|  |TAMS 0x0000000089000000| PB 0x0000000089000000| Untracked 
|  87|0x0000000089100000, 0x0000000089100000, 0x0000000089200000|  0%| F|  |TAMS 0x0000000089100000| PB 0x0000000089100000| Untracked 
|  88|0x0000000089200000, 0x0000000089200000, 0x0000000089300000|  0%| F|  |TAMS 0x0000000089200000| PB 0x0000000089200000| Untracked 
|  89|0x0000000089300000, 0x0000000089300000, 0x0000000089400000|  0%| F|  |TAMS 0x0000000089300000| PB 0x0000000089300000| Untracked 
|  90|0x0000000089400000, 0x0000000089400000, 0x0000000089500000|  0%| F|  |TAMS 0x0000000089400000| PB 0x0000000089400000| Untracked 
|  91|0x0000000089500000, 0x0000000089500000, 0x0000000089600000|  0%| F|  |TAMS 0x0000000089500000| PB 0x0000000089500000| Untracked 
|  92|0x0000000089600000, 0x0000000089600000, 0x0000000089700000|  0%| F|  |TAMS 0x0000000089600000| PB 0x0000000089600000| Untracked 
|  93|0x0000000089700000, 0x0000000089700000, 0x0000000089800000|  0%| F|  |TAMS 0x0000000089700000| PB 0x0000000089700000| Untracked 
|  94|0x0000000089800000, 0x0000000089800000, 0x0000000089900000|  0%| F|  |TAMS 0x0000000089800000| PB 0x0000000089800000| Untracked 
|  95|0x0000000089900000, 0x0000000089900000, 0x0000000089a00000|  0%| F|  |TAMS 0x0000000089900000| PB 0x0000000089900000| Untracked 
|  96|0x0000000089a00000, 0x0000000089a00000, 0x0000000089b00000|  0%| F|  |TAMS 0x0000000089a00000| PB 0x0000000089a00000| Untracked 
|  97|0x0000000089b00000, 0x0000000089b00000, 0x0000000089c00000|  0%| F|  |TAMS 0x0000000089b00000| PB 0x0000000089b00000| Untracked 
|  98|0x0000000089c00000, 0x0000000089c00000, 0x0000000089d00000|  0%| F|  |TAMS 0x0000000089c00000| PB 0x0000000089c00000| Untracked 
|  99|0x0000000089d00000, 0x0000000089d00000, 0x0000000089e00000|  0%| F|  |TAMS 0x0000000089d00000| PB 0x0000000089d00000| Untracked 
| 100|0x0000000089e00000, 0x0000000089e00000, 0x0000000089f00000|  0%| F|  |TAMS 0x0000000089e00000| PB 0x0000000089e00000| Untracked 
| 101|0x0000000089f00000, 0x0000000089f00000, 0x000000008a000000|  0%| F|  |TAMS 0x0000000089f00000| PB 0x0000000089f00000| Untracked 
| 102|0x000000008a000000, 0x000000008a000000, 0x000000008a100000|  0%| F|  |TAMS 0x000000008a000000| PB 0x000000008a000000| Untracked 
| 103|0x000000008a100000, 0x000000008a200000, 0x000000008a200000|100%| S|CS|TAMS 0x000000008a100000| PB 0x000000008a100000| Complete 
| 104|0x000000008a200000, 0x000000008a300000, 0x000000008a300000|100%| S|CS|TAMS 0x000000008a200000| PB 0x000000008a200000| Complete 
| 105|0x000000008a300000, 0x000000008a400000, 0x000000008a400000|100%| S|CS|TAMS 0x000000008a300000| PB 0x000000008a300000| Complete 
| 106|0x000000008a400000, 0x000000008a500000, 0x000000008a500000|100%| S|CS|TAMS 0x000000008a400000| PB 0x000000008a400000| Complete 
| 107|0x000000008a500000, 0x000000008a600000, 0x000000008a600000|100%| S|CS|TAMS 0x000000008a500000| PB 0x000000008a500000| Complete 
| 108|0x000000008a600000, 0x000000008a700000, 0x000000008a700000|100%| S|CS|TAMS 0x000000008a600000| PB 0x000000008a600000| Complete 
| 109|0x000000008a700000, 0x000000008a800000, 0x000000008a800000|100%| S|CS|TAMS 0x000000008a700000| PB 0x000000008a700000| Complete 
| 110|0x000000008a800000, 0x000000008a900000, 0x000000008a900000|100%| S|CS|TAMS 0x000000008a800000| PB 0x000000008a800000| Complete 
| 111|0x000000008a900000, 0x000000008aa00000, 0x000000008aa00000|100%| S|CS|TAMS 0x000000008a900000| PB 0x000000008a900000| Complete 
| 112|0x000000008aa00000, 0x000000008ab00000, 0x000000008ab00000|100%| S|CS|TAMS 0x000000008aa00000| PB 0x000000008aa00000| Complete 
| 113|0x000000008ab00000, 0x000000008ac00000, 0x000000008ac00000|100%| S|CS|TAMS 0x000000008ab00000| PB 0x000000008ab00000| Complete 
| 114|0x000000008ac00000, 0x000000008ad00000, 0x000000008ad00000|100%| S|CS|TAMS 0x000000008ac00000| PB 0x000000008ac00000| Complete 
| 115|0x000000008ad00000, 0x000000008ae00000, 0x000000008ae00000|100%| S|CS|TAMS 0x000000008ad00000| PB 0x000000008ad00000| Complete 
| 116|0x000000008ae00000, 0x000000008af00000, 0x000000008af00000|100%| S|CS|TAMS 0x000000008ae00000| PB 0x000000008ae00000| Complete 
| 117|0x000000008af00000, 0x000000008b000000, 0x000000008b000000|100%| S|CS|TAMS 0x000000008af00000| PB 0x000000008af00000| Complete 
| 118|0x000000008b000000, 0x000000008b100000, 0x000000008b100000|100%| S|CS|TAMS 0x000000008b000000| PB 0x000000008b000000| Complete 
| 119|0x000000008b100000, 0x000000008b200000, 0x000000008b200000|100%| S|CS|TAMS 0x000000008b100000| PB 0x000000008b100000| Complete 
| 120|0x000000008b200000, 0x000000008b300000, 0x000000008b300000|100%| S|CS|TAMS 0x000000008b200000| PB 0x000000008b200000| Complete 
| 121|0x000000008b300000, 0x000000008b400000, 0x000000008b400000|100%| S|CS|TAMS 0x000000008b300000| PB 0x000000008b300000| Complete 
| 122|0x000000008b400000, 0x000000008b500000, 0x000000008b500000|100%| S|CS|TAMS 0x000000008b400000| PB 0x000000008b400000| Complete 
| 123|0x000000008b500000, 0x000000008b600000, 0x000000008b600000|100%| S|CS|TAMS 0x000000008b500000| PB 0x000000008b500000| Complete 
| 124|0x000000008b600000, 0x000000008b600000, 0x000000008b700000|  0%| F|  |TAMS 0x000000008b600000| PB 0x000000008b600000| Untracked 
| 125|0x000000008b700000, 0x000000008b700000, 0x000000008b800000|  0%| F|  |TAMS 0x000000008b700000| PB 0x000000008b700000| Untracked 
| 126|0x000000008b800000, 0x000000008b800000, 0x000000008b900000|  0%| F|  |TAMS 0x000000008b800000| PB 0x000000008b800000| Untracked 
| 127|0x000000008b900000, 0x000000008b900000, 0x000000008ba00000|  0%| F|  |TAMS 0x000000008b900000| PB 0x000000008b900000| Untracked 
| 128|0x000000008ba00000, 0x000000008ba00000, 0x000000008bb00000|  0%| F|  |TAMS 0x000000008ba00000| PB 0x000000008ba00000| Untracked 
| 129|0x000000008bb00000, 0x000000008bb00000, 0x000000008bc00000|  0%| F|  |TAMS 0x000000008bb00000| PB 0x000000008bb00000| Untracked 
| 130|0x000000008bc00000, 0x000000008bc00000, 0x000000008bd00000|  0%| F|  |TAMS 0x000000008bc00000| PB 0x000000008bc00000| Untracked 
| 131|0x000000008bd00000, 0x000000008bd00000, 0x000000008be00000|  0%| F|  |TAMS 0x000000008bd00000| PB 0x000000008bd00000| Untracked 
| 132|0x000000008be00000, 0x000000008be00000, 0x000000008bf00000|  0%| F|  |TAMS 0x000000008be00000| PB 0x000000008be00000| Untracked 
| 133|0x000000008bf00000, 0x000000008bf00000, 0x000000008c000000|  0%| F|  |TAMS 0x000000008bf00000| PB 0x000000008bf00000| Untracked 
| 134|0x000000008c000000, 0x000000008c000000, 0x000000008c100000|  0%| F|  |TAMS 0x000000008c000000| PB 0x000000008c000000| Untracked 
| 135|0x000000008c100000, 0x000000008c100000, 0x000000008c200000|  0%| F|  |TAMS 0x000000008c100000| PB 0x000000008c100000| Untracked 
| 136|0x000000008c200000, 0x000000008c200000, 0x000000008c300000|  0%| F|  |TAMS 0x000000008c200000| PB 0x000000008c200000| Untracked 
| 137|0x000000008c300000, 0x000000008c300000, 0x000000008c400000|  0%| F|  |TAMS 0x000000008c300000| PB 0x000000008c300000| Untracked 
| 138|0x000000008c400000, 0x000000008c400000, 0x000000008c500000|  0%| F|  |TAMS 0x000000008c400000| PB 0x000000008c400000| Untracked 
| 139|0x000000008c500000, 0x000000008c500000, 0x000000008c600000|  0%| F|  |TAMS 0x000000008c500000| PB 0x000000008c500000| Untracked 
| 140|0x000000008c600000, 0x000000008c600000, 0x000000008c700000|  0%| F|  |TAMS 0x000000008c600000| PB 0x000000008c600000| Untracked 
| 141|0x000000008c700000, 0x000000008c700000, 0x000000008c800000|  0%| F|  |TAMS 0x000000008c700000| PB 0x000000008c700000| Untracked 
| 142|0x000000008c800000, 0x000000008c800000, 0x000000008c900000|  0%| F|  |TAMS 0x000000008c800000| PB 0x000000008c800000| Untracked 
| 143|0x000000008c900000, 0x000000008c900000, 0x000000008ca00000|  0%| F|  |TAMS 0x000000008c900000| PB 0x000000008c900000| Untracked 
| 144|0x000000008ca00000, 0x000000008ca00000, 0x000000008cb00000|  0%| F|  |TAMS 0x000000008ca00000| PB 0x000000008ca00000| Untracked 
| 145|0x000000008cb00000, 0x000000008cb00000, 0x000000008cc00000|  0%| F|  |TAMS 0x000000008cb00000| PB 0x000000008cb00000| Untracked 
| 146|0x000000008cc00000, 0x000000008cc00000, 0x000000008cd00000|  0%| F|  |TAMS 0x000000008cc00000| PB 0x000000008cc00000| Untracked 
| 147|0x000000008cd00000, 0x000000008cd00000, 0x000000008ce00000|  0%| F|  |TAMS 0x000000008cd00000| PB 0x000000008cd00000| Untracked 
| 148|0x000000008ce00000, 0x000000008ce00000, 0x000000008cf00000|  0%| F|  |TAMS 0x000000008ce00000| PB 0x000000008ce00000| Untracked 
| 149|0x000000008cf00000, 0x000000008cf00000, 0x000000008d000000|  0%| F|  |TAMS 0x000000008cf00000| PB 0x000000008cf00000| Untracked 
| 150|0x000000008d000000, 0x000000008d000000, 0x000000008d100000|  0%| F|  |TAMS 0x000000008d000000| PB 0x000000008d000000| Untracked 
| 151|0x000000008d100000, 0x000000008d100000, 0x000000008d200000|  0%| F|  |TAMS 0x000000008d100000| PB 0x000000008d100000| Untracked 
| 152|0x000000008d200000, 0x000000008d200000, 0x000000008d300000|  0%| F|  |TAMS 0x000000008d200000| PB 0x000000008d200000| Untracked 
| 153|0x000000008d300000, 0x000000008d300000, 0x000000008d400000|  0%| F|  |TAMS 0x000000008d300000| PB 0x000000008d300000| Untracked 
| 154|0x000000008d400000, 0x000000008d400000, 0x000000008d500000|  0%| F|  |TAMS 0x000000008d400000| PB 0x000000008d400000| Untracked 
| 155|0x000000008d500000, 0x000000008d500000, 0x000000008d600000|  0%| F|  |TAMS 0x000000008d500000| PB 0x000000008d500000| Untracked 
| 156|0x000000008d600000, 0x000000008d600000, 0x000000008d700000|  0%| F|  |TAMS 0x000000008d600000| PB 0x000000008d600000| Untracked 
| 157|0x000000008d700000, 0x000000008d700000, 0x000000008d800000|  0%| F|  |TAMS 0x000000008d700000| PB 0x000000008d700000| Untracked 
| 158|0x000000008d800000, 0x000000008d800000, 0x000000008d900000|  0%| F|  |TAMS 0x000000008d800000| PB 0x000000008d800000| Untracked 
| 159|0x000000008d900000, 0x000000008d900000, 0x000000008da00000|  0%| F|  |TAMS 0x000000008d900000| PB 0x000000008d900000| Untracked 
| 160|0x000000008da00000, 0x000000008da00000, 0x000000008db00000|  0%| F|  |TAMS 0x000000008da00000| PB 0x000000008da00000| Untracked 
| 161|0x000000008db00000, 0x000000008db00000, 0x000000008dc00000|  0%| F|  |TAMS 0x000000008db00000| PB 0x000000008db00000| Untracked 
| 162|0x000000008dc00000, 0x000000008dc00000, 0x000000008dd00000|  0%| F|  |TAMS 0x000000008dc00000| PB 0x000000008dc00000| Untracked 
| 163|0x000000008dd00000, 0x000000008dd00000, 0x000000008de00000|  0%| F|  |TAMS 0x000000008dd00000| PB 0x000000008dd00000| Untracked 
| 164|0x000000008de00000, 0x000000008de00000, 0x000000008df00000|  0%| F|  |TAMS 0x000000008de00000| PB 0x000000008de00000| Untracked 
| 165|0x000000008df00000, 0x000000008df00000, 0x000000008e000000|  0%| F|  |TAMS 0x000000008df00000| PB 0x000000008df00000| Untracked 
| 166|0x000000008e000000, 0x000000008e000000, 0x000000008e100000|  0%| F|  |TAMS 0x000000008e000000| PB 0x000000008e000000| Untracked 
| 167|0x000000008e100000, 0x000000008e100000, 0x000000008e200000|  0%| F|  |TAMS 0x000000008e100000| PB 0x000000008e100000| Untracked 
| 168|0x000000008e200000, 0x000000008e200000, 0x000000008e300000|  0%| F|  |TAMS 0x000000008e200000| PB 0x000000008e200000| Untracked 
| 169|0x000000008e300000, 0x000000008e300000, 0x000000008e400000|  0%| F|  |TAMS 0x000000008e300000| PB 0x000000008e300000| Untracked 
| 170|0x000000008e400000, 0x000000008e400000, 0x000000008e500000|  0%| F|  |TAMS 0x000000008e400000| PB 0x000000008e400000| Untracked 
| 171|0x000000008e500000, 0x000000008e500000, 0x000000008e600000|  0%| F|  |TAMS 0x000000008e500000| PB 0x000000008e500000| Untracked 
| 172|0x000000008e600000, 0x000000008e600000, 0x000000008e700000|  0%| F|  |TAMS 0x000000008e600000| PB 0x000000008e600000| Untracked 
| 173|0x000000008e700000, 0x000000008e700000, 0x000000008e800000|  0%| F|  |TAMS 0x000000008e700000| PB 0x000000008e700000| Untracked 
| 174|0x000000008e800000, 0x000000008e800000, 0x000000008e900000|  0%| F|  |TAMS 0x000000008e800000| PB 0x000000008e800000| Untracked 
| 175|0x000000008e900000, 0x000000008e900000, 0x000000008ea00000|  0%| F|  |TAMS 0x000000008e900000| PB 0x000000008e900000| Untracked 
| 176|0x000000008ea00000, 0x000000008ea00000, 0x000000008eb00000|  0%| F|  |TAMS 0x000000008ea00000| PB 0x000000008ea00000| Untracked 
| 177|0x000000008eb00000, 0x000000008eb00000, 0x000000008ec00000|  0%| F|  |TAMS 0x000000008eb00000| PB 0x000000008eb00000| Untracked 
| 178|0x000000008ec00000, 0x000000008ec00000, 0x000000008ed00000|  0%| F|  |TAMS 0x000000008ec00000| PB 0x000000008ec00000| Untracked 
| 179|0x000000008ed00000, 0x000000008ed00000, 0x000000008ee00000|  0%| F|  |TAMS 0x000000008ed00000| PB 0x000000008ed00000| Untracked 
| 180|0x000000008ee00000, 0x000000008ee00000, 0x000000008ef00000|  0%| F|  |TAMS 0x000000008ee00000| PB 0x000000008ee00000| Untracked 
| 181|0x000000008ef00000, 0x000000008ef00000, 0x000000008f000000|  0%| F|  |TAMS 0x000000008ef00000| PB 0x000000008ef00000| Untracked 
| 182|0x000000008f000000, 0x000000008f000000, 0x000000008f100000|  0%| F|  |TAMS 0x000000008f000000| PB 0x000000008f000000| Untracked 
| 183|0x000000008f100000, 0x000000008f200000, 0x000000008f200000|100%| E|  |TAMS 0x000000008f100000| PB 0x000000008f100000| Complete 
| 184|0x000000008f200000, 0x000000008f300000, 0x000000008f300000|100%| E|CS|TAMS 0x000000008f200000| PB 0x000000008f200000| Complete 
| 185|0x000000008f300000, 0x000000008f400000, 0x000000008f400000|100%| E|CS|TAMS 0x000000008f300000| PB 0x000000008f300000| Complete 
| 186|0x000000008f400000, 0x000000008f500000, 0x000000008f500000|100%| E|CS|TAMS 0x000000008f400000| PB 0x000000008f400000| Complete 
| 187|0x000000008f500000, 0x000000008f600000, 0x000000008f600000|100%| E|CS|TAMS 0x000000008f500000| PB 0x000000008f500000| Complete 
| 188|0x000000008f600000, 0x000000008f700000, 0x000000008f700000|100%| E|CS|TAMS 0x000000008f600000| PB 0x000000008f600000| Complete 
| 189|0x000000008f700000, 0x000000008f800000, 0x000000008f800000|100%| E|CS|TAMS 0x000000008f700000| PB 0x000000008f700000| Complete 
| 190|0x000000008f800000, 0x000000008f900000, 0x000000008f900000|100%| E|CS|TAMS 0x000000008f800000| PB 0x000000008f800000| Complete 
| 191|0x000000008f900000, 0x000000008fa00000, 0x000000008fa00000|100%| E|CS|TAMS 0x000000008f900000| PB 0x000000008f900000| Complete 
| 192|0x000000008fa00000, 0x000000008fb00000, 0x000000008fb00000|100%| E|CS|TAMS 0x000000008fa00000| PB 0x000000008fa00000| Complete 
| 193|0x000000008fb00000, 0x000000008fc00000, 0x000000008fc00000|100%| E|CS|TAMS 0x000000008fb00000| PB 0x000000008fb00000| Complete 
| 194|0x000000008fc00000, 0x000000008fd00000, 0x000000008fd00000|100%| E|CS|TAMS 0x000000008fc00000| PB 0x000000008fc00000| Complete 
| 195|0x000000008fd00000, 0x000000008fe00000, 0x000000008fe00000|100%| E|CS|TAMS 0x000000008fd00000| PB 0x000000008fd00000| Complete 
| 196|0x000000008fe00000, 0x000000008ff00000, 0x000000008ff00000|100%| E|CS|TAMS 0x000000008fe00000| PB 0x000000008fe00000| Complete 
| 197|0x000000008ff00000, 0x0000000090000000, 0x0000000090000000|100%| E|CS|TAMS 0x000000008ff00000| PB 0x000000008ff00000| Complete 
| 198|0x0000000090000000, 0x0000000090100000, 0x0000000090100000|100%| E|CS|TAMS 0x0000000090000000| PB 0x0000000090000000| Complete 
| 199|0x0000000090100000, 0x0000000090200000, 0x0000000090200000|100%| E|CS|TAMS 0x0000000090100000| PB 0x0000000090100000| Complete 
| 200|0x0000000090200000, 0x0000000090300000, 0x0000000090300000|100%| E|CS|TAMS 0x0000000090200000| PB 0x0000000090200000| Complete 
| 201|0x0000000090300000, 0x0000000090400000, 0x0000000090400000|100%| E|CS|TAMS 0x0000000090300000| PB 0x0000000090300000| Complete 
| 202|0x0000000090400000, 0x0000000090500000, 0x0000000090500000|100%| E|CS|TAMS 0x0000000090400000| PB 0x0000000090400000| Complete 
| 203|0x0000000090500000, 0x0000000090600000, 0x0000000090600000|100%| E|CS|TAMS 0x0000000090500000| PB 0x0000000090500000| Complete 
| 204|0x0000000090600000, 0x0000000090700000, 0x0000000090700000|100%| E|CS|TAMS 0x0000000090600000| PB 0x0000000090600000| Complete 
| 205|0x0000000090700000, 0x0000000090800000, 0x0000000090800000|100%| E|CS|TAMS 0x0000000090700000| PB 0x0000000090700000| Complete 
| 206|0x0000000090800000, 0x0000000090900000, 0x0000000090900000|100%| E|CS|TAMS 0x0000000090800000| PB 0x0000000090800000| Complete 
| 207|0x0000000090900000, 0x0000000090a00000, 0x0000000090a00000|100%| E|CS|TAMS 0x0000000090900000| PB 0x0000000090900000| Complete 
| 208|0x0000000090a00000, 0x0000000090b00000, 0x0000000090b00000|100%| E|CS|TAMS 0x0000000090a00000| PB 0x0000000090a00000| Complete 
| 209|0x0000000090b00000, 0x0000000090c00000, 0x0000000090c00000|100%| E|CS|TAMS 0x0000000090b00000| PB 0x0000000090b00000| Complete 
| 210|0x0000000090c00000, 0x0000000090d00000, 0x0000000090d00000|100%| E|CS|TAMS 0x0000000090c00000| PB 0x0000000090c00000| Complete 
| 211|0x0000000090d00000, 0x0000000090e00000, 0x0000000090e00000|100%| E|CS|TAMS 0x0000000090d00000| PB 0x0000000090d00000| Complete 
| 212|0x0000000090e00000, 0x0000000090f00000, 0x0000000090f00000|100%| E|CS|TAMS 0x0000000090e00000| PB 0x0000000090e00000| Complete 
| 213|0x0000000090f00000, 0x0000000091000000, 0x0000000091000000|100%| E|CS|TAMS 0x0000000090f00000| PB 0x0000000090f00000| Complete 
| 214|0x0000000091000000, 0x0000000091100000, 0x0000000091100000|100%| E|CS|TAMS 0x0000000091000000| PB 0x0000000091000000| Complete 
| 215|0x0000000091100000, 0x0000000091200000, 0x0000000091200000|100%| E|CS|TAMS 0x0000000091100000| PB 0x0000000091100000| Complete 
| 216|0x0000000091200000, 0x0000000091300000, 0x0000000091300000|100%| E|CS|TAMS 0x0000000091200000| PB 0x0000000091200000| Complete 
| 217|0x0000000091300000, 0x0000000091400000, 0x0000000091400000|100%| E|CS|TAMS 0x0000000091300000| PB 0x0000000091300000| Complete 
| 218|0x0000000091400000, 0x0000000091500000, 0x0000000091500000|100%| E|CS|TAMS 0x0000000091400000| PB 0x0000000091400000| Complete 
| 219|0x0000000091500000, 0x0000000091600000, 0x0000000091600000|100%| E|CS|TAMS 0x0000000091500000| PB 0x0000000091500000| Complete 
| 220|0x0000000091600000, 0x0000000091700000, 0x0000000091700000|100%| E|CS|TAMS 0x0000000091600000| PB 0x0000000091600000| Complete 
| 221|0x0000000091700000, 0x0000000091800000, 0x0000000091800000|100%| E|CS|TAMS 0x0000000091700000| PB 0x0000000091700000| Complete 
| 222|0x0000000091800000, 0x0000000091900000, 0x0000000091900000|100%| E|CS|TAMS 0x0000000091800000| PB 0x0000000091800000| Complete 
| 223|0x0000000091900000, 0x0000000091a00000, 0x0000000091a00000|100%| E|CS|TAMS 0x0000000091900000| PB 0x0000000091900000| Complete 
| 224|0x0000000091a00000, 0x0000000091b00000, 0x0000000091b00000|100%| E|CS|TAMS 0x0000000091a00000| PB 0x0000000091a00000| Complete 
| 225|0x0000000091b00000, 0x0000000091c00000, 0x0000000091c00000|100%| E|CS|TAMS 0x0000000091b00000| PB 0x0000000091b00000| Complete 
| 226|0x0000000091c00000, 0x0000000091d00000, 0x0000000091d00000|100%| E|CS|TAMS 0x0000000091c00000| PB 0x0000000091c00000| Complete 
| 227|0x0000000091d00000, 0x0000000091e00000, 0x0000000091e00000|100%| E|CS|TAMS 0x0000000091d00000| PB 0x0000000091d00000| Complete 
| 228|0x0000000091e00000, 0x0000000091f00000, 0x0000000091f00000|100%| E|CS|TAMS 0x0000000091e00000| PB 0x0000000091e00000| Complete 
| 229|0x0000000091f00000, 0x0000000092000000, 0x0000000092000000|100%| E|CS|TAMS 0x0000000091f00000| PB 0x0000000091f00000| Complete 
| 230|0x0000000092000000, 0x0000000092100000, 0x0000000092100000|100%| E|CS|TAMS 0x0000000092000000| PB 0x0000000092000000| Complete 
| 231|0x0000000092100000, 0x0000000092200000, 0x0000000092200000|100%| E|CS|TAMS 0x0000000092100000| PB 0x0000000092100000| Complete 
| 232|0x0000000092200000, 0x0000000092300000, 0x0000000092300000|100%| E|CS|TAMS 0x0000000092200000| PB 0x0000000092200000| Complete 
| 233|0x0000000092300000, 0x0000000092400000, 0x0000000092400000|100%| E|CS|TAMS 0x0000000092300000| PB 0x0000000092300000| Complete 
| 234|0x0000000092400000, 0x0000000092500000, 0x0000000092500000|100%| E|CS|TAMS 0x0000000092400000| PB 0x0000000092400000| Complete 
| 235|0x0000000092500000, 0x0000000092600000, 0x0000000092600000|100%| E|CS|TAMS 0x0000000092500000| PB 0x0000000092500000| Complete 
| 236|0x0000000092600000, 0x0000000092700000, 0x0000000092700000|100%| E|CS|TAMS 0x0000000092600000| PB 0x0000000092600000| Complete 
| 237|0x0000000092700000, 0x0000000092800000, 0x0000000092800000|100%| E|CS|TAMS 0x0000000092700000| PB 0x0000000092700000| Complete 
| 238|0x0000000092800000, 0x0000000092900000, 0x0000000092900000|100%| E|CS|TAMS 0x0000000092800000| PB 0x0000000092800000| Complete 
| 239|0x0000000092900000, 0x0000000092a00000, 0x0000000092a00000|100%| E|CS|TAMS 0x0000000092900000| PB 0x0000000092900000| Complete 
| 240|0x0000000092a00000, 0x0000000092b00000, 0x0000000092b00000|100%| E|CS|TAMS 0x0000000092a00000| PB 0x0000000092a00000| Complete 
| 241|0x0000000092b00000, 0x0000000092c00000, 0x0000000092c00000|100%| E|CS|TAMS 0x0000000092b00000| PB 0x0000000092b00000| Complete 
| 242|0x0000000092c00000, 0x0000000092d00000, 0x0000000092d00000|100%| E|CS|TAMS 0x0000000092c00000| PB 0x0000000092c00000| Complete 
| 243|0x0000000092d00000, 0x0000000092e00000, 0x0000000092e00000|100%| E|CS|TAMS 0x0000000092d00000| PB 0x0000000092d00000| Complete 
| 244|0x0000000092e00000, 0x0000000092f00000, 0x0000000092f00000|100%| E|CS|TAMS 0x0000000092e00000| PB 0x0000000092e00000| Complete 
| 245|0x0000000092f00000, 0x0000000093000000, 0x0000000093000000|100%| E|CS|TAMS 0x0000000092f00000| PB 0x0000000092f00000| Complete 
| 246|0x0000000093000000, 0x0000000093100000, 0x0000000093100000|100%| E|CS|TAMS 0x0000000093000000| PB 0x0000000093000000| Complete 
| 247|0x0000000093100000, 0x0000000093200000, 0x0000000093200000|100%| E|CS|TAMS 0x0000000093100000| PB 0x0000000093100000| Complete 
| 248|0x0000000093200000, 0x0000000093300000, 0x0000000093300000|100%| E|CS|TAMS 0x0000000093200000| PB 0x0000000093200000| Complete 
| 249|0x0000000093300000, 0x0000000093400000, 0x0000000093400000|100%| E|CS|TAMS 0x0000000093300000| PB 0x0000000093300000| Complete 
| 250|0x0000000093400000, 0x0000000093500000, 0x0000000093500000|100%| E|CS|TAMS 0x0000000093400000| PB 0x0000000093400000| Complete 
| 251|0x0000000093500000, 0x0000000093600000, 0x0000000093600000|100%| E|CS|TAMS 0x0000000093500000| PB 0x0000000093500000| Complete 
| 252|0x0000000093600000, 0x0000000093700000, 0x0000000093700000|100%| E|CS|TAMS 0x0000000093600000| PB 0x0000000093600000| Complete 
| 253|0x0000000093700000, 0x0000000093800000, 0x0000000093800000|100%| E|CS|TAMS 0x0000000093700000| PB 0x0000000093700000| Complete 
| 254|0x0000000093800000, 0x0000000093900000, 0x0000000093900000|100%| E|CS|TAMS 0x0000000093800000| PB 0x0000000093800000| Complete 
| 255|0x0000000093900000, 0x0000000093a00000, 0x0000000093a00000|100%| E|CS|TAMS 0x0000000093900000| PB 0x0000000093900000| Complete 
| 256|0x0000000093a00000, 0x0000000093b00000, 0x0000000093b00000|100%| E|CS|TAMS 0x0000000093a00000| PB 0x0000000093a00000| Complete 
| 257|0x0000000093b00000, 0x0000000093c00000, 0x0000000093c00000|100%| E|CS|TAMS 0x0000000093b00000| PB 0x0000000093b00000| Complete 
| 258|0x0000000093c00000, 0x0000000093d00000, 0x0000000093d00000|100%| E|CS|TAMS 0x0000000093c00000| PB 0x0000000093c00000| Complete 
| 259|0x0000000093d00000, 0x0000000093e00000, 0x0000000093e00000|100%| E|CS|TAMS 0x0000000093d00000| PB 0x0000000093d00000| Complete 
| 260|0x0000000093e00000, 0x0000000093f00000, 0x0000000093f00000|100%| E|CS|TAMS 0x0000000093e00000| PB 0x0000000093e00000| Complete 
| 261|0x0000000093f00000, 0x0000000094000000, 0x0000000094000000|100%| E|CS|TAMS 0x0000000093f00000| PB 0x0000000093f00000| Complete 
| 262|0x0000000094000000, 0x0000000094100000, 0x0000000094100000|100%| E|CS|TAMS 0x0000000094000000| PB 0x0000000094000000| Complete 
| 263|0x0000000094100000, 0x0000000094200000, 0x0000000094200000|100%| E|CS|TAMS 0x0000000094100000| PB 0x0000000094100000| Complete 
| 264|0x0000000094200000, 0x0000000094300000, 0x0000000094300000|100%| E|CS|TAMS 0x0000000094200000| PB 0x0000000094200000| Complete 
| 265|0x0000000094300000, 0x0000000094400000, 0x0000000094400000|100%| E|CS|TAMS 0x0000000094300000| PB 0x0000000094300000| Complete 
| 266|0x0000000094400000, 0x0000000094500000, 0x0000000094500000|100%| E|CS|TAMS 0x0000000094400000| PB 0x0000000094400000| Complete 
| 267|0x0000000094500000, 0x0000000094600000, 0x0000000094600000|100%| E|CS|TAMS 0x0000000094500000| PB 0x0000000094500000| Complete 
| 268|0x0000000094600000, 0x0000000094700000, 0x0000000094700000|100%| E|CS|TAMS 0x0000000094600000| PB 0x0000000094600000| Complete 
| 269|0x0000000094700000, 0x0000000094800000, 0x0000000094800000|100%| E|CS|TAMS 0x0000000094700000| PB 0x0000000094700000| Complete 
| 270|0x0000000094800000, 0x0000000094900000, 0x0000000094900000|100%| E|CS|TAMS 0x0000000094800000| PB 0x0000000094800000| Complete 
| 271|0x0000000094900000, 0x0000000094a00000, 0x0000000094a00000|100%| E|CS|TAMS 0x0000000094900000| PB 0x0000000094900000| Complete 
| 272|0x0000000094a00000, 0x0000000094b00000, 0x0000000094b00000|100%| E|CS|TAMS 0x0000000094a00000| PB 0x0000000094a00000| Complete 
| 273|0x0000000094b00000, 0x0000000094c00000, 0x0000000094c00000|100%| E|CS|TAMS 0x0000000094b00000| PB 0x0000000094b00000| Complete 
| 274|0x0000000094c00000, 0x0000000094d00000, 0x0000000094d00000|100%| E|CS|TAMS 0x0000000094c00000| PB 0x0000000094c00000| Complete 
| 275|0x0000000094d00000, 0x0000000094e00000, 0x0000000094e00000|100%| E|CS|TAMS 0x0000000094d00000| PB 0x0000000094d00000| Complete 
| 276|0x0000000094e00000, 0x0000000094f00000, 0x0000000094f00000|100%| E|CS|TAMS 0x0000000094e00000| PB 0x0000000094e00000| Complete 
| 277|0x0000000094f00000, 0x0000000095000000, 0x0000000095000000|100%| E|CS|TAMS 0x0000000094f00000| PB 0x0000000094f00000| Complete 
| 278|0x0000000095000000, 0x0000000095100000, 0x0000000095100000|100%| E|CS|TAMS 0x0000000095000000| PB 0x0000000095000000| Complete 
| 279|0x0000000095100000, 0x0000000095200000, 0x0000000095200000|100%| E|CS|TAMS 0x0000000095100000| PB 0x0000000095100000| Complete 
| 280|0x0000000095200000, 0x0000000095300000, 0x0000000095300000|100%| E|CS|TAMS 0x0000000095200000| PB 0x0000000095200000| Complete 

Card table byte_map: [0x000002c5dc3b0000,0x000002c5dc7a0000] _byte_map_base: 0x000002c5dbf93000

Marking Bits: (CMBitMap*) 0x000002c5c49f67b0
 Bits: [0x000002c5dcb90000, 0x000002c5deaa8000)

Polling page: 0x000002c5c28e0000

Metaspace:

Usage:
  Non-class:      4.51 MB used.
      Class:    479.01 KB used.
       Both:      4.98 MB used.

Virtual space:
  Non-class space:       64.00 MB reserved,       4.56 MB (  7%) committed,  1 nodes.
      Class space:        1.00 GB reserved,     512.00 KB ( <1%) committed,  1 nodes.
             Both:        1.06 GB reserved,       5.06 MB ( <1%) committed. 

Chunk freelists:
   Non-Class:  2.56 MB
       Class:  3.51 MB
        Both:  6.07 MB

MaxMetaspaceSize: unlimited
CompressedClassSpaceSize: 1.00 GB
Initial GC threshold: 21.00 MB
Current GC threshold: 21.00 MB
CDS: on
MetaspaceReclaimPolicy: balanced
 - commit_granule_bytes: 65536.
 - commit_granule_words: 8192.
 - virtual_space_node_default_size: 8388608.
 - enlarge_chunks_in_place: 1.
 - new_chunks_are_fully_committed: 0.
 - uncommit_free_chunks: 1.
 - use_allocation_guard: 0.


Internal statistics:

num_allocs_failed_limit: 0.
num_arena_births: 66.
num_arena_deaths: 0.
num_vsnodes_births: 2.
num_vsnodes_deaths: 0.
num_space_committed: 81.
num_space_uncommitted: 0.
num_chunks_returned_to_freelist: 0.
num_chunks_taken_from_freelist: 151.
num_chunk_merges: 0.
num_chunk_splits: 98.
num_chunks_enlarged: 59.
num_inconsistent_stats: 0.

CodeHeap 'non-profiled nmethods': size=120000Kb used=1143Kb max_used=1143Kb free=118856Kb
 bounds [0x000002c5d4540000, 0x000002c5d47b0000, 0x000002c5dba70000]
CodeHeap 'profiled nmethods': size=120000Kb used=2535Kb max_used=2535Kb free=117464Kb
 bounds [0x000002c5cca70000, 0x000002c5cccf0000, 0x000002c5d3fa0000]
CodeHeap 'non-nmethods': size=5760Kb used=1602Kb max_used=1637Kb free=4157Kb
 bounds [0x000002c5d3fa0000, 0x000002c5d4210000, 0x000002c5d4540000]
 total_blobs=2146 nmethods=1632 adapters=425
 compilation: enabled
              stopped_count=0, restarted_count=0
 full_count=0

Compilation events (20 events):
Event: 14.040 Thread 0x000002c5e6a43300 nmethod 1625 0x000002c5d4658410 code [0x000002c5d4658580, 0x000002c5d4658610]
Event: 14.040 Thread 0x000002c5e6a43300 1602       4       edu.cmu.sphinx.linguist.lextree.LexTreeLinguist$LexTreeHMMState::isEmitting (10 bytes)
Event: 14.040 Thread 0x000002c5e6a43300 nmethod 1602 0x000002c5d4658710 code [0x000002c5d4658880, 0x000002c5d4658938]
Event: 14.040 Thread 0x000002c5e6a43300 1631       4       edu.cmu.sphinx.linguist.lextree.LexTreeLinguist$LexTreeHMMState::getSmearProb (5 bytes)
Event: 14.040 Thread 0x000002c5e6a43300 nmethod 1631 0x000002c5d4658a10 code [0x000002c5d4658b80, 0x000002c5d4658c10]
Event: 14.040 Thread 0x000002c5e6a43300 1608       4       edu.cmu.sphinx.decoder.search.SimpleActiveListManager::add (51 bytes)
Event: 14.043 Thread 0x000002c5e6a43300 nmethod 1608 0x000002c5d4658d10 code [0x000002c5d4658ea0, 0x000002c5d46591b8]
Event: 14.043 Thread 0x000002c5e6a43300 1613       4       edu.cmu.sphinx.linguist.lextree.LexTreeLinguist$LexTreeState::getCachedArcs (128 bytes)
Event: 14.043 Thread 0x000002c5e6a43300 nmethod 1613 0x000002c5d4659410 code [0x000002c5d4659580, 0x000002c5d4659638]
Event: 14.043 Thread 0x000002c5e6a43300 1630       4       edu.cmu.sphinx.linguist.lextree.LexTreeLinguist$LexTreeHMMState::getWordHistory (5 bytes)
Event: 14.044 Thread 0x000002c5e6a43300 nmethod 1630 0x000002c5d4659710 code [0x000002c5d4659880, 0x000002c5d4659910]
Event: 14.044 Thread 0x000002c5e6a43300 1536       4       java.util.TimSort::sort (229 bytes)
Event: 14.044 Thread 0x000002c5e6a43300 nmethod 1536 0x000002c5d4659a10 code [0x000002c5d4659ba0, 0x000002c5d4659c98]
Event: 14.044 Thread 0x000002c5e6a43300 1555       4       java.util.LinkedList$ListItr::<init> (47 bytes)
Event: 14.047 Thread 0x000002c5e6a43300 nmethod 1555 0x000002c5d4659e10 code [0x000002c5d4659f80, 0x000002c5d465a280]
Event: 14.047 Thread 0x000002c5e6a43300 1542       4       java.util.Arrays::sort (37 bytes)
Event: 14.048 Thread 0x000002c5e6a43300 nmethod 1542 0x000002c5d465a410 code [0x000002c5d465a5a0, 0x000002c5d465a6a8]
Event: 14.048 Thread 0x000002c5e6a43300 1554       4       edu.cmu.sphinx.linguist.allphone.PhoneHmmSearchState::getScore (11 bytes)
Event: 14.051 Thread 0x000002c5e6a43300 nmethod 1554 0x000002c5d465a810 code [0x000002c5d465a9a0, 0x000002c5d465ae08]
Event: 14.075 Thread 0x000002c5e1723700 nmethod 1561 0x000002c5d465b010 code [0x000002c5d465b260, 0x000002c5d465cf20]

GC Heap History (20 events):
Event: 0.994 GC heap before
{Heap before GC invocations=1 (full 0):
 garbage-first heap   total 129024K, used 33789K [0x0000000083a00000, 0x0000000100000000)
  region size 1024K, 23 young (23552K), 3 survivors (3072K)
 Metaspace       used 3494K, committed 3648K, reserved 1114112K
  class space    used 321K, committed 384K, reserved 1048576K
}
Event: 1.000 GC heap after
{Heap after GC invocations=2 (full 0):
 garbage-first heap   total 129024K, used 13593K [0x0000000083a00000, 0x0000000100000000)
  region size 1024K, 1 young (1024K), 1 survivors (1024K)
 Metaspace       used 3494K, committed 3648K, reserved 1114112K
  class space    used 321K, committed 384K, reserved 1048576K
}
Event: 1.159 GC heap before
{Heap before GC invocations=2 (full 0):
 garbage-first heap   total 129024K, used 59673K [0x0000000083a00000, 0x0000000100000000)
  region size 1024K, 46 young (47104K), 1 survivors (1024K)
 Metaspace       used 3509K, committed 3648K, reserved 1114112K
  class space    used 321K, committed 384K, reserved 1048576K
}
Event: 1.161 GC heap after
{Heap after GC invocations=3 (full 0):
 garbage-first heap   total 129024K, used 13476K [0x0000000083a00000, 0x0000000100000000)
  region size 1024K, 1 young (1024K), 1 survivors (1024K)
 Metaspace       used 3509K, committed 3648K, reserved 1114112K
  class space    used 321K, committed 384K, reserved 1048576K
}
Event: 1.360 GC heap before
{Heap before GC invocations=3 (full 0):
 garbage-first heap   total 129024K, used 89252K [0x0000000083a00000, 0x0000000100000000)
  region size 1024K, 75 young (76800K), 1 survivors (1024K)
 Metaspace       used 3511K, committed 3648K, reserved 1114112K
  class space    used 321K, committed 384K, reserved 1048576K
}
Event: 1.362 GC heap after
{Heap after GC invocations=4 (full 0):
 garbage-first heap   total 129024K, used 13457K [0x0000000083a00000, 0x0000000100000000)
  region size 1024K, 1 young (1024K), 1 survivors (1024K)
 Metaspace       used 3511K, committed 3648K, reserved 1114112K
  class space    used 321K, committed 384K, reserved 1048576K
}
Event: 1.497 GC heap before
{Heap before GC invocations=4 (full 0):
 garbage-first heap   total 129024K, used 89233K [0x0000000083a00000, 0x0000000100000000)
  region size 1024K, 75 young (76800K), 1 survivors (1024K)
 Metaspace       used 3513K, committed 3648K, reserved 1114112K
  class space    used 321K, committed 384K, reserved 1048576K
}
Event: 1.500 GC heap after
{Heap after GC invocations=5 (full 0):
 garbage-first heap   total 129024K, used 13448K [0x0000000083a00000, 0x0000000100000000)
  region size 1024K, 1 young (1024K), 1 survivors (1024K)
 Metaspace       used 3513K, committed 3648K, reserved 1114112K
  class space    used 321K, committed 384K, reserved 1048576K
}
Event: 1.559 GC heap before
{Heap before GC invocations=5 (full 0):
 garbage-first heap   total 129024K, used 89224K [0x0000000083a00000, 0x0000000100000000)
  region size 1024K, 75 young (76800K), 1 survivors (1024K)
 Metaspace       used 3513K, committed 3648K, reserved 1114112K
  class space    used 321K, committed 384K, reserved 1048576K
}
Event: 1.562 GC heap after
{Heap after GC invocations=6 (full 0):
 garbage-first heap   total 155648K, used 13446K [0x0000000083a00000, 0x0000000100000000)
  region size 1024K, 1 young (1024K), 1 survivors (1024K)
 Metaspace       used 3513K, committed 3648K, reserved 1114112K
  class space    used 321K, committed 384K, reserved 1048576K
}
Event: 1.790 GC heap before
{Heap before GC invocations=6 (full 0):
 garbage-first heap   total 155648K, used 105606K [0x0000000083a00000, 0x0000000100000000)
  region size 1024K, 91 young (93184K), 1 survivors (1024K)
 Metaspace       used 3625K, committed 3840K, reserved 1114112K
  class space    used 332K, committed 448K, reserved 1048576K
}
Event: 1.806 GC heap after
{Heap after GC invocations=7 (full 0):
 garbage-first heap   total 155648K, used 21443K [0x0000000083a00000, 0x0000000100000000)
  region size 1024K, 8 young (8192K), 8 survivors (8192K)
 Metaspace       used 3625K, committed 3840K, reserved 1114112K
  class space    used 332K, committed 448K, reserved 1048576K
}
Event: 1.999 GC heap before
{Heap before GC invocations=7 (full 0):
 garbage-first heap   total 155648K, used 106435K [0x0000000083a00000, 0x0000000100000000)
  region size 1024K, 91 young (93184K), 8 survivors (8192K)
 Metaspace       used 3634K, committed 3840K, reserved 1114112K
  class space    used 332K, committed 448K, reserved 1048576K
}
Event: 2.019 GC heap after
{Heap after GC invocations=8 (full 0):
 garbage-first heap   total 155648K, used 32441K [0x0000000083a00000, 0x0000000100000000)
  region size 1024K, 11 young (11264K), 11 survivors (11264K)
 Metaspace       used 3634K, committed 3840K, reserved 1114112K
  class space    used 332K, committed 448K, reserved 1048576K
}
Event: 2.208 GC heap before
{Heap before GC invocations=8 (full 0):
 garbage-first heap   total 155648K, used 114361K [0x0000000083a00000, 0x0000000100000000)
  region size 1024K, 91 young (93184K), 11 survivors (11264K)
 Metaspace       used 3634K, committed 3840K, reserved 1114112K
  class space    used 332K, committed 448K, reserved 1048576K
}
Event: 2.230 GC heap after
{Heap after GC invocations=9 (full 0):
 garbage-first heap   total 155648K, used 41984K [0x0000000083a00000, 0x0000000100000000)
  region size 1024K, 11 young (11264K), 11 survivors (11264K)
 Metaspace       used 3634K, committed 3840K, reserved 1114112K
  class space    used 332K, committed 448K, reserved 1048576K
}
Event: 2.372 GC heap before
{Heap before GC invocations=9 (full 0):
 garbage-first heap   total 155648K, used 123904K [0x0000000083a00000, 0x0000000100000000)
  region size 1024K, 91 young (93184K), 11 survivors (11264K)
 Metaspace       used 3634K, committed 3840K, reserved 1114112K
  class space    used 332K, committed 448K, reserved 1048576K
}
Event: 2.398 GC heap after
{Heap after GC invocations=10 (full 0):
 garbage-first heap   total 287744K, used 52352K [0x0000000083a00000, 0x0000000100000000)
  region size 1024K, 11 young (11264K), 11 survivors (11264K)
 Metaspace       used 3634K, committed 3840K, reserved 1114112K
  class space    used 332K, committed 448K, reserved 1048576K
}
Event: 3.546 GC heap before
{Heap before GC invocations=10 (full 0):
 garbage-first heap   total 287744K, used 214144K [0x0000000083a00000, 0x0000000100000000)
  region size 1024K, 168 young (172032K), 11 survivors (11264K)
 Metaspace       used 4311K, committed 4544K, reserved 1114112K
  class space    used 410K, committed 512K, reserved 1048576K
}
Event: 3.569 GC heap after
{Heap after GC invocations=11 (full 0):
 garbage-first heap   total 287744K, used 70548K [0x0000000083a00000, 0x0000000100000000)
  region size 1024K, 21 young (21504K), 21 survivors (21504K)
 Metaspace       used 4311K, committed 4544K, reserved 1114112K
  class space    used 410K, committed 512K, reserved 1048576K
}

Dll operation events (7 events):
Event: 0.017 Loaded shared library C:\Program Files\Java\jdk-20\bin\java.dll
Event: 0.050 Loaded shared library C:\Program Files\Java\jdk-20\bin\jsvml.dll
Event: 0.090 Loaded shared library C:\Program Files\Java\jdk-20\bin\net.dll
Event: 0.092 Loaded shared library C:\Program Files\Java\jdk-20\bin\nio.dll
Event: 0.097 Loaded shared library C:\Program Files\Java\jdk-20\bin\zip.dll
Event: 0.130 Loaded shared library C:\Program Files\Java\jdk-20\bin\jimage.dll
Event: 2.594 Loaded shared library C:\Program Files\Java\jdk-20\bin\jsound.dll

Deoptimization events (20 events):
Event: 13.660 Thread 0x000002c5c4995720 Uncommon trap: trap_request=0xffffffde fr.pc=0x000002c5d46414b4 relative=0x0000000000000954
Event: 13.661 Thread 0x000002c5c4995720 Uncommon trap: reason=class_check action=maybe_recompile pc=0x000002c5d46414b4 method=java.util.TimSort.countRunAndMakeAscending([Ljava/lang/Object;IILjava/util/Comparator;)I @ 43 c2
Event: 13.662 Thread 0x000002c5c4995720 DEOPT PACKING pc=0x000002c5d46414b4 sp=0x000000e4a74fefc0
Event: 13.662 Thread 0x000002c5c4995720 DEOPT UNPACKING pc=0x000002c5d3fbd2a2 sp=0x000000e4a74fef78 mode 2
Event: 13.663 Thread 0x000002c5c4995720 Uncommon trap: trap_request=0xffffffde fr.pc=0x000002c5d46414b4 relative=0x0000000000000954
Event: 13.664 Thread 0x000002c5c4995720 Uncommon trap: reason=class_check action=maybe_recompile pc=0x000002c5d46414b4 method=java.util.TimSort.countRunAndMakeAscending([Ljava/lang/Object;IILjava/util/Comparator;)I @ 43 c2
Event: 13.665 Thread 0x000002c5c4995720 DEOPT PACKING pc=0x000002c5d46414b4 sp=0x000000e4a74fefc0
Event: 13.665 Thread 0x000002c5c4995720 DEOPT UNPACKING pc=0x000002c5d3fbd2a2 sp=0x000000e4a74fef78 mode 2
Event: 13.666 Thread 0x000002c5c4995720 Uncommon trap: trap_request=0xffffffde fr.pc=0x000002c5d46400a8 relative=0x00000000000008e8
Event: 13.666 Thread 0x000002c5c4995720 Uncommon trap: reason=class_check action=maybe_recompile pc=0x000002c5d46400a8 method=java.util.TimSort.binarySort([Ljava/lang/Object;IIILjava/util/Comparator;)V @ 93 c2
Event: 13.668 Thread 0x000002c5c4995720 DEOPT PACKING pc=0x000002c5d46400a8 sp=0x000000e4a74fefb0
Event: 13.668 Thread 0x000002c5c4995720 DEOPT UNPACKING pc=0x000002c5d3fbd2a2 sp=0x000000e4a74fef58 mode 2
Event: 13.668 Thread 0x000002c5c4995720 Uncommon trap: trap_request=0xffffffde fr.pc=0x000002c5d46400a8 relative=0x00000000000008e8
Event: 13.668 Thread 0x000002c5c4995720 Uncommon trap: reason=class_check action=maybe_recompile pc=0x000002c5d46400a8 method=java.util.TimSort.binarySort([Ljava/lang/Object;IIILjava/util/Comparator;)V @ 93 c2
Event: 13.669 Thread 0x000002c5c4995720 DEOPT PACKING pc=0x000002c5d46400a8 sp=0x000000e4a74fefb0
Event: 13.669 Thread 0x000002c5c4995720 DEOPT UNPACKING pc=0x000002c5d3fbd2a2 sp=0x000000e4a74fef58 mode 2
Event: 13.670 Thread 0x000002c5c4995720 Uncommon trap: trap_request=0xffffffde fr.pc=0x000002c5d46400a8 relative=0x00000000000008e8
Event: 13.670 Thread 0x000002c5c4995720 Uncommon trap: reason=class_check action=maybe_recompile pc=0x000002c5d46400a8 method=java.util.TimSort.binarySort([Ljava/lang/Object;IIILjava/util/Comparator;)V @ 93 c2
Event: 13.671 Thread 0x000002c5c4995720 DEOPT PACKING pc=0x000002c5d46400a8 sp=0x000000e4a74fefb0
Event: 13.671 Thread 0x000002c5c4995720 DEOPT UNPACKING pc=0x000002c5d3fbd2a2 sp=0x000000e4a74fef58 mode 2

Classes loaded (20 events):
Event: 6.116 Loading class java/util/concurrent/SynchronousQueue
Event: 6.116 Loading class java/util/concurrent/BlockingQueue
Event: 6.117 Loading class java/util/concurrent/BlockingQueue done
Event: 6.117 Loading class java/util/AbstractQueue
Event: 6.117 Loading class java/util/AbstractQueue done
Event: 6.117 Loading class java/util/concurrent/SynchronousQueue done
Event: 6.119 Loading class java/util/concurrent/SynchronousQueue$TransferStack
Event: 6.119 Loading class java/util/concurrent/SynchronousQueue$Transferer
Event: 6.119 Loading class java/util/concurrent/SynchronousQueue$Transferer done
Event: 6.119 Loading class java/util/concurrent/SynchronousQueue$TransferStack done
Event: 6.119 Loading class java/util/concurrent/SynchronousQueue$TransferStack$SNode
Event: 6.120 Loading class java/util/concurrent/SynchronousQueue$TransferStack$SNode done
Event: 6.121 Loading class java/lang/ProcessImpl$2
Event: 6.121 Loading class java/lang/ProcessImpl$2 done
Event: 6.121 Loading class java/lang/Process$PipeInputStream
Event: 6.122 Loading class java/lang/Process$PipeInputStream done
Event: 6.122 Loading class jdk/internal/event/ProcessStartEvent
Event: 6.122 Loading class jdk/internal/event/Event
Event: 6.122 Loading class jdk/internal/event/Event done
Event: 6.122 Loading class jdk/internal/event/ProcessStartEvent done

Classes unloaded (0 events):
No events

Classes redefined (0 events):
No events

Internal exceptions (5 events):
Event: 0.291 Thread 0x000002c5c4995720 Exception <a 'java/lang/NoSuchMethodError'{0x000000008b3fe8e8}: 'java.lang.Object java.lang.invoke.DirectMethodHandle$Holder.newInvokeSpecial(java.lang.Object, java.lang.Object, java.lang.Object, java.lang.Object, java.lang.Object)'> (0x000000008b3fe8e8) 
thrown [s\open\src\hotspot\share\interpreter\linkResolver.cpp, line 773]
Event: 6.101 Thread 0x000002c5c4995720 Exception <a 'java/lang/NoSuchMethodError'{0x000000009050c5a8}: 'void java.lang.invoke.DirectMethodHandle$Holder.invokeStatic(java.lang.Object, long)'> (0x000000009050c5a8) 
thrown [s\open\src\hotspot\share\interpreter\linkResolver.cpp, line 773]
Event: 6.105 Thread 0x000002c5c4995720 Exception <a 'java/lang/NoSuchMethodError'{0x00000000905117d0}: 'java.lang.Object java.lang.invoke.DirectMethodHandle$Holder.newInvokeSpecial(java.lang.Object, long)'> (0x00000000905117d0) 
thrown [s\open\src\hotspot\share\interpreter\linkResolver.cpp, line 773]
Event: 6.111 Thread 0x000002c5c4995720 Exception <a 'java/lang/NoSuchMethodError'{0x0000000090518fa8}: 'java.lang.Object java.lang.invoke.DirectMethodHandle$Holder.invokeStatic(java.lang.Object, long, java.lang.Object)'> (0x0000000090518fa8) 
thrown [s\open\src\hotspot\share\interpreter\linkResolver.cpp, line 773]
Event: 6.111 Thread 0x000002c5c4995720 Exception <a 'java/lang/NoSuchMethodError'{0x000000009051c480}: 'java.lang.Object java.lang.invoke.DirectMethodHandle$Holder.invokeStaticInit(java.lang.Object, long, java.lang.Object)'> (0x000000009051c480) 
thrown [s\open\src\hotspot\share\interpreter\linkResolver.cpp, line 773]

VM Operations (20 events):
Event: 2.208 Executing VM operation: G1CollectForAllocation
Event: 2.230 Executing VM operation: G1CollectForAllocation done
Event: 2.371 Executing VM operation: G1CollectForAllocation
Event: 2.398 Executing VM operation: G1CollectForAllocation done
Event: 3.409 Executing VM operation: Cleanup
Event: 3.409 Executing VM operation: Cleanup done
Event: 3.545 Executing VM operation: G1CollectForAllocation
Event: 3.570 Executing VM operation: G1CollectForAllocation done
Event: 4.580 Executing VM operation: Cleanup
Event: 4.580 Executing VM operation: Cleanup done
Event: 6.058 Executing VM operation: HandshakeAllThreads
Event: 6.058 Executing VM operation: HandshakeAllThreads done
Event: 6.058 Executing VM operation: Cleanup
Event: 6.059 Executing VM operation: Cleanup done
Event: 6.069 Executing VM operation: HandshakeAllThreads
Event: 6.069 Executing VM operation: HandshakeAllThreads done
Event: 7.083 Executing VM operation: Cleanup
Event: 7.083 Executing VM operation: Cleanup done
Event: 14.085 Executing VM operation: Cleanup
Event: 14.086 Executing VM operation: Cleanup done

Events (20 events):
Event: 1.606 Thread 0x000002c5e5e45d70 Thread exited: 0x000002c5e5e45d70
Event: 1.615 Thread 0x000002c5e5e45d70 Thread added: 0x000002c5e5e45d70
Event: 1.615 Thread 0x000002c5e5d1b6a0 Thread added: 0x000002c5e5d1b6a0
Event: 2.558 Thread 0x000002c5e5d1b6a0 Thread exited: 0x000002c5e5d1b6a0
Event: 2.559 Thread 0x000002c5e5e45d70 Thread exited: 0x000002c5e5e45d70
Event: 2.655 Thread 0x000002c5e6426ca0 Thread added: 0x000002c5e6426ca0
Event: 3.371 Thread 0x000002c5e69ec180 Thread added: 0x000002c5e69ec180
Event: 3.388 Thread 0x000002c5e69ecb20 Thread added: 0x000002c5e69ecb20
Event: 4.110 Thread 0x000002c5e69ecb20 Thread exited: 0x000002c5e69ecb20
Event: 4.237 Thread 0x000002c5e69ec180 Thread exited: 0x000002c5e69ec180
Event: 5.001 Thread 0x000002c5e69ec180 Thread added: 0x000002c5e69ec180
Event: 5.005 Thread 0x000002c5e5f782a0 Thread added: 0x000002c5e5f782a0
Event: 5.270 Thread 0x000002c5e5f782a0 Thread exited: 0x000002c5e5f782a0
Event: 5.400 Thread 0x000002c5e69ec180 Thread exited: 0x000002c5e69ec180
Event: 5.722 Thread 0x000002c5e6bab0b0 Thread added: 0x000002c5e6bab0b0
Event: 5.743 Thread 0x000002c5e5f985e0 Thread added: 0x000002c5e5f985e0
Event: 6.376 Thread 0x000002c5e6bab0b0 Thread exited: 0x000002c5e6bab0b0
Event: 6.376 Thread 0x000002c5e5f985e0 Thread exited: 0x000002c5e5f985e0
Event: 13.202 Thread 0x000002c5e6a43300 Thread added: 0x000002c5e6a43300
Event: 13.212 Thread 0x000002c5e6a43b70 Thread added: 0x000002c5e6a43b70


Dynamic libraries:
0x00007ff6bc090000 - 0x00007ff6bc0a0000 	C:\Program Files\Java\jdk-20\bin\javaw.exe
0x00007ffb94a70000 - 0x00007ffb94c87000 	C:\WINDOWS\SYSTEM32\ntdll.dll
0x00007ffb93ab0000 - 0x00007ffb93b74000 	C:\WINDOWS\System32\KERNEL32.DLL
0x00007ffb91e60000 - 0x00007ffb92205000 	C:\WINDOWS\System32\KERNELBASE.dll
0x00007ffb92210000 - 0x00007ffb92321000 	C:\WINDOWS\System32\ucrtbase.dll
0x00007ffb78d20000 - 0x00007ffb78d3b000 	C:\Program Files\Java\jdk-20\bin\VCRUNTIME140.dll
0x00007ffb8cda0000 - 0x00007ffb8cdb9000 	C:\Program Files\Java\jdk-20\bin\jli.dll
0x00007ffb93db0000 - 0x00007ffb93e61000 	C:\WINDOWS\System32\ADVAPI32.dll
0x00007ffb93100000 - 0x00007ffb931a7000 	C:\WINDOWS\System32\msvcrt.dll
0x00007ffb92e00000 - 0x00007ffb92ea6000 	C:\WINDOWS\System32\sechost.dll
0x00007ffb92fe0000 - 0x00007ffb930f7000 	C:\WINDOWS\System32\RPCRT4.dll
0x00007ffb941a0000 - 0x00007ffb9434e000 	C:\WINDOWS\System32\USER32.dll
0x00007ffb92790000 - 0x00007ffb927b6000 	C:\WINDOWS\System32\win32u.dll
0x00007ffb7a9f0000 - 0x00007ffb7ac83000 	C:\WINDOWS\WinSxS\amd64_microsoft.windows.common-controls_6595b64144ccf1df_6.0.22621.2506_none_270c5ae97388e100\COMCTL32.dll
0x00007ffb931b0000 - 0x00007ffb931d9000 	C:\WINDOWS\System32\GDI32.dll
0x00007ffb92560000 - 0x00007ffb92679000 	C:\WINDOWS\System32\gdi32full.dll
0x00007ffb92680000 - 0x00007ffb9271a000 	C:\WINDOWS\System32\msvcp_win.dll
0x00007ffb8ae80000 - 0x00007ffb8ae8a000 	C:\WINDOWS\SYSTEM32\VERSION.dll
0x00007ffb93cf0000 - 0x00007ffb93d21000 	C:\WINDOWS\System32\IMM32.DLL
0x00007ffb8ceb0000 - 0x00007ffb8cebc000 	C:\Program Files\Java\jdk-20\bin\vcruntime140_1.dll
0x00007ffb69810000 - 0x00007ffb6989e000 	C:\Program Files\Java\jdk-20\bin\msvcp140.dll
0x00007ffb4a310000 - 0x00007ffb4afa8000 	C:\Program Files\Java\jdk-20\bin\server\jvm.dll
0x00007ffb8a1e0000 - 0x00007ffb8a214000 	C:\WINDOWS\SYSTEM32\WINMM.dll
0x00007ffb8c3b0000 - 0x00007ffb8c3b9000 	C:\WINDOWS\SYSTEM32\WSOCK32.dll
0x00007ffb93d30000 - 0x00007ffb93da1000 	C:\WINDOWS\System32\WS2_32.dll
0x00007ffb90e00000 - 0x00007ffb90e18000 	C:\WINDOWS\SYSTEM32\kernel.appcore.dll
0x00007ffb8cc00000 - 0x00007ffb8cc0a000 	C:\Program Files\Java\jdk-20\bin\jimage.dll
0x00007ffb8f6b0000 - 0x00007ffb8f8e3000 	C:\WINDOWS\SYSTEM32\DBGHELP.DLL
0x00007ffb927c0000 - 0x00007ffb92b49000 	C:\WINDOWS\System32\combase.dll
0x00007ffb92f00000 - 0x00007ffb92fd7000 	C:\WINDOWS\System32\OLEAUT32.dll
0x00007ffb76930000 - 0x00007ffb76962000 	C:\WINDOWS\SYSTEM32\dbgcore.DLL
0x00007ffb91de0000 - 0x00007ffb91e5a000 	C:\WINDOWS\System32\bcryptPrimitives.dll
0x00007ffb75210000 - 0x00007ffb75236000 	C:\Program Files\Java\jdk-20\bin\java.dll
0x00007ffb69730000 - 0x00007ffb69807000 	C:\Program Files\Java\jdk-20\bin\jsvml.dll
0x00007ffb931e0000 - 0x00007ffb93a39000 	C:\WINDOWS\System32\SHELL32.dll
0x00007ffb8fcc0000 - 0x00007ffb905b4000 	C:\WINDOWS\SYSTEM32\windows.storage.dll
0x00007ffb8fa20000 - 0x00007ffb8fb5e000 	C:\WINDOWS\SYSTEM32\wintypes.dll
0x00007ffb94350000 - 0x00007ffb94443000 	C:\WINDOWS\System32\SHCORE.dll
0x00007ffb92d80000 - 0x00007ffb92dde000 	C:\WINDOWS\System32\shlwapi.dll
0x00007ffb91d10000 - 0x00007ffb91d36000 	C:\WINDOWS\SYSTEM32\profapi.dll
0x00007ffb75270000 - 0x00007ffb75283000 	C:\Program Files\Java\jdk-20\bin\net.dll
0x00007ffb8a0a0000 - 0x00007ffb8a1d7000 	C:\WINDOWS\SYSTEM32\WINHTTP.dll
0x00007ffb91330000 - 0x00007ffb91399000 	C:\WINDOWS\system32\mswsock.dll
0x00007ffb749c0000 - 0x00007ffb749d6000 	C:\Program Files\Java\jdk-20\bin\nio.dll
0x00007ffb765a0000 - 0x00007ffb765b8000 	C:\Program Files\Java\jdk-20\bin\zip.dll
0x00007ffb8e870000 - 0x00007ffb8e882000 	C:\Program Files\Java\jdk-20\bin\jsound.dll
0x00007ffb92be0000 - 0x00007ffb92d80000 	C:\WINDOWS\System32\ole32.dll
0x00007ffb658a0000 - 0x00007ffb65942000 	C:\WINDOWS\SYSTEM32\DSOUND.dll
0x00007ffb4e5d0000 - 0x00007ffb4e681000 	C:\WINDOWS\SYSTEM32\ResampleDmo.DLL
0x00007ffb90bf0000 - 0x00007ffb90c3d000 	C:\WINDOWS\SYSTEM32\powrprof.dll
0x00007ffb76850000 - 0x00007ffb76879000 	C:\WINDOWS\SYSTEM32\winmmbase.dll
0x00007ffb7c270000 - 0x00007ffb7c27b000 	C:\WINDOWS\SYSTEM32\msdmo.dll
0x00007ffb90bd0000 - 0x00007ffb90be3000 	C:\WINDOWS\SYSTEM32\UMPDC.dll
0x00007ffb8ecc0000 - 0x00007ffb8ed6b000 	C:\WINDOWS\system32\uxtheme.dll
0x00007ffb94980000 - 0x00007ffb94a30000 	C:\WINDOWS\System32\clbcatq.dll
0x00007ffb87c30000 - 0x00007ffb87ccd000 	C:\WINDOWS\System32\MMDevApi.dll
0x00007ffb91ac0000 - 0x00007ffb91aec000 	C:\WINDOWS\System32\DEVOBJ.dll
0x00007ffb91af0000 - 0x00007ffb91b3e000 	C:\WINDOWS\SYSTEM32\cfgmgr32.dll
0x00007ffb0d4e0000 - 0x00007ffb0d526000 	C:\WINDOWS\SYSTEM32\wdmaud.drv
0x00007ffb72dc0000 - 0x00007ffb72dc9000 	C:\WINDOWS\SYSTEM32\ksuser.dll
0x00007ffb8b970000 - 0x00007ffb8b97b000 	C:\WINDOWS\SYSTEM32\AVRT.dll
0x00007ffb7d380000 - 0x00007ffb7d56c000 	C:\WINDOWS\SYSTEM32\AUDIOSES.DLL
0x00007ffb5d6b0000 - 0x00007ffb5d6be000 	C:\WINDOWS\SYSTEM32\msacm32.drv
0x00007ffb0d4c0000 - 0x00007ffb0d4de000 	C:\WINDOWS\SYSTEM32\MSACM32.dll
0x00007ffb20470000 - 0x00007ffb2047b000 	C:\WINDOWS\SYSTEM32\midimap.dll
0x00007ffb8f3b0000 - 0x00007ffb8f3c5000 	C:\WINDOWS\SYSTEM32\resourcepolicyclient.dll

dbghelp: loaded successfully - version: 4.0.5 - missing functions: none
symbol engine: initialized successfully - sym options: 0x614 - pdb path: .;C:\Program Files\Java\jdk-20\bin;C:\WINDOWS\SYSTEM32;C:\WINDOWS\WinSxS\amd64_microsoft.windows.common-controls_6595b64144ccf1df_6.0.22621.2506_none_270c5ae97388e100;C:\Program Files\Java\jdk-20\bin\server

VM Arguments:
jvm_args: -Dfile.encoding=UTF-8 -Dstdout.encoding=UTF-8 -Dstderr.encoding=UTF-8 -XX:+ShowCodeDetailsInExceptionMessages 
java_command: com.rekildo.voice.VoiceAssistant
java_class_path (initial): C:\Users\saura\OneDrive\Desktop\Jarvis\jarvis\target\classes;C:\Users\saura\.m2\repository\de\sciss\sphinx4-data\1.0.0\sphinx4-data-1.0.0.jar;C:\Users\saura\.m2\repository\net\sf\phat\sphinx4-core\5prealpha\sphinx4-core-5prealpha.jar
Launcher Type: SUN_STANDARD

[Global flags]
     intx CICompilerCount                          = 4                                         {product} {ergonomic}
     uint ConcGCThreads                            = 3                                         {product} {ergonomic}
     uint G1ConcRefinementThreads                  = 10                                        {product} {ergonomic}
   size_t G1HeapRegionSize                         = 1048576                                   {product} {ergonomic}
    uintx GCDrainStackTargetSize                   = 64                                        {product} {ergonomic}
   size_t InitialHeapSize                          = 132120576                                 {product} {ergonomic}
   size_t MarkStackSize                            = 4194304                                   {product} {ergonomic}
   size_t MaxHeapSize                              = 2086666240                                {product} {ergonomic}
   size_t MaxNewSize                               = 1251999744                                {product} {ergonomic}
   size_t MinHeapDeltaBytes                        = 1048576                                   {product} {ergonomic}
   size_t MinHeapSize                              = 8388608                                   {product} {ergonomic}
    uintx NonNMethodCodeHeapSize                   = 5839372                                {pd product} {ergonomic}
    uintx NonProfiledCodeHeapSize                  = 122909434                              {pd product} {ergonomic}
    uintx ProfiledCodeHeapSize                     = 122909434                              {pd product} {ergonomic}
    uintx ReservedCodeCacheSize                    = 251658240                              {pd product} {ergonomic}
     bool SegmentedCodeCache                       = true                                      {product} {ergonomic}
     bool ShowCodeDetailsInExceptionMessages       = true                                   {manageable} {command line}
   size_t SoftMaxHeapSize                          = 2086666240                             {manageable} {ergonomic}
     bool UseCompressedClassPointers               = true                           {product lp64_product} {ergonomic}
     bool UseCompressedOops                        = true                           {product lp64_product} {ergonomic}
     bool UseG1GC                                  = true                                      {product} {ergonomic}
     bool UseLargePagesIndividualAllocation        = false                                  {pd product} {ergonomic}

Logging:
Log output configuration:
 #0: stdout all=warning uptime,level,tags foldmultilines=false
 #1: stderr all=off uptime,level,tags foldmultilines=false

Environment Variables:
PATH=C:\Program Files\Common Files\Oracle\Java\javapath;C:\Python311\Scripts\;C:\Python311\;C:\Windows\system32;C:\Windows;C:\Windows\System32\Wbem;C:\Windows\System32\WindowsPowerShell\v1.0\;C:\Windows\System32\OpenSSH\;C:\Program Files (x86)\NVIDIA Corporation\PhysX\Common;C:\Program Files\NVIDIA Corporation\NVIDIA NvDLISR;C:\WINDOWS\system32;C:\WINDOWS;C:\WINDOWS\System32\Wbem;C:\WINDOWS\System32\WindowsPowerShell\v1.0\;C:\WINDOWS\System32\OpenSSH\;C:\Program Files\MySQL\MySQL Server 8.0\bin;C:\php-8.2.3;C:\Program Files\Git\cmd;C:\ProgramData\chocolatey\bin;C:\Program Files\nodejs\;C:\Program Files\Java\jdk-20\bin;C:\Users\saura\AppData\Local\Microsoft\WindowsApps;C:\MinGW\bin;G:\extra\Microsoft VS Code\bin;G:\Brackets\;E:\extra\Microsoft VS Code\bin;C:\Users\saura\AppData\Roaming\npm;C:\Program Files\Java\jdk-20\bin;
USERNAME=saura
OS=Windows_NT
PROCESSOR_IDENTIFIER=Intel64 Family 6 Model 141 Stepping 1, GenuineIntel
TMP=C:\Users\saura\AppData\Local\Temp
TEMP=C:\Users\saura\AppData\Local\Temp




---------------  S Y S T E M  ---------------

OS:
 Windows 11 , 64 bit Build 22621 (10.0.22621.2506)
OS uptime: 0 days 1:04 hours
Hyper-V role detected

CPU: total 12 (initial active 12) (6 cores per cpu, 2 threads per core) family 6 model 141 stepping 1 microcode 0x3c, cx8, cmov, fxsr, ht, mmx, 3dnowpref, sse, sse2, sse3, ssse3, sse4.1, sse4.2, popcnt, lzcnt, tsc, tscinvbit, avx, avx2, aes, erms, clmul, bmi1, bmi2, adx, avx512f, avx512dq, avx512cd, avx512bw, avx512vl, sha, fma, vzeroupper, avx512_vpopcntdq, avx512_vpclmulqdq, avx512_vaes, avx512_vnni, clflush, clflushopt, clwb, avx512_vbmi2, avx512_vbmi, hv, rdtscp, rdpid, fsrm, gfni, avx512_bitalg, f16c, cet_ibt, cet_ss, avx512_ifma

Memory: 4k page, system-wide physical 7955M (774M free)
TotalPageFile size 10003M (AvailPageFile size 2M)
current process WorkingSet (physical memory assigned to process): 346M, peak: 349M
current process commit charge ("private bytes"): 399M, peak: 400M

vm_info: Java HotSpot(TM) 64-Bit Server VM (20.0.2+9-78) for windows-amd64 JRE (20.0.2+9-78), built on 2023-06-14T10:08:48Z by "mach5one" with MS VC++ 17.1 (VS2022)

END.
